{"/Users/macenstein/Work/redis-mock-js/redis-mock.js":{"path":"/Users/macenstein/Work/redis-mock-js/redis-mock.js","s":{"1":1,"2":1,"3":1,"4":1,"5":134919,"6":1,"7":1,"8":1,"9":1,"10":0,"11":1,"12":1,"13":9411,"14":1,"15":1,"16":133,"17":133,"18":133,"19":133,"20":133,"21":133,"22":133,"23":1,"24":702,"25":702,"26":7,"27":7,"28":702,"29":521,"30":521,"31":521,"32":702,"33":702,"34":702,"35":702,"36":702,"37":702,"38":1,"39":134,"40":134,"41":64,"42":70,"43":70,"44":70,"45":70,"46":42,"47":42,"48":70,"49":70,"50":70,"51":70,"52":1,"53":142,"54":17473,"55":142,"56":1,"57":10,"58":23,"59":10,"60":1,"61":133,"62":1,"63":1,"64":1,"65":1,"66":1,"67":1,"68":1,"69":1,"70":1,"71":1,"72":1,"73":98,"74":98,"75":98,"76":1,"77":0,"78":0,"79":98,"80":1,"81":83,"82":83,"83":83,"84":236,"85":236,"86":236,"87":22,"88":214,"89":48,"90":166,"91":68,"92":68,"93":1,"94":68,"95":0,"96":68,"97":194,"98":68,"99":0,"100":68,"101":68,"102":68,"103":1,"104":67,"105":0,"106":68,"107":98,"108":83,"109":1,"110":64975,"111":64975,"112":64975,"113":532,"114":532,"115":64975,"116":358,"117":64617,"118":1,"119":1473,"120":1473,"121":1473,"122":1473,"123":1473,"124":6037,"125":248,"126":5789,"127":5787,"128":1473,"129":1,"130":167,"131":1,"132":29429,"133":29429,"134":28680,"135":28680,"136":29113,"137":29113,"138":1209,"139":1209,"140":29429,"141":29429,"142":1722,"143":139,"144":1583,"145":1200,"146":1200,"147":2,"148":27707,"149":27691,"150":27691,"151":2,"152":29286,"153":1157,"154":1157,"155":16,"156":29270,"157":1,"158":116,"159":116,"160":116,"161":116,"162":116,"163":132,"164":130,"165":67,"166":63,"167":23,"168":40,"169":26,"170":14,"171":14,"172":130,"173":2,"174":116,"175":116,"176":2,"177":116,"178":132,"179":116,"180":1,"181":0,"182":1,"183":32160,"184":1,"185":12,"186":1,"187":8,"188":8,"189":1,"190":7,"191":7,"192":7,"193":38,"194":21,"195":17,"196":17,"197":10,"198":7,"199":8,"200":8,"201":4,"202":7,"203":7,"204":7,"205":2,"206":7,"207":7,"208":7,"209":2,"210":7,"211":1,"212":0,"213":1,"214":0,"215":1,"216":0,"217":1,"218":5,"219":1,"220":1,"221":4,"222":1,"223":39,"224":39,"225":31,"226":4,"227":31,"228":8,"229":23,"230":23,"231":23,"232":23,"233":18,"234":18,"235":31,"236":8,"237":1,"238":8,"239":8,"240":1,"241":8,"242":8,"243":3,"244":5,"245":1,"246":10,"247":1,"248":40,"249":40,"250":62,"251":10,"252":10,"253":52,"254":10,"255":10,"256":42,"257":10,"258":10,"259":32,"260":15,"261":32,"262":40,"263":10,"264":10,"265":1,"266":22,"267":22,"268":4,"269":18,"270":2,"271":16,"272":16,"273":4,"274":12,"275":4,"276":8,"277":4,"278":4,"279":4,"280":16,"281":16,"282":1,"283":12,"284":12,"285":2,"286":10,"287":10,"288":2,"289":8,"290":1,"291":0,"292":1,"293":0,"294":1,"295":8,"296":8,"297":3,"298":5,"299":1,"300":2229,"301":2142,"302":2142,"303":199,"304":199,"305":1943,"306":1502,"307":366,"308":1136,"309":562,"310":574,"311":574,"312":2142,"313":87,"314":1,"315":4,"316":4,"317":4,"318":4,"319":4,"320":4,"321":4,"322":0,"323":4,"324":0,"325":4,"326":4,"327":4,"328":4,"329":16,"330":16,"331":12,"332":4,"333":4,"334":2,"335":2,"336":2,"337":0,"338":4,"339":2,"340":2,"341":2,"342":1,"343":1,"344":1,"345":0,"346":4,"347":2,"348":2,"349":2,"350":1,"351":1,"352":1,"353":0,"354":4,"355":2,"356":2,"357":2,"358":1,"359":1,"360":1,"361":0,"362":4,"363":3,"364":4,"365":1,"366":6,"367":2,"368":2,"369":2,"370":4,"371":1,"372":22,"373":22,"374":22,"375":22,"376":17,"377":17,"378":22,"379":18,"380":18,"381":3,"382":18,"383":3,"384":18,"385":3,"386":18,"387":0,"388":18,"389":0,"390":18,"391":0,"392":18,"393":18,"394":36,"395":36,"396":216,"397":216,"398":18,"399":2,"400":1,"401":14,"402":14,"403":14,"404":14,"405":14,"406":0,"407":14,"408":14,"409":31,"410":2,"411":29,"412":14,"413":30,"414":2,"415":12,"416":27,"417":12,"418":27,"419":0,"420":27,"421":12,"422":27,"423":27,"424":27,"425":69,"426":15,"427":54,"428":15,"429":39,"430":15,"431":9,"432":6,"433":24,"434":24,"435":69,"436":27,"437":12,"438":12,"439":0,"440":12,"441":1,"442":30,"443":30,"444":30,"445":30,"446":16,"447":16,"448":30,"449":14,"450":30,"451":0,"452":30,"453":4,"454":2,"455":2,"456":24,"457":24,"458":0,"459":24,"460":16,"461":16,"462":24,"463":0,"464":24,"465":0,"466":24,"467":49,"468":49,"469":49,"470":350,"471":6,"472":344,"473":6,"474":338,"475":338,"476":12,"477":6,"478":6,"479":4,"480":2,"481":1,"482":8,"483":1,"484":16,"485":4,"486":12,"487":12,"488":4,"489":8,"490":8,"491":1,"492":172,"493":137,"494":35,"495":1,"496":31,"497":27,"498":27,"499":4,"500":23,"501":23,"502":23,"503":2,"504":1,"505":16,"506":9,"507":9,"508":4,"509":9,"510":2,"511":7,"512":9,"513":2,"514":1,"515":6,"516":6,"517":6,"518":1,"519":8,"520":1,"521":16,"522":4,"523":12,"524":12,"525":4,"526":8,"527":8,"528":1,"529":8,"530":2,"531":6,"532":6,"533":2,"534":4,"535":4,"536":1,"537":3,"538":3,"539":3,"540":3,"541":11,"542":1,"543":8,"544":8,"545":8,"546":8,"547":8,"548":48,"549":24,"550":8,"551":24,"552":8,"553":1,"554":4,"555":4,"556":4,"557":4,"558":4,"559":24,"560":12,"561":4,"562":10,"563":1,"564":3,"565":9,"566":3,"567":1,"568":1,"569":1,"570":1,"571":1,"572":279,"573":279,"574":279,"575":279,"576":570,"577":4,"578":566,"579":4,"580":562,"581":1,"582":561,"583":1,"584":279,"585":4,"586":2,"587":277,"588":4,"589":2,"590":275,"591":275,"592":1,"593":275,"594":1,"595":275,"596":1,"597":14,"598":0,"599":13,"600":13,"601":13,"602":13,"603":13,"604":2,"605":11,"606":8,"607":11,"608":11,"609":11,"610":11,"611":32,"612":32,"613":11,"614":11,"615":6,"616":5,"617":11,"618":11,"619":1,"620":1,"621":1,"622":1,"623":1,"624":4,"625":2,"626":2,"627":2,"628":1,"629":6,"630":0,"631":5,"632":5,"633":2,"634":20,"635":5,"636":5,"637":15,"638":5,"639":5,"640":5,"641":1,"642":6,"643":2,"644":4,"645":2,"646":0,"647":1,"648":4,"649":4,"650":4,"651":4,"652":4,"653":4,"654":4,"655":3151,"656":1,"657":3150,"658":12428,"659":12428,"660":1,"661":1,"662":12427,"663":2,"664":2,"665":12425,"666":3,"667":3147,"668":4,"669":1,"670":1,"671":4,"672":4,"673":1,"674":4,"675":4,"676":4,"677":4,"678":4,"679":4,"680":4,"681":3143,"682":1,"683":3142,"684":12264,"685":12264,"686":1,"687":1,"688":12263,"689":2,"690":2,"691":12261,"692":3,"693":3139,"694":4,"695":1,"696":1,"697":4,"698":4,"699":1,"700":4,"701":4,"702":4,"703":2540,"704":2540,"705":1,"706":2539,"707":2539,"708":1,"709":2538,"710":2,"711":2,"712":2536,"713":4,"714":1,"715":1,"716":4,"717":4,"718":1,"719":48,"720":48,"721":42,"722":33,"723":9,"724":8,"725":46,"726":1,"727":10,"728":6,"729":6,"730":4,"731":2,"732":2,"733":2,"734":4,"735":2,"736":2,"737":1,"738":27291,"739":42,"740":27244,"741":1,"742":9,"743":5,"744":5,"745":3,"746":5,"747":2,"748":1,"749":71,"750":71,"751":71,"752":60,"753":69,"754":77,"755":69,"756":1,"757":6,"758":2,"759":2,"760":2,"761":1,"762":9,"763":9,"764":7,"765":2,"766":5,"767":3,"768":5,"769":4,"770":5,"771":1,"772":4,"773":7,"774":1,"775":10,"776":10,"777":6,"778":6,"779":10,"780":10,"781":4,"782":6,"783":6,"784":6,"785":2,"786":6,"787":2,"788":8,"789":1,"790":9,"791":4,"792":2,"793":2,"794":2,"795":2,"796":1,"797":12,"798":9,"799":9,"800":4,"801":5,"802":2,"803":2,"804":2,"805":1,"806":2,"807":2,"808":5,"809":2,"810":5,"811":11,"812":5,"813":11,"814":1,"815":13,"816":7,"817":7,"818":5,"819":7,"820":4,"821":1,"822":10,"823":10,"824":2,"825":8,"826":3,"827":5,"828":5,"829":0,"830":5,"831":3,"832":3,"833":0,"834":5,"835":1,"836":29,"837":29,"838":29,"839":15,"840":27,"841":27,"842":1,"843":6,"844":2,"845":2,"846":2,"847":1,"848":127,"849":127,"850":127,"851":127,"852":96,"853":125,"854":439,"855":439,"856":0,"857":439,"858":438,"859":438,"860":125,"861":1,"862":31,"863":22,"864":7,"865":1,"866":12,"867":12,"868":12,"869":12,"870":26,"871":4,"872":8,"873":0,"874":8,"875":12,"876":40,"877":1,"878":6,"879":6,"880":6,"881":6,"882":2,"883":4,"884":2,"885":4,"886":4,"887":1,"888":12,"889":12,"890":12,"891":12,"892":26,"893":4,"894":8,"895":0,"896":8,"897":12,"898":32,"899":1,"900":6,"901":6,"902":6,"903":6,"904":6,"905":2,"906":4,"907":2,"908":4,"909":5,"910":4,"911":1,"912":26,"913":19,"914":5,"915":1,"916":104,"917":100,"918":2,"919":1,"920":8,"921":8,"922":2,"923":6,"924":2,"925":4,"926":4,"927":0,"928":4,"929":2,"930":2,"931":0,"932":4,"933":1,"934":7,"935":7,"936":7,"937":2,"938":5,"939":5,"940":0,"941":5,"942":1,"943":17,"944":17,"945":17,"946":4,"947":4,"948":17,"949":1,"950":1,"951":17,"952":9,"953":9,"954":9,"955":9,"956":0,"957":9,"958":4,"959":4,"960":19,"961":19,"962":4,"963":15,"964":8,"965":8,"966":2,"967":4,"968":5,"969":4,"970":1,"971":19,"972":19,"973":19,"974":19,"975":13,"976":15,"977":15,"978":10,"979":10,"980":13,"981":5,"982":17,"983":1,"984":13,"985":13,"986":13,"987":13,"988":27,"989":5,"990":8,"991":0,"992":8,"993":20,"994":58,"995":40,"996":20,"997":1,"998":6,"999":6,"1000":6,"1001":6,"1002":6,"1003":2,"1004":4,"1005":2,"1006":4,"1007":20,"1008":4,"1009":1,"1010":72,"1011":72,"1012":72,"1013":272,"1014":40,"1015":272,"1016":24,"1017":72,"1018":32,"1019":72,"1020":72,"1021":70,"1022":70,"1023":555,"1024":379,"1025":555,"1026":555,"1027":70,"1028":12,"1029":70,"1030":1,"1031":218,"1032":218,"1033":218,"1034":218,"1035":132,"1036":217,"1037":1404,"1038":702,"1039":702,"1040":1404,"1041":702,"1042":702,"1043":217,"1044":1,"1045":83,"1046":73,"1047":8,"1048":1,"1049":10,"1050":6,"1051":16,"1052":9,"1053":6,"1054":2,"1055":1,"1056":7,"1057":1,"1058":5,"1059":5,"1060":2,"1061":2,"1062":3,"1063":3,"1064":3,"1065":3,"1066":1,"1067":12,"1068":12,"1069":12,"1070":12,"1071":12,"1072":12,"1073":12,"1074":73,"1075":2,"1076":10,"1077":90,"1078":90,"1079":4,"1080":4,"1081":16,"1082":16,"1083":4,"1084":16,"1085":16,"1086":86,"1087":4,"1088":10,"1089":5,"1090":10,"1091":10,"1092":10,"1093":32,"1094":32,"1095":32,"1096":32,"1097":220,"1098":110,"1099":110,"1100":110,"1101":3,"1102":107,"1103":43,"1104":107,"1105":107,"1106":24,"1107":83,"1108":24,"1109":59,"1110":107,"1111":32,"1112":68,"1113":40,"1114":28,"1115":14,"1116":14,"1117":62,"1118":31,"1119":31,"1120":31,"1121":10,"1122":1,"1123":8,"1124":8,"1125":2,"1126":6,"1127":1,"1128":57,"1129":57,"1130":44,"1131":44,"1132":57,"1133":2,"1134":57,"1135":42,"1136":57,"1137":53,"1138":53,"1139":53,"1140":61,"1141":51,"1142":10,"1143":10,"1144":10,"1145":53,"1146":147,"1147":147,"1148":147,"1149":147,"1150":4,"1151":143,"1152":0,"1153":0,"1154":143,"1155":143,"1156":165,"1157":165,"1158":143,"1159":308,"1160":165,"1161":308,"1162":143,"1163":27,"1164":143,"1165":128,"1166":148,"1167":148,"1168":143,"1169":143,"1170":53,"1171":2,"1172":1,"1173":1,"1174":76,"1175":40,"1176":4,"1177":36,"1178":0,"1179":28,"1180":28,"1181":28,"1182":28,"1183":28,"1184":2,"1185":26,"1186":0,"1187":26,"1188":26,"1189":185,"1190":9,"1191":176,"1192":103,"1193":73,"1194":5,"1195":68,"1196":6,"1197":26,"1198":115,"1199":26,"1200":1,"1201":13,"1202":13,"1203":4,"1204":9,"1205":1,"1206":33,"1207":33,"1208":33,"1209":33,"1210":33,"1211":33,"1212":29,"1213":29,"1214":13,"1215":5,"1216":13,"1217":2,"1218":13,"1219":2,"1220":2,"1221":33,"1222":1,"1223":33,"1224":1,"1225":33,"1226":1,"1227":33,"1228":1,"1229":33,"1230":4,"1231":4,"1232":33,"1233":4,"1234":4,"1235":33,"1236":33,"1237":33,"1238":23,"1239":92,"1240":92,"1241":118,"1242":0,"1243":118,"1244":56,"1245":3,"1246":3,"1247":3,"1248":3,"1249":2,"1250":0,"1251":53,"1252":51,"1253":51,"1254":10,"1255":118,"1256":118,"1257":92,"1258":92,"1259":11,"1260":92,"1261":20,"1262":12,"1263":72,"1264":92,"1265":92,"1266":2,"1267":90,"1268":23,"1269":4,"1270":1,"1271":9,"1272":3,"1273":3,"1274":3,"1275":3,"1276":6,"1277":3,"1278":3,"1279":3,"1280":3,"1281":0,"1282":3,"1283":3,"1284":1,"1285":63,"1286":63,"1287":63,"1288":59,"1289":127,"1290":59,"1291":4,"1292":59,"1293":2,"1294":1,"1295":6,"1296":6,"1297":6,"1298":2,"1299":4,"1300":15,"1301":4,"1302":1,"1303":6,"1304":4,"1305":4,"1306":4,"1307":4,"1308":4,"1309":4,"1310":4,"1311":1,"1312":4,"1313":2,"1314":4,"1315":4,"1316":4,"1317":14,"1318":14,"1319":14,"1320":22,"1321":15,"1322":22,"1323":0,"1324":14,"1325":4,"1326":4,"1327":15,"1328":4,"1329":0,"1330":1,"1331":5,"1332":5,"1333":5,"1334":2,"1335":3,"1336":14,"1337":3,"1338":1,"1339":14,"1340":14,"1341":2,"1342":2,"1343":14,"1344":2,"1345":14,"1346":2,"1347":14,"1348":10,"1349":10,"1350":10,"1351":17,"1352":8,"1353":9,"1354":9,"1355":9,"1356":10,"1357":21,"1358":21,"1359":21,"1360":21,"1361":2,"1362":19,"1363":0,"1364":0,"1365":19,"1366":19,"1367":19,"1368":19,"1369":19,"1370":19,"1371":0,"1372":19,"1373":5,"1374":5,"1375":5,"1376":19,"1377":19,"1378":10,"1379":2,"1380":1,"1381":11,"1382":11,"1383":11,"1384":11,"1385":11,"1386":11,"1387":11,"1388":11,"1389":2,"1390":9,"1391":9,"1392":29,"1393":2,"1394":10,"1395":5,"1396":5,"1397":9,"1398":1,"1399":5,"1400":3,"1401":3,"1402":3,"1403":3,"1404":3,"1405":6,"1406":6,"1407":3,"1408":0,"1409":1,"1410":1,"1411":51,"1412":47,"1413":47,"1414":22,"1415":47,"1416":2,"1417":1,"1418":12,"1419":12,"1420":12,"1421":12,"1422":12,"1423":12,"1424":12,"1425":45,"1426":2,"1427":10,"1428":90,"1429":90,"1430":4,"1431":4,"1432":16,"1433":16,"1434":4,"1435":16,"1436":16,"1437":86,"1438":4,"1439":10,"1440":5,"1441":10,"1442":10,"1443":10,"1444":32,"1445":32,"1446":32,"1447":32,"1448":32,"1449":32,"1450":268,"1451":134,"1452":134,"1453":134,"1454":134,"1455":134,"1456":20,"1457":20,"1458":114,"1459":42,"1460":114,"1461":21,"1462":93,"1463":32,"1464":61,"1465":114,"1466":32,"1467":139,"1468":10,"1469":129,"1470":15,"1471":15,"1472":8,"1473":15,"1474":32,"1475":58,"1476":36,"1477":22,"1478":11,"1479":11,"1480":88,"1481":44,"1482":44,"1483":44,"1484":10,"1485":1,"1486":58,"1487":58,"1488":58,"1489":190,"1490":27,"1491":190,"1492":10,"1493":58,"1494":31,"1495":58,"1496":58,"1497":56,"1498":56,"1499":56,"1500":2225,"1501":2225,"1502":431,"1503":317,"1504":431,"1505":2225,"1506":40,"1507":2185,"1508":2185,"1509":2225,"1510":40,"1511":2185,"1512":56,"1513":317,"1514":56,"1515":9,"1516":56,"1517":1,"1518":10,"1519":10,"1520":10,"1521":10,"1522":6,"1523":16,"1524":7,"1525":7,"1526":6,"1527":0,"1528":8,"1529":1,"1530":24,"1531":20,"1532":2,"1533":1,"1534":63,"1535":59,"1536":2,"1537":1,"1538":5,"1539":2,"1540":6,"1541":6,"1542":6,"1543":2,"1544":1,"1545":1,"1546":70,"1547":70,"1548":4223,"1549":4223,"1550":70,"1551":0,"1552":1,"1553":8,"1554":8,"1555":2,"1556":6,"1557":6,"1558":2,"1559":4,"1560":4,"1561":2,"1562":2,"1563":4,"1564":1,"1565":8,"1566":2,"1567":6,"1568":6,"1569":2,"1570":4,"1571":4,"1572":2,"1573":2,"1574":4,"1575":1,"1576":30,"1577":20,"1578":40,"1579":6,"1580":1,"1581":24,"1582":24,"1583":2,"1584":22,"1585":1,"1586":6,"1587":6,"1588":6,"1589":2,"1590":2,"1591":10,"1592":2,"1593":2,"1594":1,"1595":19,"1596":19,"1597":19,"1598":15,"1599":17,"1600":17,"1601":17,"1602":2,"1603":6,"1604":15,"1605":15,"1606":556,"1607":278,"1608":278,"1609":556,"1610":278,"1611":17,"1612":1,"1613":337,"1614":337,"1615":304,"1616":9,"1617":295,"1618":29,"1619":29,"1620":333,"1621":333,"1622":1,"1623":3,"1624":3,"1625":2,"1626":2,"1627":2,"1628":0,"1629":1,"1630":1,"1631":3,"1632":1,"1633":3,"1634":1,"1635":6,"1636":1,"1637":3,"1638":1,"1639":2,"1640":1,"1641":6,"1642":6,"1643":2,"1644":6,"1645":6,"1646":4,"1647":1,"1648":72,"1649":72,"1650":72,"1651":272,"1652":40,"1653":272,"1654":24,"1655":72,"1656":32,"1657":72,"1658":72,"1659":70,"1660":70,"1661":1061,"1662":506,"1663":555,"1664":379,"1665":555,"1666":555,"1667":70,"1668":379,"1669":70,"1670":12,"1671":70,"1672":1,"1673":29,"1674":0,"1675":29,"1676":29,"1677":29,"1678":29,"1679":1,"1680":89,"1681":89,"1682":45,"1683":45,"1684":45,"1685":1,"1686":42,"1687":42,"1688":1,"1689":26,"1690":26,"1691":26,"1692":1,"1693":16,"1694":16,"1695":16,"1696":16,"1697":1,"1698":951,"1699":19,"1700":932,"1701":16,"1702":916,"1703":1,"1704":951,"1705":35,"1706":19,"1707":19,"1708":16,"1709":16,"1710":16,"1711":916,"1712":1,"1713":12,"1714":6,"1715":12,"1716":6,"1717":12,"1718":1,"1719":9,"1720":9,"1721":9,"1722":9,"1723":16,"1724":9,"1725":1,"1726":9,"1727":9,"1728":9,"1729":4,"1730":2,"1731":4,"1732":34,"1733":9,"1734":25,"1735":34,"1736":5,"1737":2,"1738":5,"1739":80,"1740":10,"1741":70,"1742":5,"1743":3,"1744":2,"1745":38,"1746":14,"1747":24,"1748":9,"1749":9,"1750":1,"1751":39,"1752":951,"1753":35,"1754":916,"1755":39,"1756":1,"1757":5,"1758":5,"1759":5,"1760":5,"1761":5,"1762":1,"1763":29,"1764":26,"1765":3,"1766":3,"1767":3,"1768":3,"1769":4,"1770":4,"1771":108,"1772":104,"1773":4,"1774":3,"1775":3,"1776":3,"1777":1,"1778":5,"1779":1,"1780":14,"1781":14,"1782":14,"1783":14,"1784":26,"1785":14,"1786":1,"1787":5,"1788":5,"1789":5,"1790":5,"1791":5,"1792":1,"1793":33,"1794":30,"1795":3,"1796":3,"1797":3,"1798":3,"1799":4,"1800":4,"1801":124,"1802":120,"1803":4,"1804":3,"1805":3,"1806":4,"1807":5,"1808":1,"1809":2,"1810":1,"1811":12,"1812":12,"1813":12,"1814":12,"1815":1,"1816":3,"1817":3,"1818":3,"1819":0,"1820":3,"1821":3,"1822":12,"1823":2098,"1824":29,"1825":29,"1826":14,"1827":0,"1828":14,"1829":29,"1830":29,"1831":12,"1832":12,"1833":23,"1834":23,"1835":6,"1836":17,"1837":6,"1838":6,"1839":6,"1840":17,"1841":6,"1842":6,"1843":12,"1844":1,"1845":1,"1846":1,"1847":12,"1848":1,"1849":13,"1850":13,"1851":38,"1852":7,"1853":10,"1854":7,"1855":5,"1856":13,"1857":1,"1858":7,"1859":5,"1860":7,"1861":7,"1862":1,"1863":0,"1864":1,"1865":0,"1866":1,"1867":0,"1868":1,"1869":0,"1870":1,"1871":0,"1872":1,"1873":0,"1874":1,"1875":6,"1876":2,"1877":4,"1878":2,"1879":2,"1880":1,"1881":2,"1882":1,"1883":2,"1884":1,"1885":2,"1886":1,"1887":0,"1888":1,"1889":29,"1890":1,"1891":0,"1892":1,"1893":0,"1894":1,"1895":0,"1896":1,"1897":0,"1898":1,"1899":0,"1900":1,"1901":0,"1902":1,"1903":0,"1904":1,"1905":0,"1906":1,"1907":0,"1908":1,"1909":0,"1910":1,"1911":0,"1912":1,"1913":0,"1914":1,"1915":0,"1916":1,"1917":0,"1918":1,"1919":0,"1920":1,"1921":0,"1922":1,"1923":6,"1924":6,"1925":27,"1926":18,"1927":9,"1928":9,"1929":6,"1930":3,"1931":3,"1932":6,"1933":2,"1934":2,"1935":6,"1936":1,"1937":1,"1938":6,"1939":1,"1940":0,"1941":1,"1942":0,"1943":1,"1944":0,"1945":1,"1946":9,"1947":9,"1948":9,"1949":9,"1950":9,"1951":11,"1952":1,"1953":9,"1954":9,"1955":1,"1956":0,"1957":1,"1958":0,"1959":1,"1960":0,"1961":1,"1962":0,"1963":1,"1964":0,"1965":1,"1966":0,"1967":1,"1968":0,"1969":1,"1970":0,"1971":1,"1972":0,"1973":1,"1974":2,"1975":2,"1976":2,"1977":2,"1978":0,"1979":0,"1980":0,"1981":0,"1982":0,"1983":0,"1984":0,"1985":2,"1986":2,"1987":0,"1988":2,"1989":1,"1990":1,"1991":1,"1992":1,"1993":171,"1994":170,"1995":170,"1996":1,"1997":170,"1998":94723,"1999":130,"2000":94593,"2001":1,"2002":48,"2003":48,"2004":1624,"2005":1624,"2006":4,"2007":1624,"2008":1,"2009":1763,"2010":20,"2011":20,"2012":20,"2013":20,"2014":0,"2015":20,"2016":4,"2017":4,"2018":20,"2019":20,"2020":1,"2021":0,"2022":1,"2023":19,"2024":4,"2025":19,"2026":20,"2027":20,"2028":20,"2029":0,"2030":20,"2031":1,"2032":7,"2033":7,"2034":1778,"2035":1763,"2036":1763,"2037":1763,"2038":1,"2039":31,"2040":31,"2041":5270,"2042":72,"2043":31,"2044":31,"2045":31,"2046":1,"2047":2,"2048":0,"2049":2,"2050":2,"2051":2,"2052":2,"2053":2,"2054":728,"2055":658,"2056":2,"2057":658,"2058":11,"2059":2,"2060":1,"2061":2,"2062":1,"2063":1,"2064":0,"2065":0,"2066":0,"2067":0,"2068":0,"2069":0,"2070":0,"2071":0,"2072":0,"2073":0,"2074":0,"2075":0,"2076":0,"2077":0},"b":{"1":[134919,12546],"2":[1,0],"3":[1,0],"4":[1,1],"5":[1,0],"6":[1,0],"7":[7,695],"8":[521,181],"9":[64,70],"10":[42,28],"11":[0,0],"12":[83,0],"13":[22,214],"14":[48,166],"15":[68,98],"16":[1,67],"17":[68,68],"18":[0,68],"19":[68,68],"20":[262,262],"21":[0,68],"22":[1,67],"23":[0,67],"24":[532,64443],"25":[64975,542],"26":[358,64617],"27":[248,5789],"28":[6037,5150],"29":[5787,2],"30":[1722,27707],"31":[139,1583],"32":[1200,383],"33":[2,1198],"34":[1200,742],"35":[27691,16],"36":[2,27689],"37":[27691,24],"38":[1157,28129],"39":[16,1141],"40":[1157,1109],"41":[130,2],"42":[67,63],"43":[23,40],"44":[26,14],"45":[14,0],"46":[2,114],"47":[4222,27938],"48":[32160,30884,30182,29108],"49":[21,17],"50":[38,31,24],"51":[17,0],"52":[10,7],"53":[8,0],"54":[4,4],"55":[7,0],"56":[2,5],"57":[7,0],"58":[2,5],"59":[1,4],"60":[5,3],"61":[31,8],"62":[4,27],"63":[8,23],"64":[3,5],"65":[2,3],"66":[10,52],"67":[10,42],"68":[10,32],"69":[15,17],"70":[4,18],"71":[2,16],"72":[4,12],"73":[16,12],"74":[4,8],"75":[4,4],"76":[4,0],"77":[2,10],"78":[2,8],"79":[3,5],"80":[2,3],"81":[2142,87],"82":[199,1943],"83":[199,0],"84":[1502,441],"85":[366,1136],"86":[1502,366],"87":[562,574],"88":[1136,562],"89":[574,0],"90":[574,574],"91":[0,4],"92":[0,4],"93":[4,0],"94":[4,0],"95":[16,0],"96":[12,4],"97":[16,12,8],"98":[2,2],"99":[2,0],"100":[2,0],"101":[0,2],"102":[2,0],"103":[1,1],"104":[1,0],"105":[1,0],"106":[0,1],"107":[2,0],"108":[1,1],"109":[1,0],"110":[1,0],"111":[0,1],"112":[2,0],"113":[1,1],"114":[1,0],"115":[1,0],"116":[0,1],"117":[3,1],"118":[17,5],"119":[3,15],"120":[3,15],"121":[3,15],"122":[0,18],"123":[0,18],"124":[0,18],"125":[14,0],"126":[0,14],"127":[14,10,6,4],"128":[2,29],"129":[31,25],"130":[23,6],"131":[2,12],"132":[10,17],"133":[15,54],"134":[15,39],"135":[15,24],"136":[9,6],"137":[24,0],"138":[0,12],"139":[16,14],"140":[14,16],"141":[0,30],"142":[30,15],"143":[2,2],"144":[0,24],"145":[16,8],"146":[0,24],"147":[0,24],"148":[6,344],"149":[350,162],"150":[6,338],"151":[344,188],"152":[6,6],"153":[4,2],"154":[6,6],"155":[4,8],"156":[137,35],"157":[4,23],"158":[4,5],"159":[2,7],"160":[4,8],"161":[2,4],"162":[0,3],"163":[11,2],"164":[24,24],"165":[12,12],"166":[1,3],"167":[4,566],"168":[570,566],"169":[4,562],"170":[566,562],"171":[1,561],"172":[562,561],"173":[1,560],"174":[561,560],"175":[4,275],"176":[2,2],"177":[4,273],"178":[2,2],"179":[275,0],"180":[1,274],"181":[1,274],"182":[2,11],"183":[13,7],"184":[7,4],"185":[6,5],"186":[2,2],"187":[2,3],"188":[2,4],"189":[1,3150],"190":[3,3147],"191":[1,12427],"192":[2,12425],"193":[1,3],"194":[1,3142],"195":[3,3139],"196":[1,12263],"197":[2,12261],"198":[1,3],"199":[1,2539],"200":[1,2538],"201":[2,2536],"202":[1,3],"203":[33,9],"204":[42,34],"205":[8,1],"206":[9,8],"207":[4,2],"208":[2,2],"209":[2,0],"210":[3,2],"211":[2,5],"212":[3,2],"213":[4,1],"214":[1,4],"215":[4,6],"216":[2,4],"217":[6,4],"218":[2,4],"219":[2,2],"220":[4,5],"221":[9,7],"222":[2,3],"223":[5,2],"224":[1,1],"225":[2,3],"226":[5,6],"227":[11,9],"228":[5,2],"229":[2,8],"230":[10,8],"231":[3,5],"232":[8,7],"233":[0,5],"234":[3,2],"235":[0,3],"236":[439,0],"237":[0,439],"238":[438,1],"239":[4,8],"240":[26,4],"241":[2,4],"242":[2,2],"243":[4,8],"244":[26,4],"245":[2,4],"246":[2,2],"247":[14,5],"248":[2,6],"249":[8,8],"250":[2,4],"251":[6,4],"252":[0,4],"253":[2,2],"254":[0,2],"255":[2,5],"256":[0,5],"257":[4,13],"258":[17,7],"259":[1,16],"260":[0,9],"261":[4,5],"262":[4,15],"263":[8,7],"264":[2,6],"265":[15,0],"266":[10,5],"267":[5,8],"268":[5,8],"269":[27,5],"270":[2,4],"271":[2,2],"272":[40,232],"273":[24,248],"274":[32,40],"275":[72,40],"276":[379,176],"277":[555,300],"278":[12,58],"279":[702,702],"280":[16,10],"281":[2,3],"282":[2,10],"283":[73,30],"284":[4,86],"285":[20,20],"286":[4,82],"287":[5,5],"288":[110,110],"289":[3,107],"290":[43,64],"291":[24,83],"292":[24,59],"293":[40,28],"294":[14,14],"295":[31,31],"296":[2,6],"297":[44,13],"298":[57,53],"299":[2,55],"300":[42,15],"301":[51,10],"302":[61,61],"303":[4,143],"304":[308,261],"305":[165,143],"306":[128,15],"307":[76,76,62,46,23],"308":[4,36],"309":[40,36],"310":[2,26],"311":[0,26],"312":[9,176],"313":[103,73],"314":[176,143,103],"315":[5,68],"316":[73,9],"317":[6,62],"318":[68,13],"319":[4,9],"320":[29,4],"321":[5,8],"322":[2,11],"323":[2,11],"324":[1,32],"325":[1,32],"326":[1,32],"327":[1,32],"328":[4,29],"329":[4,29],"330":[0,118],"331":[56,62],"332":[118,98,48,20,80,66,32,14],"333":[3,53],"334":[56,5],"335":[3,0],"336":[3,0],"337":[2,1],"338":[51,2],"339":[10,41],"340":[20,72],"341":[2,90],"342":[92,5],"343":[3,3],"344":[0,3],"345":[4,55],"346":[2,4],"347":[1,3],"348":[2,2],"349":[15,7],"350":[22,15],"351":[0,22],"352":[4,10],"353":[2,3],"354":[2,12],"355":[14,10],"356":[2,12],"357":[2,12],"358":[8,9],"359":[17,17],"360":[2,19],"361":[38,33],"362":[5,14],"363":[2,9],"364":[2,7],"365":[5,5],"366":[3,3],"367":[22,25],"368":[2,10],"369":[45,2],"370":[4,86],"371":[20,20],"372":[4,82],"373":[5,5],"374":[134,134],"375":[20,114],"376":[42,72],"377":[21,93],"378":[32,61],"379":[10,129],"380":[15,114],"381":[8,7],"382":[36,22],"383":[11,11],"384":[44,44],"385":[27,163],"386":[10,180],"387":[31,27],"388":[58,27],"389":[431,1794],"390":[317,114],"391":[431,176],"392":[40,2185],"393":[40,2185],"394":[9,47],"395":[7,9],"396":[0,6],"397":[14,6],"398":[2,4],"399":[2,2],"400":[2,4],"401":[2,2],"402":[2,22],"403":[2,15],"404":[17,2,2],"405":[278,278],"406":[9,295],"407":[304,12],"408":[2,0],"409":[2,2],"410":[1,2],"411":[1,2],"412":[40,232],"413":[24,248],"414":[32,40],"415":[72,40],"416":[506,555],"417":[379,176],"418":[555,300],"419":[12,58],"420":[0,29],"421":[29,0],"422":[45,44],"423":[19,932],"424":[951,601],"425":[16,916],"426":[932,350],"427":[35,916],"428":[19,16],"429":[16,0],"430":[6,6],"431":[6,6],"432":[4,5],"433":[2,2],"434":[9,25],"435":[34,18,12],"436":[2,3],"437":[10,70],"438":[2,1],"439":[14,24],"440":[35,916],"441":[1,4],"442":[26,3],"443":[3,0],"444":[104,4],"445":[3,1],"446":[1,4],"447":[30,3],"448":[3,0],"449":[120,4],"450":[3,1],"451":[1,11],"452":[0,3],"453":[0,14],"454":[6,6],"455":[6,17],"456":[23,6,6],"457":[7,31],"458":[5,2],"459":[5,2],"460":[2,4],"461":[2,2],"462":[18,9],"463":[27,21,15],"464":[9,0],"465":[3,0],"466":[2,0],"467":[1,0],"468":[1,10],"469":[0,2],"470":[0,0],"471":[0,0],"472":[2,0],"473":[2,2],"474":[170,1],"475":[130,94593],"476":[4,1620],"477":[4,16],"478":[1,19],"479":[0,1],"480":[1,0],"481":[4,15],"482":[19,4],"483":[0,20],"484":[1778,1770],"485":[0,2],"486":[658,70],"487":[0,1],"488":[1,1],"489":[0,0],"490":[0,0],"491":[0,0],"492":[0,0],"493":[0,0],"494":[0,0]},"f":{"1":1,"2":134919,"3":9411,"4":133,"5":702,"6":134,"7":142,"8":17473,"9":10,"10":23,"11":133,"12":98,"13":0,"14":83,"15":64975,"16":64975,"17":532,"18":1473,"19":1473,"20":167,"21":29429,"22":28680,"23":29113,"24":1209,"25":29429,"26":116,"27":132,"28":132,"29":0,"30":32160,"31":12,"32":8,"33":7,"34":0,"35":0,"36":0,"37":5,"38":39,"39":18,"40":8,"41":8,"42":10,"43":40,"44":22,"45":12,"46":0,"47":0,"48":8,"49":2229,"50":4,"51":4,"52":6,"53":2,"54":2,"55":4,"56":22,"57":18,"58":2,"59":14,"60":31,"61":30,"62":27,"63":27,"64":27,"65":30,"66":4,"67":24,"68":8,"69":16,"70":4,"71":12,"72":172,"73":31,"74":27,"75":2,"76":16,"77":9,"78":2,"79":6,"80":8,"81":16,"82":4,"83":12,"84":8,"85":2,"86":6,"87":3,"88":11,"89":8,"90":48,"91":24,"92":4,"93":24,"94":10,"95":9,"96":1,"97":279,"98":570,"99":14,"100":0,"101":13,"102":1,"103":4,"104":6,"105":0,"106":5,"107":6,"108":2,"109":0,"110":4,"111":3151,"112":12428,"113":1,"114":4,"115":3143,"116":12264,"117":1,"118":4,"119":2540,"120":1,"121":48,"122":42,"123":46,"124":10,"125":6,"126":2,"127":27291,"128":42,"129":27244,"130":9,"131":5,"132":2,"133":71,"134":60,"135":69,"136":77,"137":6,"138":2,"139":2,"140":9,"141":7,"142":7,"143":10,"144":6,"145":8,"146":9,"147":4,"148":2,"149":12,"150":9,"151":11,"152":13,"153":7,"154":4,"155":10,"156":29,"157":15,"158":27,"159":6,"160":2,"161":2,"162":127,"163":96,"164":125,"165":439,"166":31,"167":22,"168":7,"169":12,"170":26,"171":0,"172":8,"173":12,"174":40,"175":6,"176":12,"177":26,"178":0,"179":8,"180":12,"181":32,"182":6,"183":5,"184":26,"185":19,"186":5,"187":104,"188":100,"189":2,"190":8,"191":7,"192":17,"193":9,"194":4,"195":19,"196":13,"197":15,"198":17,"199":13,"200":27,"201":0,"202":8,"203":20,"204":58,"205":40,"206":6,"207":20,"208":72,"209":272,"210":70,"211":555,"212":218,"213":132,"214":217,"215":1404,"216":1404,"217":702,"218":702,"219":83,"220":73,"221":8,"222":10,"223":6,"224":16,"225":9,"226":2,"227":7,"228":1,"229":5,"230":12,"231":73,"232":90,"233":16,"234":32,"235":68,"236":62,"237":8,"238":57,"239":53,"240":61,"241":147,"242":27,"243":148,"244":148,"245":2,"246":40,"247":76,"248":0,"249":28,"250":26,"251":185,"252":115,"253":13,"254":33,"255":23,"256":92,"257":118,"258":11,"259":12,"260":4,"261":9,"262":3,"263":6,"264":3,"265":63,"266":59,"267":127,"268":2,"269":6,"270":15,"271":6,"272":4,"273":15,"274":0,"275":5,"276":14,"277":14,"278":10,"279":17,"280":21,"281":0,"282":5,"283":5,"284":2,"285":11,"286":29,"287":10,"288":5,"289":3,"290":1,"291":51,"292":47,"293":2,"294":12,"295":45,"296":90,"297":16,"298":32,"299":139,"300":58,"301":88,"302":58,"303":190,"304":56,"305":2225,"306":2225,"307":317,"308":10,"309":6,"310":16,"311":8,"312":24,"313":20,"314":2,"315":63,"316":59,"317":2,"318":5,"319":2,"320":6,"321":6,"322":1,"323":70,"324":70,"325":4223,"326":4223,"327":0,"328":8,"329":2,"330":6,"331":8,"332":2,"333":6,"334":30,"335":20,"336":40,"337":6,"338":24,"339":6,"340":2,"341":10,"342":2,"343":19,"344":15,"345":17,"346":6,"347":556,"348":556,"349":278,"350":337,"351":304,"352":29,"353":333,"354":3,"355":2,"356":1,"357":3,"358":6,"359":1,"360":3,"361":6,"362":2,"363":6,"364":6,"365":4,"366":72,"367":272,"368":70,"369":1061,"370":379,"371":29,"372":89,"373":45,"374":45,"375":42,"376":26,"377":16,"378":951,"379":951,"380":12,"381":9,"382":16,"383":9,"384":34,"385":34,"386":5,"387":80,"388":5,"389":38,"390":39,"391":951,"392":5,"393":29,"394":4,"395":108,"396":14,"397":26,"398":5,"399":33,"400":4,"401":124,"402":2,"403":12,"404":3,"405":3,"406":2098,"407":29,"408":14,"409":12,"410":23,"411":17,"412":1,"413":13,"414":38,"415":10,"416":7,"417":0,"418":0,"419":0,"420":0,"421":0,"422":0,"423":6,"424":2,"425":2,"426":2,"427":0,"428":29,"429":0,"430":0,"431":0,"432":0,"433":0,"434":0,"435":0,"436":0,"437":0,"438":0,"439":0,"440":0,"441":0,"442":0,"443":0,"444":0,"445":6,"446":0,"447":0,"448":0,"449":9,"450":11,"451":0,"452":0,"453":0,"454":0,"455":0,"456":0,"457":0,"458":0,"459":0,"460":2,"461":170,"462":94723,"463":48,"464":1624,"465":1763,"466":20,"467":20,"468":7,"469":1778,"470":1763,"471":1763,"472":31,"473":5270,"474":72,"475":2,"476":658,"477":11,"478":1,"479":0},"fnMap":{"1":{"name":"(anonymous_1)","line":4,"loc":{"start":{"line":4,"column":1},"end":{"line":4,"column":13}}},"2":{"name":"exists","line":17,"loc":{"start":{"line":17,"column":4},"end":{"line":17,"column":23}}},"3":{"name":"(anonymous_3)","line":39,"loc":{"start":{"line":39,"column":27},"end":{"line":39,"column":40}}},"4":{"name":"SortedSet","line":46,"loc":{"start":{"line":46,"column":4},"end":{"line":46,"column":25}}},"5":{"name":"(anonymous_5)","line":55,"loc":{"start":{"line":55,"column":30},"end":{"line":55,"column":55}}},"6":{"name":"(anonymous_6)","line":73,"loc":{"start":{"line":73,"column":30},"end":{"line":73,"column":48}}},"7":{"name":"(anonymous_7)","line":90,"loc":{"start":{"line":90,"column":37},"end":{"line":90,"column":49}}},"8":{"name":"(anonymous_8)","line":91,"loc":{"start":{"line":91,"column":25},"end":{"line":91,"column":41}}},"9":{"name":"(anonymous_9)","line":96,"loc":{"start":{"line":96,"column":40},"end":{"line":96,"column":52}}},"10":{"name":"(anonymous_10)","line":97,"loc":{"start":{"line":97,"column":25},"end":{"line":97,"column":41}}},"11":{"name":"(anonymous_11)","line":102,"loc":{"start":{"line":102,"column":26},"end":{"line":102,"column":38}}},"12":{"name":"(anonymous_12)","line":123,"loc":{"start":{"line":123,"column":30},"end":{"line":123,"column":42}}},"13":{"name":"escapechar","line":138,"loc":{"start":{"line":138,"column":8},"end":{"line":138,"column":31}}},"14":{"name":"translate","line":145,"loc":{"start":{"line":145,"column":4},"end":{"line":145,"column":28}}},"15":{"name":"(anonymous_15)","line":186,"loc":{"start":{"line":186,"column":13},"end":{"line":186,"column":42}}},"16":{"name":"(anonymous_16)","line":187,"loc":{"start":{"line":187,"column":15},"end":{"line":187,"column":27}}},"17":{"name":"(anonymous_17)","line":190,"loc":{"start":{"line":190,"column":29},"end":{"line":190,"column":41}}},"18":{"name":"(anonymous_18)","line":201,"loc":{"start":{"line":201,"column":17},"end":{"line":201,"column":29}}},"19":{"name":"(anonymous_19)","line":202,"loc":{"start":{"line":202,"column":15},"end":{"line":202,"column":27}}},"20":{"name":"(anonymous_20)","line":221,"loc":{"start":{"line":221,"column":20},"end":{"line":221,"column":40}}},"21":{"name":"(anonymous_21)","line":225,"loc":{"start":{"line":225,"column":23},"end":{"line":225,"column":54}}},"22":{"name":"(anonymous_22)","line":228,"loc":{"start":{"line":228,"column":20},"end":{"line":228,"column":33}}},"23":{"name":"(anonymous_23)","line":232,"loc":{"start":{"line":232,"column":20},"end":{"line":232,"column":33}}},"24":{"name":"(anonymous_24)","line":236,"loc":{"start":{"line":236,"column":18},"end":{"line":236,"column":31}}},"25":{"name":"(anonymous_25)","line":240,"loc":{"start":{"line":240,"column":17},"end":{"line":240,"column":29}}},"26":{"name":"(anonymous_26)","line":276,"loc":{"start":{"line":276,"column":20},"end":{"line":276,"column":45}}},"27":{"name":"(anonymous_27)","line":281,"loc":{"start":{"line":281,"column":22},"end":{"line":281,"column":35}}},"28":{"name":"(anonymous_28)","line":303,"loc":{"start":{"line":303,"column":25},"end":{"line":303,"column":38}}},"29":{"name":"(anonymous_29)","line":310,"loc":{"start":{"line":310,"column":21},"end":{"line":310,"column":46}}},"30":{"name":"(anonymous_30)","line":315,"loc":{"start":{"line":315,"column":23},"end":{"line":315,"column":48}}},"31":{"name":"(anonymous_31)","line":320,"loc":{"start":{"line":320,"column":23},"end":{"line":320,"column":57}}},"32":{"name":"(anonymous_32)","line":325,"loc":{"start":{"line":325,"column":25},"end":{"line":325,"column":61}}},"33":{"name":"(anonymous_33)","line":331,"loc":{"start":{"line":331,"column":21},"end":{"line":331,"column":50}}},"34":{"name":"(anonymous_34)","line":369,"loc":{"start":{"line":369,"column":24},"end":{"line":369,"column":86}}},"35":{"name":"(anonymous_35)","line":374,"loc":{"start":{"line":374,"column":21},"end":{"line":374,"column":50}}},"36":{"name":"(anonymous_36)","line":379,"loc":{"start":{"line":379,"column":23},"end":{"line":379,"column":55}}},"37":{"name":"(anonymous_37)","line":384,"loc":{"start":{"line":384,"column":24},"end":{"line":384,"column":49}}},"38":{"name":"(anonymous_38)","line":393,"loc":{"start":{"line":393,"column":24},"end":{"line":393,"column":63}}},"39":{"name":"(anonymous_39)","line":406,"loc":{"start":{"line":406,"column":51},"end":{"line":406,"column":63}}},"40":{"name":"(anonymous_40)","line":417,"loc":{"start":{"line":417,"column":26},"end":{"line":417,"column":62}}},"41":{"name":"(anonymous_41)","line":423,"loc":{"start":{"line":423,"column":21},"end":{"line":423,"column":46}}},"42":{"name":"(anonymous_42)","line":432,"loc":{"start":{"line":432,"column":26},"end":{"line":432,"column":46}}},"43":{"name":"loop_through","line":434,"loc":{"start":{"line":434,"column":8},"end":{"line":434,"column":45}}},"44":{"name":"(anonymous_44)","line":461,"loc":{"start":{"line":461,"column":23},"end":{"line":461,"column":56}}},"45":{"name":"(anonymous_45)","line":488,"loc":{"start":{"line":488,"column":25},"end":{"line":488,"column":58}}},"46":{"name":"(anonymous_46)","line":501,"loc":{"start":{"line":501,"column":24},"end":{"line":501,"column":72}}},"47":{"name":"(anonymous_47)","line":506,"loc":{"start":{"line":506,"column":21},"end":{"line":506,"column":46}}},"48":{"name":"(anonymous_48)","line":511,"loc":{"start":{"line":511,"column":20},"end":{"line":511,"column":45}}},"49":{"name":"(anonymous_49)","line":520,"loc":{"start":{"line":520,"column":21},"end":{"line":520,"column":46}}},"50":{"name":"(anonymous_50)","line":545,"loc":{"start":{"line":545,"column":21},"end":{"line":545,"column":49}}},"51":{"name":"(anonymous_51)","line":553,"loc":{"start":{"line":553,"column":21},"end":{"line":553,"column":46}}},"52":{"name":"(anonymous_52)","line":630,"loc":{"start":{"line":630,"column":23},"end":{"line":630,"column":55}}},"53":{"name":"(anonymous_53)","line":633,"loc":{"start":{"line":633,"column":20},"end":{"line":633,"column":32}}},"54":{"name":"(anonymous_54)","line":637,"loc":{"start":{"line":637,"column":20},"end":{"line":637,"column":32}}},"55":{"name":"(anonymous_55)","line":640,"loc":{"start":{"line":640,"column":18},"end":{"line":640,"column":30}}},"56":{"name":"(anonymous_56)","line":664,"loc":{"start":{"line":664,"column":25},"end":{"line":664,"column":50}}},"57":{"name":"(anonymous_57)","line":674,"loc":{"start":{"line":674,"column":20},"end":{"line":674,"column":32}}},"58":{"name":"(anonymous_58)","line":705,"loc":{"start":{"line":705,"column":20},"end":{"line":705,"column":32}}},"59":{"name":"(anonymous_59)","line":710,"loc":{"start":{"line":710,"column":22},"end":{"line":710,"column":67}}},"60":{"name":"(anonymous_60)","line":722,"loc":{"start":{"line":722,"column":17},"end":{"line":722,"column":30}}},"61":{"name":"(anonymous_61)","line":728,"loc":{"start":{"line":728,"column":25},"end":{"line":728,"column":40}}},"62":{"name":"(anonymous_62)","line":733,"loc":{"start":{"line":733,"column":33},"end":{"line":733,"column":56}}},"63":{"name":"(anonymous_63)","line":736,"loc":{"start":{"line":736,"column":30},"end":{"line":736,"column":45}}},"64":{"name":"(anonymous_64)","line":743,"loc":{"start":{"line":743,"column":20},"end":{"line":743,"column":47}}},"65":{"name":"(anonymous_65)","line":777,"loc":{"start":{"line":777,"column":23},"end":{"line":777,"column":53}}},"66":{"name":"(anonymous_66)","line":793,"loc":{"start":{"line":793,"column":20},"end":{"line":793,"column":32}}},"67":{"name":"(anonymous_67)","line":799,"loc":{"start":{"line":799,"column":20},"end":{"line":799,"column":32}}},"68":{"name":"(anonymous_68)","line":839,"loc":{"start":{"line":839,"column":21},"end":{"line":839,"column":46}}},"69":{"name":"(anonymous_69)","line":843,"loc":{"start":{"line":843,"column":23},"end":{"line":843,"column":59}}},"70":{"name":"(anonymous_70)","line":846,"loc":{"start":{"line":846,"column":20},"end":{"line":846,"column":32}}},"71":{"name":"(anonymous_71)","line":847,"loc":{"start":{"line":847,"column":18},"end":{"line":847,"column":30}}},"72":{"name":"(anonymous_72)","line":858,"loc":{"start":{"line":858,"column":20},"end":{"line":858,"column":45}}},"73":{"name":"(anonymous_73)","line":866,"loc":{"start":{"line":866,"column":23},"end":{"line":866,"column":56}}},"74":{"name":"(anonymous_74)","line":869,"loc":{"start":{"line":869,"column":20},"end":{"line":869,"column":32}}},"75":{"name":"(anonymous_75)","line":878,"loc":{"start":{"line":878,"column":20},"end":{"line":878,"column":32}}},"76":{"name":"(anonymous_76)","line":883,"loc":{"start":{"line":883,"column":25},"end":{"line":883,"column":62}}},"77":{"name":"(anonymous_77)","line":886,"loc":{"start":{"line":886,"column":20},"end":{"line":886,"column":32}}},"78":{"name":"(anonymous_78)","line":899,"loc":{"start":{"line":899,"column":20},"end":{"line":899,"column":32}}},"79":{"name":"(anonymous_79)","line":904,"loc":{"start":{"line":904,"column":23},"end":{"line":904,"column":55}}},"80":{"name":"(anonymous_80)","line":911,"loc":{"start":{"line":911,"column":21},"end":{"line":911,"column":46}}},"81":{"name":"(anonymous_81)","line":916,"loc":{"start":{"line":916,"column":23},"end":{"line":916,"column":59}}},"82":{"name":"(anonymous_82)","line":919,"loc":{"start":{"line":919,"column":20},"end":{"line":919,"column":32}}},"83":{"name":"(anonymous_83)","line":920,"loc":{"start":{"line":920,"column":18},"end":{"line":920,"column":30}}},"84":{"name":"(anonymous_84)","line":932,"loc":{"start":{"line":932,"column":28},"end":{"line":932,"column":64}}},"85":{"name":"(anonymous_85)","line":935,"loc":{"start":{"line":935,"column":20},"end":{"line":935,"column":32}}},"86":{"name":"(anonymous_86)","line":936,"loc":{"start":{"line":936,"column":18},"end":{"line":936,"column":30}}},"87":{"name":"(anonymous_87)","line":948,"loc":{"start":{"line":948,"column":21},"end":{"line":948,"column":46}}},"88":{"name":"(anonymous_88)","line":952,"loc":{"start":{"line":952,"column":43},"end":{"line":952,"column":56}}},"89":{"name":"(anonymous_89)","line":958,"loc":{"start":{"line":958,"column":21},"end":{"line":958,"column":53}}},"90":{"name":"(anonymous_90)","line":963,"loc":{"start":{"line":963,"column":23},"end":{"line":963,"column":45}}},"91":{"name":"(anonymous_91)","line":968,"loc":{"start":{"line":968,"column":20},"end":{"line":968,"column":34}}},"92":{"name":"(anonymous_92)","line":975,"loc":{"start":{"line":975,"column":23},"end":{"line":975,"column":55}}},"93":{"name":"(anonymous_93)","line":980,"loc":{"start":{"line":980,"column":23},"end":{"line":980,"column":45}}},"94":{"name":"(anonymous_94)","line":985,"loc":{"start":{"line":985,"column":21},"end":{"line":985,"column":35}}},"95":{"name":"(anonymous_95)","line":990,"loc":{"start":{"line":990,"column":20},"end":{"line":990,"column":34}}},"96":{"name":"(anonymous_96)","line":997,"loc":{"start":{"line":997,"column":23},"end":{"line":997,"column":69}}},"97":{"name":"(anonymous_97)","line":1004,"loc":{"start":{"line":1004,"column":20},"end":{"line":1004,"column":52}}},"98":{"name":"(anonymous_98)","line":1010,"loc":{"start":{"line":1010,"column":21},"end":{"line":1010,"column":43}}},"99":{"name":"(anonymous_99)","line":1045,"loc":{"start":{"line":1045,"column":23},"end":{"line":1045,"column":63}}},"100":{"name":"(anonymous_100)","line":1048,"loc":{"start":{"line":1048,"column":20},"end":{"line":1048,"column":32}}},"101":{"name":"(anonymous_101)","line":1051,"loc":{"start":{"line":1051,"column":18},"end":{"line":1051,"column":30}}},"102":{"name":"(anonymous_102)","line":1083,"loc":{"start":{"line":1083,"column":22},"end":{"line":1083,"column":63}}},"103":{"name":"(anonymous_103)","line":1090,"loc":{"start":{"line":1090,"column":22},"end":{"line":1090,"column":54}}},"104":{"name":"(anonymous_104)","line":1099,"loc":{"start":{"line":1099,"column":25},"end":{"line":1099,"column":65}}},"105":{"name":"(anonymous_105)","line":1102,"loc":{"start":{"line":1102,"column":20},"end":{"line":1102,"column":32}}},"106":{"name":"(anonymous_106)","line":1105,"loc":{"start":{"line":1105,"column":18},"end":{"line":1105,"column":30}}},"107":{"name":"(anonymous_107)","line":1124,"loc":{"start":{"line":1124,"column":23},"end":{"line":1124,"column":48}}},"108":{"name":"(anonymous_108)","line":1130,"loc":{"start":{"line":1130,"column":20},"end":{"line":1130,"column":32}}},"109":{"name":"(anonymous_109)","line":1131,"loc":{"start":{"line":1131,"column":20},"end":{"line":1131,"column":32}}},"110":{"name":"(anonymous_110)","line":1138,"loc":{"start":{"line":1138,"column":22},"end":{"line":1138,"column":56}}},"111":{"name":"(anonymous_111)","line":1145,"loc":{"start":{"line":1145,"column":12},"end":{"line":1145,"column":24}}},"112":{"name":"(anonymous_112)","line":1149,"loc":{"start":{"line":1149,"column":26},"end":{"line":1149,"column":39}}},"113":{"name":"(anonymous_113)","line":1166,"loc":{"start":{"line":1166,"column":23},"end":{"line":1166,"column":35}}},"114":{"name":"(anonymous_114)","line":1174,"loc":{"start":{"line":1174,"column":22},"end":{"line":1174,"column":56}}},"115":{"name":"(anonymous_115)","line":1181,"loc":{"start":{"line":1181,"column":12},"end":{"line":1181,"column":24}}},"116":{"name":"(anonymous_116)","line":1185,"loc":{"start":{"line":1185,"column":26},"end":{"line":1185,"column":39}}},"117":{"name":"(anonymous_117)","line":1202,"loc":{"start":{"line":1202,"column":23},"end":{"line":1202,"column":35}}},"118":{"name":"(anonymous_118)","line":1210,"loc":{"start":{"line":1210,"column":27},"end":{"line":1210,"column":77}}},"119":{"name":"(anonymous_119)","line":1213,"loc":{"start":{"line":1213,"column":12},"end":{"line":1213,"column":24}}},"120":{"name":"(anonymous_120)","line":1229,"loc":{"start":{"line":1229,"column":23},"end":{"line":1229,"column":35}}},"121":{"name":"(anonymous_121)","line":1237,"loc":{"start":{"line":1237,"column":23},"end":{"line":1237,"column":51}}},"122":{"name":"(anonymous_122)","line":1241,"loc":{"start":{"line":1241,"column":20},"end":{"line":1241,"column":32}}},"123":{"name":"(anonymous_123)","line":1249,"loc":{"start":{"line":1249,"column":18},"end":{"line":1249,"column":30}}},"124":{"name":"(anonymous_124)","line":1253,"loc":{"start":{"line":1253,"column":24},"end":{"line":1253,"column":76}}},"125":{"name":"(anonymous_125)","line":1256,"loc":{"start":{"line":1256,"column":20},"end":{"line":1256,"column":32}}},"126":{"name":"(anonymous_126)","line":1269,"loc":{"start":{"line":1269,"column":20},"end":{"line":1269,"column":32}}},"127":{"name":"(anonymous_127)","line":1273,"loc":{"start":{"line":1273,"column":21},"end":{"line":1273,"column":46}}},"128":{"name":"(anonymous_128)","line":1276,"loc":{"start":{"line":1276,"column":20},"end":{"line":1276,"column":32}}},"129":{"name":"(anonymous_129)","line":1277,"loc":{"start":{"line":1277,"column":20},"end":{"line":1277,"column":32}}},"130":{"name":"(anonymous_130)","line":1281,"loc":{"start":{"line":1281,"column":21},"end":{"line":1281,"column":46}}},"131":{"name":"(anonymous_131)","line":1284,"loc":{"start":{"line":1284,"column":20},"end":{"line":1284,"column":32}}},"132":{"name":"(anonymous_132)","line":1291,"loc":{"start":{"line":1291,"column":20},"end":{"line":1291,"column":32}}},"133":{"name":"(anonymous_133)","line":1295,"loc":{"start":{"line":1295,"column":22},"end":{"line":1295,"column":56}}},"134":{"name":"(anonymous_134)","line":1300,"loc":{"start":{"line":1300,"column":20},"end":{"line":1300,"column":32}}},"135":{"name":"(anonymous_135)","line":1301,"loc":{"start":{"line":1301,"column":18},"end":{"line":1301,"column":30}}},"136":{"name":"(anonymous_136)","line":1302,"loc":{"start":{"line":1302,"column":40},"end":{"line":1302,"column":56}}},"137":{"name":"(anonymous_137)","line":1310,"loc":{"start":{"line":1310,"column":23},"end":{"line":1310,"column":57}}},"138":{"name":"(anonymous_138)","line":1313,"loc":{"start":{"line":1313,"column":20},"end":{"line":1313,"column":32}}},"139":{"name":"(anonymous_139)","line":1317,"loc":{"start":{"line":1317,"column":20},"end":{"line":1317,"column":32}}},"140":{"name":"(anonymous_140)","line":1321,"loc":{"start":{"line":1321,"column":23},"end":{"line":1321,"column":60}}},"141":{"name":"(anonymous_141)","line":1325,"loc":{"start":{"line":1325,"column":20},"end":{"line":1325,"column":32}}},"142":{"name":"(anonymous_142)","line":1344,"loc":{"start":{"line":1344,"column":18},"end":{"line":1344,"column":30}}},"143":{"name":"(anonymous_143)","line":1348,"loc":{"start":{"line":1348,"column":21},"end":{"line":1348,"column":62}}},"144":{"name":"(anonymous_144)","line":1352,"loc":{"start":{"line":1352,"column":20},"end":{"line":1352,"column":32}}},"145":{"name":"(anonymous_145)","line":1369,"loc":{"start":{"line":1369,"column":18},"end":{"line":1369,"column":30}}},"146":{"name":"(anonymous_146)","line":1373,"loc":{"start":{"line":1373,"column":21},"end":{"line":1373,"column":62}}},"147":{"name":"(anonymous_147)","line":1376,"loc":{"start":{"line":1376,"column":20},"end":{"line":1376,"column":32}}},"148":{"name":"(anonymous_148)","line":1383,"loc":{"start":{"line":1383,"column":20},"end":{"line":1383,"column":32}}},"149":{"name":"(anonymous_149)","line":1387,"loc":{"start":{"line":1387,"column":22},"end":{"line":1387,"column":59}}},"150":{"name":"(anonymous_150)","line":1390,"loc":{"start":{"line":1390,"column":20},"end":{"line":1390,"column":32}}},"151":{"name":"(anonymous_151)","line":1411,"loc":{"start":{"line":1411,"column":18},"end":{"line":1411,"column":30}}},"152":{"name":"(anonymous_152)","line":1420,"loc":{"start":{"line":1420,"column":21},"end":{"line":1420,"column":46}}},"153":{"name":"(anonymous_153)","line":1423,"loc":{"start":{"line":1423,"column":20},"end":{"line":1423,"column":32}}},"154":{"name":"(anonymous_154)","line":1430,"loc":{"start":{"line":1430,"column":20},"end":{"line":1430,"column":32}}},"155":{"name":"(anonymous_155)","line":1434,"loc":{"start":{"line":1434,"column":26},"end":{"line":1434,"column":60}}},"156":{"name":"(anonymous_156)","line":1455,"loc":{"start":{"line":1455,"column":22},"end":{"line":1455,"column":56}}},"157":{"name":"(anonymous_157)","line":1460,"loc":{"start":{"line":1460,"column":20},"end":{"line":1460,"column":32}}},"158":{"name":"(anonymous_158)","line":1461,"loc":{"start":{"line":1461,"column":18},"end":{"line":1461,"column":30}}},"159":{"name":"(anonymous_159)","line":1468,"loc":{"start":{"line":1468,"column":23},"end":{"line":1468,"column":57}}},"160":{"name":"(anonymous_160)","line":1471,"loc":{"start":{"line":1471,"column":20},"end":{"line":1471,"column":32}}},"161":{"name":"(anonymous_161)","line":1475,"loc":{"start":{"line":1475,"column":20},"end":{"line":1475,"column":32}}},"162":{"name":"(anonymous_162)","line":1482,"loc":{"start":{"line":1482,"column":21},"end":{"line":1482,"column":54}}},"163":{"name":"(anonymous_163)","line":1488,"loc":{"start":{"line":1488,"column":20},"end":{"line":1488,"column":32}}},"164":{"name":"(anonymous_164)","line":1489,"loc":{"start":{"line":1489,"column":18},"end":{"line":1489,"column":30}}},"165":{"name":"(anonymous_165)","line":1490,"loc":{"start":{"line":1490,"column":40},"end":{"line":1490,"column":53}}},"166":{"name":"(anonymous_166)","line":1505,"loc":{"start":{"line":1505,"column":22},"end":{"line":1505,"column":47}}},"167":{"name":"(anonymous_167)","line":1508,"loc":{"start":{"line":1508,"column":20},"end":{"line":1508,"column":32}}},"168":{"name":"(anonymous_168)","line":1509,"loc":{"start":{"line":1509,"column":20},"end":{"line":1509,"column":32}}},"169":{"name":"(anonymous_169)","line":1513,"loc":{"start":{"line":1513,"column":22},"end":{"line":1513,"column":47}}},"170":{"name":"(anonymous_170)","line":1517,"loc":{"start":{"line":1517,"column":26},"end":{"line":1517,"column":39}}},"171":{"name":"(anonymous_171)","line":1524,"loc":{"start":{"line":1524,"column":20},"end":{"line":1524,"column":32}}},"172":{"name":"(anonymous_172)","line":1527,"loc":{"start":{"line":1527,"column":20},"end":{"line":1527,"column":32}}},"173":{"name":"(anonymous_173)","line":1531,"loc":{"start":{"line":1531,"column":28},"end":{"line":1531,"column":47}}},"174":{"name":"(anonymous_174)","line":1532,"loc":{"start":{"line":1532,"column":43},"end":{"line":1532,"column":56}}},"175":{"name":"(anonymous_175)","line":1540,"loc":{"start":{"line":1540,"column":27},"end":{"line":1540,"column":65}}},"176":{"name":"(anonymous_176)","line":1554,"loc":{"start":{"line":1554,"column":23},"end":{"line":1554,"column":48}}},"177":{"name":"(anonymous_177)","line":1558,"loc":{"start":{"line":1558,"column":26},"end":{"line":1558,"column":39}}},"178":{"name":"(anonymous_178)","line":1565,"loc":{"start":{"line":1565,"column":20},"end":{"line":1565,"column":32}}},"179":{"name":"(anonymous_179)","line":1568,"loc":{"start":{"line":1568,"column":20},"end":{"line":1568,"column":32}}},"180":{"name":"(anonymous_180)","line":1572,"loc":{"start":{"line":1572,"column":28},"end":{"line":1572,"column":48}}},"181":{"name":"(anonymous_181)","line":1573,"loc":{"start":{"line":1573,"column":44},"end":{"line":1573,"column":57}}},"182":{"name":"(anonymous_182)","line":1581,"loc":{"start":{"line":1581,"column":28},"end":{"line":1581,"column":66}}},"183":{"name":"(anonymous_183)","line":1592,"loc":{"start":{"line":1592,"column":22},"end":{"line":1592,"column":40}}},"184":{"name":"(anonymous_184)","line":1598,"loc":{"start":{"line":1598,"column":26},"end":{"line":1598,"column":59}}},"185":{"name":"(anonymous_185)","line":1601,"loc":{"start":{"line":1601,"column":20},"end":{"line":1601,"column":32}}},"186":{"name":"(anonymous_186)","line":1602,"loc":{"start":{"line":1602,"column":20},"end":{"line":1602,"column":32}}},"187":{"name":"(anonymous_187)","line":1606,"loc":{"start":{"line":1606,"column":25},"end":{"line":1606,"column":50}}},"188":{"name":"(anonymous_188)","line":1609,"loc":{"start":{"line":1609,"column":20},"end":{"line":1609,"column":32}}},"189":{"name":"(anonymous_189)","line":1610,"loc":{"start":{"line":1610,"column":20},"end":{"line":1610,"column":32}}},"190":{"name":"(anonymous_190)","line":1614,"loc":{"start":{"line":1614,"column":22},"end":{"line":1614,"column":64}}},"191":{"name":"(anonymous_191)","line":1635,"loc":{"start":{"line":1635,"column":21},"end":{"line":1635,"column":46}}},"192":{"name":"(anonymous_192)","line":1648,"loc":{"start":{"line":1648,"column":28},"end":{"line":1648,"column":53}}},"193":{"name":"(anonymous_193)","line":1661,"loc":{"start":{"line":1661,"column":20},"end":{"line":1661,"column":32}}},"194":{"name":"(anonymous_194)","line":1688,"loc":{"start":{"line":1688,"column":20},"end":{"line":1688,"column":32}}},"195":{"name":"(anonymous_195)","line":1692,"loc":{"start":{"line":1692,"column":21},"end":{"line":1692,"column":54}}},"196":{"name":"(anonymous_196)","line":1698,"loc":{"start":{"line":1698,"column":20},"end":{"line":1698,"column":32}}},"197":{"name":"(anonymous_197)","line":1699,"loc":{"start":{"line":1699,"column":40},"end":{"line":1699,"column":53}}},"198":{"name":"(anonymous_198)","line":1710,"loc":{"start":{"line":1710,"column":18},"end":{"line":1710,"column":30}}},"199":{"name":"(anonymous_199)","line":1714,"loc":{"start":{"line":1714,"column":23},"end":{"line":1714,"column":48}}},"200":{"name":"(anonymous_200)","line":1718,"loc":{"start":{"line":1718,"column":26},"end":{"line":1718,"column":39}}},"201":{"name":"(anonymous_201)","line":1725,"loc":{"start":{"line":1725,"column":20},"end":{"line":1725,"column":32}}},"202":{"name":"(anonymous_202)","line":1728,"loc":{"start":{"line":1728,"column":20},"end":{"line":1728,"column":32}}},"203":{"name":"(anonymous_203)","line":1732,"loc":{"start":{"line":1732,"column":34},"end":{"line":1732,"column":52}}},"204":{"name":"(anonymous_204)","line":1735,"loc":{"start":{"line":1735,"column":42},"end":{"line":1735,"column":55}}},"205":{"name":"(anonymous_205)","line":1738,"loc":{"start":{"line":1738,"column":43},"end":{"line":1738,"column":56}}},"206":{"name":"(anonymous_206)","line":1747,"loc":{"start":{"line":1747,"column":28},"end":{"line":1747,"column":66}}},"207":{"name":"(anonymous_207)","line":1758,"loc":{"start":{"line":1758,"column":22},"end":{"line":1758,"column":40}}},"208":{"name":"(anonymous_208)","line":1764,"loc":{"start":{"line":1764,"column":22},"end":{"line":1764,"column":55}}},"209":{"name":"(anonymous_209)","line":1769,"loc":{"start":{"line":1769,"column":21},"end":{"line":1769,"column":46}}},"210":{"name":"(anonymous_210)","line":1783,"loc":{"start":{"line":1783,"column":18},"end":{"line":1783,"column":30}}},"211":{"name":"(anonymous_211)","line":1788,"loc":{"start":{"line":1788,"column":26},"end":{"line":1788,"column":44}}},"212":{"name":"(anonymous_212)","line":1806,"loc":{"start":{"line":1806,"column":21},"end":{"line":1806,"column":61}}},"213":{"name":"(anonymous_213)","line":1812,"loc":{"start":{"line":1812,"column":20},"end":{"line":1812,"column":32}}},"214":{"name":"(anonymous_214)","line":1813,"loc":{"start":{"line":1813,"column":18},"end":{"line":1813,"column":30}}},"215":{"name":"(anonymous_215)","line":1816,"loc":{"start":{"line":1816,"column":25},"end":{"line":1816,"column":48}}},"216":{"name":"(anonymous_216)","line":1822,"loc":{"start":{"line":1822,"column":28},"end":{"line":1822,"column":44}}},"217":{"name":"(anonymous_217)","line":1825,"loc":{"start":{"line":1825,"column":25},"end":{"line":1825,"column":39}}},"218":{"name":"(anonymous_218)","line":1828,"loc":{"start":{"line":1828,"column":28},"end":{"line":1828,"column":48}}},"219":{"name":"(anonymous_219)","line":1836,"loc":{"start":{"line":1836,"column":22},"end":{"line":1836,"column":47}}},"220":{"name":"(anonymous_220)","line":1839,"loc":{"start":{"line":1839,"column":20},"end":{"line":1839,"column":32}}},"221":{"name":"(anonymous_221)","line":1842,"loc":{"start":{"line":1842,"column":20},"end":{"line":1842,"column":32}}},"222":{"name":"(anonymous_222)","line":1846,"loc":{"start":{"line":1846,"column":23},"end":{"line":1846,"column":58}}},"223":{"name":"(anonymous_223)","line":1849,"loc":{"start":{"line":1849,"column":20},"end":{"line":1849,"column":32}}},"224":{"name":"(anonymous_224)","line":1852,"loc":{"start":{"line":1852,"column":28},"end":{"line":1852,"column":45}}},"225":{"name":"(anonymous_225)","line":1855,"loc":{"start":{"line":1855,"column":28},"end":{"line":1855,"column":50}}},"226":{"name":"(anonymous_226)","line":1860,"loc":{"start":{"line":1860,"column":20},"end":{"line":1860,"column":32}}},"227":{"name":"(anonymous_227)","line":1864,"loc":{"start":{"line":1864,"column":24},"end":{"line":1864,"column":68}}},"228":{"name":"(anonymous_228)","line":1867,"loc":{"start":{"line":1867,"column":20},"end":{"line":1867,"column":32}}},"229":{"name":"(anonymous_229)","line":1868,"loc":{"start":{"line":1868,"column":18},"end":{"line":1868,"column":30}}},"230":{"name":"(anonymous_230)","line":1882,"loc":{"start":{"line":1882,"column":28},"end":{"line":1882,"column":75}}},"231":{"name":"(anonymous_231)","line":1889,"loc":{"start":{"line":1889,"column":35},"end":{"line":1889,"column":48}}},"232":{"name":"(anonymous_232)","line":1894,"loc":{"start":{"line":1894,"column":23},"end":{"line":1894,"column":46}}},"233":{"name":"(anonymous_233)","line":1902,"loc":{"start":{"line":1902,"column":46},"end":{"line":1902,"column":73}}},"234":{"name":"(anonymous_234)","line":1919,"loc":{"start":{"line":1919,"column":20},"end":{"line":1919,"column":40}}},"235":{"name":"(anonymous_235)","line":1947,"loc":{"start":{"line":1947,"column":63},"end":{"line":1947,"column":86}}},"236":{"name":"(anonymous_236)","line":1956,"loc":{"start":{"line":1956,"column":21},"end":{"line":1956,"column":51}}},"237":{"name":"(anonymous_237)","line":1966,"loc":{"start":{"line":1966,"column":26},"end":{"line":1966,"column":61}}},"238":{"name":"(anonymous_238)","line":1974,"loc":{"start":{"line":1974,"column":23},"end":{"line":1974,"column":61}}},"239":{"name":"(anonymous_239)","line":1988,"loc":{"start":{"line":1988,"column":20},"end":{"line":1988,"column":32}}},"240":{"name":"(anonymous_240)","line":1994,"loc":{"start":{"line":1994,"column":26},"end":{"line":1994,"column":43}}},"241":{"name":"(anonymous_241)","line":2005,"loc":{"start":{"line":2005,"column":26},"end":{"line":2005,"column":43}}},"242":{"name":"(anonymous_242)","line":2027,"loc":{"start":{"line":2027,"column":33},"end":{"line":2027,"column":49}}},"243":{"name":"(anonymous_243)","line":2032,"loc":{"start":{"line":2032,"column":37},"end":{"line":2032,"column":50}}},"244":{"name":"(anonymous_244)","line":2035,"loc":{"start":{"line":2035,"column":40},"end":{"line":2035,"column":60}}},"245":{"name":"(anonymous_245)","line":2044,"loc":{"start":{"line":2044,"column":20},"end":{"line":2044,"column":32}}},"246":{"name":"(anonymous_246)","line":2048,"loc":{"start":{"line":2048,"column":28},"end":{"line":2048,"column":63}}},"247":{"name":"verify","line":2049,"loc":{"start":{"line":2049,"column":8},"end":{"line":2049,"column":27}}},"248":{"name":"(anonymous_248)","line":2057,"loc":{"start":{"line":2057,"column":20},"end":{"line":2057,"column":32}}},"249":{"name":"(anonymous_249)","line":2058,"loc":{"start":{"line":2058,"column":20},"end":{"line":2058,"column":32}}},"250":{"name":"(anonymous_250)","line":2071,"loc":{"start":{"line":2071,"column":29},"end":{"line":2071,"column":46}}},"251":{"name":"(anonymous_251)","line":2074,"loc":{"start":{"line":2074,"column":37},"end":{"line":2074,"column":55}}},"252":{"name":"(anonymous_252)","line":2089,"loc":{"start":{"line":2089,"column":27},"end":{"line":2089,"column":43}}},"253":{"name":"(anonymous_253)","line":2097,"loc":{"start":{"line":2097,"column":31},"end":{"line":2097,"column":66}}},"254":{"name":"(anonymous_254)","line":2105,"loc":{"start":{"line":2105,"column":30},"end":{"line":2105,"column":65}}},"255":{"name":"(anonymous_255)","line":2150,"loc":{"start":{"line":2150,"column":20},"end":{"line":2150,"column":32}}},"256":{"name":"(anonymous_256)","line":2154,"loc":{"start":{"line":2154,"column":26},"end":{"line":2154,"column":43}}},"257":{"name":"(anonymous_257)","line":2156,"loc":{"start":{"line":2156,"column":58},"end":{"line":2156,"column":76}}},"258":{"name":"(anonymous_258)","line":2186,"loc":{"start":{"line":2186,"column":39},"end":{"line":2186,"column":55}}},"259":{"name":"(anonymous_259)","line":2190,"loc":{"start":{"line":2190,"column":46},"end":{"line":2190,"column":64}}},"260":{"name":"(anonymous_260)","line":2205,"loc":{"start":{"line":2205,"column":20},"end":{"line":2205,"column":32}}},"261":{"name":"(anonymous_261)","line":2209,"loc":{"start":{"line":2209,"column":22},"end":{"line":2209,"column":55}}},"262":{"name":"(anonymous_262)","line":2212,"loc":{"start":{"line":2212,"column":20},"end":{"line":2212,"column":32}}},"263":{"name":"(anonymous_263)","line":2218,"loc":{"start":{"line":2218,"column":26},"end":{"line":2218,"column":43}}},"264":{"name":"(anonymous_264)","line":2230,"loc":{"start":{"line":2230,"column":20},"end":{"line":2230,"column":32}}},"265":{"name":"(anonymous_265)","line":2234,"loc":{"start":{"line":2234,"column":21},"end":{"line":2234,"column":54}}},"266":{"name":"(anonymous_266)","line":2239,"loc":{"start":{"line":2239,"column":20},"end":{"line":2239,"column":32}}},"267":{"name":"(anonymous_267)","line":2242,"loc":{"start":{"line":2242,"column":28},"end":{"line":2242,"column":46}}},"268":{"name":"(anonymous_268)","line":2250,"loc":{"start":{"line":2250,"column":20},"end":{"line":2250,"column":32}}},"269":{"name":"(anonymous_269)","line":2254,"loc":{"start":{"line":2254,"column":31},"end":{"line":2254,"column":66}}},"270":{"name":"(anonymous_270)","line":2260,"loc":{"start":{"line":2260,"column":22},"end":{"line":2260,"column":40}}},"271":{"name":"(anonymous_271)","line":2266,"loc":{"start":{"line":2266,"column":32},"end":{"line":2266,"column":67}}},"272":{"name":"(anonymous_272)","line":2269,"loc":{"start":{"line":2269,"column":20},"end":{"line":2269,"column":32}}},"273":{"name":"(anonymous_273)","line":2299,"loc":{"start":{"line":2299,"column":30},"end":{"line":2299,"column":43}}},"274":{"name":"(anonymous_274)","line":2304,"loc":{"start":{"line":2304,"column":20},"end":{"line":2304,"column":32}}},"275":{"name":"(anonymous_275)","line":2308,"loc":{"start":{"line":2308,"column":33},"end":{"line":2308,"column":68}}},"276":{"name":"(anonymous_276)","line":2314,"loc":{"start":{"line":2314,"column":22},"end":{"line":2314,"column":40}}},"277":{"name":"(anonymous_277)","line":2320,"loc":{"start":{"line":2320,"column":26},"end":{"line":2320,"column":64}}},"278":{"name":"(anonymous_278)","line":2334,"loc":{"start":{"line":2334,"column":20},"end":{"line":2334,"column":32}}},"279":{"name":"(anonymous_279)","line":2340,"loc":{"start":{"line":2340,"column":26},"end":{"line":2340,"column":43}}},"280":{"name":"(anonymous_280)","line":2351,"loc":{"start":{"line":2351,"column":26},"end":{"line":2351,"column":43}}},"281":{"name":"(anonymous_281)","line":2368,"loc":{"start":{"line":2368,"column":33},"end":{"line":2368,"column":49}}},"282":{"name":"(anonymous_282)","line":2373,"loc":{"start":{"line":2373,"column":37},"end":{"line":2373,"column":50}}},"283":{"name":"(anonymous_283)","line":2376,"loc":{"start":{"line":2376,"column":40},"end":{"line":2376,"column":60}}},"284":{"name":"(anonymous_284)","line":2385,"loc":{"start":{"line":2385,"column":20},"end":{"line":2385,"column":32}}},"285":{"name":"(anonymous_285)","line":2389,"loc":{"start":{"line":2389,"column":33},"end":{"line":2389,"column":68}}},"286":{"name":"(anonymous_286)","line":2401,"loc":{"start":{"line":2401,"column":24},"end":{"line":2401,"column":39}}},"287":{"name":"(anonymous_287)","line":2404,"loc":{"start":{"line":2404,"column":22},"end":{"line":2404,"column":40}}},"288":{"name":"(anonymous_288)","line":2414,"loc":{"start":{"line":2414,"column":25},"end":{"line":2414,"column":58}}},"289":{"name":"(anonymous_289)","line":2417,"loc":{"start":{"line":2417,"column":20},"end":{"line":2417,"column":32}}},"290":{"name":"(anonymous_290)","line":2430,"loc":{"start":{"line":2430,"column":20},"end":{"line":2430,"column":32}}},"291":{"name":"(anonymous_291)","line":2434,"loc":{"start":{"line":2434,"column":23},"end":{"line":2434,"column":56}}},"292":{"name":"(anonymous_292)","line":2437,"loc":{"start":{"line":2437,"column":20},"end":{"line":2437,"column":32}}},"293":{"name":"(anonymous_293)","line":2444,"loc":{"start":{"line":2444,"column":20},"end":{"line":2444,"column":32}}},"294":{"name":"(anonymous_294)","line":2448,"loc":{"start":{"line":2448,"column":28},"end":{"line":2448,"column":75}}},"295":{"name":"(anonymous_295)","line":2455,"loc":{"start":{"line":2455,"column":48},"end":{"line":2455,"column":61}}},"296":{"name":"(anonymous_296)","line":2460,"loc":{"start":{"line":2460,"column":23},"end":{"line":2460,"column":46}}},"297":{"name":"(anonymous_297)","line":2468,"loc":{"start":{"line":2468,"column":46},"end":{"line":2468,"column":73}}},"298":{"name":"(anonymous_298)","line":2485,"loc":{"start":{"line":2485,"column":20},"end":{"line":2485,"column":40}}},"299":{"name":"(anonymous_299)","line":2518,"loc":{"start":{"line":2518,"column":29},"end":{"line":2518,"column":47}}},"300":{"name":"(anonymous_300)","line":2531,"loc":{"start":{"line":2531,"column":63},"end":{"line":2531,"column":86}}},"301":{"name":"(anonymous_301)","line":2540,"loc":{"start":{"line":2540,"column":21},"end":{"line":2540,"column":51}}},"302":{"name":"(anonymous_302)","line":2550,"loc":{"start":{"line":2550,"column":22},"end":{"line":2550,"column":55}}},"303":{"name":"(anonymous_303)","line":2555,"loc":{"start":{"line":2555,"column":21},"end":{"line":2555,"column":46}}},"304":{"name":"(anonymous_304)","line":2569,"loc":{"start":{"line":2569,"column":18},"end":{"line":2569,"column":30}}},"305":{"name":"(anonymous_305)","line":2575,"loc":{"start":{"line":2575,"column":26},"end":{"line":2575,"column":43}}},"306":{"name":"(anonymous_306)","line":2578,"loc":{"start":{"line":2578,"column":34},"end":{"line":2578,"column":52}}},"307":{"name":"(anonymous_307)","line":2596,"loc":{"start":{"line":2596,"column":33},"end":{"line":2596,"column":57}}},"308":{"name":"(anonymous_308)","line":2610,"loc":{"start":{"line":2610,"column":21},"end":{"line":2610,"column":53}}},"309":{"name":"(anonymous_309)","line":2616,"loc":{"start":{"line":2616,"column":20},"end":{"line":2616,"column":32}}},"310":{"name":"(anonymous_310)","line":2617,"loc":{"start":{"line":2617,"column":31},"end":{"line":2617,"column":48}}},"311":{"name":"(anonymous_311)","line":2627,"loc":{"start":{"line":2627,"column":18},"end":{"line":2627,"column":30}}},"312":{"name":"(anonymous_312)","line":2631,"loc":{"start":{"line":2631,"column":24},"end":{"line":2631,"column":57}}},"313":{"name":"(anonymous_313)","line":2634,"loc":{"start":{"line":2634,"column":20},"end":{"line":2634,"column":32}}},"314":{"name":"(anonymous_314)","line":2635,"loc":{"start":{"line":2635,"column":20},"end":{"line":2635,"column":32}}},"315":{"name":"(anonymous_315)","line":2639,"loc":{"start":{"line":2639,"column":21},"end":{"line":2639,"column":53}}},"316":{"name":"(anonymous_316)","line":2642,"loc":{"start":{"line":2642,"column":20},"end":{"line":2642,"column":32}}},"317":{"name":"(anonymous_317)","line":2643,"loc":{"start":{"line":2643,"column":20},"end":{"line":2643,"column":32}}},"318":{"name":"(anonymous_318)","line":2647,"loc":{"start":{"line":2647,"column":24},"end":{"line":2647,"column":49}}},"319":{"name":"(anonymous_319)","line":2650,"loc":{"start":{"line":2650,"column":20},"end":{"line":2650,"column":32}}},"320":{"name":"(anonymous_320)","line":2653,"loc":{"start":{"line":2653,"column":25},"end":{"line":2653,"column":42}}},"321":{"name":"(anonymous_321)","line":2656,"loc":{"start":{"line":2656,"column":28},"end":{"line":2656,"column":48}}},"322":{"name":"(anonymous_322)","line":2662,"loc":{"start":{"line":2662,"column":20},"end":{"line":2662,"column":32}}},"323":{"name":"(anonymous_323)","line":2666,"loc":{"start":{"line":2666,"column":30},"end":{"line":2666,"column":55}}},"324":{"name":"(anonymous_324)","line":2669,"loc":{"start":{"line":2669,"column":20},"end":{"line":2669,"column":32}}},"325":{"name":"(anonymous_325)","line":2672,"loc":{"start":{"line":2672,"column":25},"end":{"line":2672,"column":42}}},"326":{"name":"(anonymous_326)","line":2675,"loc":{"start":{"line":2675,"column":28},"end":{"line":2675,"column":48}}},"327":{"name":"(anonymous_327)","line":2680,"loc":{"start":{"line":2680,"column":20},"end":{"line":2680,"column":32}}},"328":{"name":"(anonymous_328)","line":2684,"loc":{"start":{"line":2684,"column":24},"end":{"line":2684,"column":67}}},"329":{"name":"(anonymous_329)","line":2688,"loc":{"start":{"line":2688,"column":20},"end":{"line":2688,"column":32}}},"330":{"name":"(anonymous_330)","line":2689,"loc":{"start":{"line":2689,"column":18},"end":{"line":2689,"column":30}}},"331":{"name":"(anonymous_331)","line":2706,"loc":{"start":{"line":2706,"column":29},"end":{"line":2706,"column":72}}},"332":{"name":"(anonymous_332)","line":2709,"loc":{"start":{"line":2709,"column":20},"end":{"line":2709,"column":32}}},"333":{"name":"(anonymous_333)","line":2710,"loc":{"start":{"line":2710,"column":18},"end":{"line":2710,"column":30}}},"334":{"name":"(anonymous_334)","line":2727,"loc":{"start":{"line":2727,"column":22},"end":{"line":2727,"column":47}}},"335":{"name":"(anonymous_335)","line":2730,"loc":{"start":{"line":2730,"column":20},"end":{"line":2730,"column":32}}},"336":{"name":"(anonymous_336)","line":2733,"loc":{"start":{"line":2733,"column":28},"end":{"line":2733,"column":41}}},"337":{"name":"(anonymous_337)","line":2737,"loc":{"start":{"line":2737,"column":20},"end":{"line":2737,"column":32}}},"338":{"name":"(anonymous_338)","line":2741,"loc":{"start":{"line":2741,"column":21},"end":{"line":2741,"column":46}}},"339":{"name":"(anonymous_339)","line":2749,"loc":{"start":{"line":2749,"column":22},"end":{"line":2749,"column":54}}},"340":{"name":"(anonymous_340)","line":2754,"loc":{"start":{"line":2754,"column":20},"end":{"line":2754,"column":32}}},"341":{"name":"(anonymous_341)","line":2758,"loc":{"start":{"line":2758,"column":25},"end":{"line":2758,"column":38}}},"342":{"name":"(anonymous_342)","line":2763,"loc":{"start":{"line":2763,"column":20},"end":{"line":2763,"column":32}}},"343":{"name":"(anonymous_343)","line":2767,"loc":{"start":{"line":2767,"column":22},"end":{"line":2767,"column":54}}},"344":{"name":"(anonymous_344)","line":2772,"loc":{"start":{"line":2772,"column":20},"end":{"line":2772,"column":32}}},"345":{"name":"(anonymous_345)","line":2773,"loc":{"start":{"line":2773,"column":18},"end":{"line":2773,"column":30}}},"346":{"name":"(anonymous_346)","line":2779,"loc":{"start":{"line":2779,"column":33},"end":{"line":2779,"column":46}}},"347":{"name":"(anonymous_347)","line":2786,"loc":{"start":{"line":2786,"column":29},"end":{"line":2786,"column":50}}},"348":{"name":"(anonymous_348)","line":2792,"loc":{"start":{"line":2792,"column":32},"end":{"line":2792,"column":46}}},"349":{"name":"(anonymous_349)","line":2795,"loc":{"start":{"line":2795,"column":33},"end":{"line":2795,"column":47}}},"350":{"name":"(anonymous_350)","line":2804,"loc":{"start":{"line":2804,"column":21},"end":{"line":2804,"column":60}}},"351":{"name":"(anonymous_351)","line":2808,"loc":{"start":{"line":2808,"column":20},"end":{"line":2808,"column":32}}},"352":{"name":"(anonymous_352)","line":2816,"loc":{"start":{"line":2816,"column":20},"end":{"line":2816,"column":32}}},"353":{"name":"(anonymous_353)","line":2820,"loc":{"start":{"line":2820,"column":18},"end":{"line":2820,"column":30}}},"354":{"name":"(anonymous_354)","line":2827,"loc":{"start":{"line":2827,"column":23},"end":{"line":2827,"column":62}}},"355":{"name":"(anonymous_355)","line":2831,"loc":{"start":{"line":2831,"column":20},"end":{"line":2831,"column":32}}},"356":{"name":"(anonymous_356)","line":2838,"loc":{"start":{"line":2838,"column":20},"end":{"line":2838,"column":32}}},"357":{"name":"(anonymous_357)","line":2842,"loc":{"start":{"line":2842,"column":18},"end":{"line":2842,"column":30}}},"358":{"name":"(anonymous_358)","line":2851,"loc":{"start":{"line":2851,"column":24},"end":{"line":2851,"column":56}}},"359":{"name":"(anonymous_359)","line":2854,"loc":{"start":{"line":2854,"column":20},"end":{"line":2854,"column":32}}},"360":{"name":"(anonymous_360)","line":2855,"loc":{"start":{"line":2855,"column":20},"end":{"line":2855,"column":32}}},"361":{"name":"(anonymous_361)","line":2864,"loc":{"start":{"line":2864,"column":22},"end":{"line":2864,"column":47}}},"362":{"name":"(anonymous_362)","line":2868,"loc":{"start":{"line":2868,"column":20},"end":{"line":2868,"column":32}}},"363":{"name":"(anonymous_363)","line":2871,"loc":{"start":{"line":2871,"column":28},"end":{"line":2871,"column":45}}},"364":{"name":"(anonymous_364)","line":2874,"loc":{"start":{"line":2874,"column":25},"end":{"line":2874,"column":42}}},"365":{"name":"(anonymous_365)","line":2878,"loc":{"start":{"line":2878,"column":18},"end":{"line":2878,"column":30}}},"366":{"name":"(anonymous_366)","line":2882,"loc":{"start":{"line":2882,"column":22},"end":{"line":2882,"column":55}}},"367":{"name":"(anonymous_367)","line":2887,"loc":{"start":{"line":2887,"column":21},"end":{"line":2887,"column":46}}},"368":{"name":"(anonymous_368)","line":2901,"loc":{"start":{"line":2901,"column":18},"end":{"line":2901,"column":30}}},"369":{"name":"(anonymous_369)","line":2906,"loc":{"start":{"line":2906,"column":26},"end":{"line":2906,"column":58}}},"370":{"name":"(anonymous_370)","line":2916,"loc":{"start":{"line":2916,"column":33},"end":{"line":2916,"column":53}}},"371":{"name":"(anonymous_371)","line":2931,"loc":{"start":{"line":2931,"column":19},"end":{"line":2931,"column":46}}},"372":{"name":"emit","line":2941,"loc":{"start":{"line":2941,"column":4},"end":{"line":2941,"column":29}}},"373":{"name":"(anonymous_373)","line":2945,"loc":{"start":{"line":2945,"column":25},"end":{"line":2945,"column":39}}},"374":{"name":"(anonymous_374)","line":2946,"loc":{"start":{"line":2946,"column":33},"end":{"line":2946,"column":45}}},"375":{"name":"Subscriber","line":2953,"loc":{"start":{"line":2953,"column":4},"end":{"line":2953,"column":28}}},"376":{"name":"(anonymous_376)","line":2957,"loc":{"start":{"line":2957,"column":37},"end":{"line":2957,"column":56}}},"377":{"name":"(anonymous_377)","line":2962,"loc":{"start":{"line":2962,"column":38},"end":{"line":2962,"column":57}}},"378":{"name":"(anonymous_378)","line":2968,"loc":{"start":{"line":2968,"column":35},"end":{"line":2968,"column":54}}},"379":{"name":"(anonymous_379)","line":2977,"loc":{"start":{"line":2977,"column":35},"end":{"line":2977,"column":63}}},"380":{"name":"(anonymous_380)","line":2990,"loc":{"start":{"line":2990,"column":39},"end":{"line":2990,"column":56}}},"381":{"name":"(anonymous_381)","line":3000,"loc":{"start":{"line":3000,"column":27},"end":{"line":3000,"column":56}}},"382":{"name":"(anonymous_382)","line":3006,"loc":{"start":{"line":3006,"column":21},"end":{"line":3006,"column":36}}},"383":{"name":"(anonymous_383)","line":3012,"loc":{"start":{"line":3012,"column":23},"end":{"line":3012,"column":55}}},"384":{"name":"(anonymous_384)","line":3020,"loc":{"start":{"line":3020,"column":21},"end":{"line":3020,"column":43}}},"385":{"name":"(anonymous_385)","line":3026,"loc":{"start":{"line":3026,"column":24},"end":{"line":3026,"column":43}}},"386":{"name":"(anonymous_386)","line":3034,"loc":{"start":{"line":3034,"column":21},"end":{"line":3034,"column":40}}},"387":{"name":"(anonymous_387)","line":3036,"loc":{"start":{"line":3036,"column":32},"end":{"line":3036,"column":61}}},"388":{"name":"(anonymous_388)","line":3043,"loc":{"start":{"line":3043,"column":24},"end":{"line":3043,"column":49}}},"389":{"name":"(anonymous_389)","line":3049,"loc":{"start":{"line":3049,"column":24},"end":{"line":3049,"column":53}}},"390":{"name":"(anonymous_390)","line":3060,"loc":{"start":{"line":3060,"column":24},"end":{"line":3060,"column":62}}},"391":{"name":"(anonymous_391)","line":3062,"loc":{"start":{"line":3062,"column":20},"end":{"line":3062,"column":47}}},"392":{"name":"(anonymous_392)","line":3071,"loc":{"start":{"line":3071,"column":29},"end":{"line":3071,"column":49}}},"393":{"name":"(anonymous_393)","line":3078,"loc":{"start":{"line":3078,"column":24},"end":{"line":3078,"column":46}}},"394":{"name":"(anonymous_394)","line":3092,"loc":{"start":{"line":3092,"column":25},"end":{"line":3092,"column":44}}},"395":{"name":"(anonymous_395)","line":3094,"loc":{"start":{"line":3094,"column":32},"end":{"line":3094,"column":54}}},"396":{"name":"(anonymous_396)","line":3110,"loc":{"start":{"line":3110,"column":26},"end":{"line":3110,"column":55}}},"397":{"name":"(anonymous_397)","line":3116,"loc":{"start":{"line":3116,"column":21},"end":{"line":3116,"column":37}}},"398":{"name":"(anonymous_398)","line":3122,"loc":{"start":{"line":3122,"column":28},"end":{"line":3122,"column":48}}},"399":{"name":"(anonymous_399)","line":3129,"loc":{"start":{"line":3129,"column":24},"end":{"line":3129,"column":46}}},"400":{"name":"(anonymous_400)","line":3143,"loc":{"start":{"line":3143,"column":25},"end":{"line":3143,"column":41}}},"401":{"name":"(anonymous_401)","line":3145,"loc":{"start":{"line":3145,"column":32},"end":{"line":3145,"column":54}}},"402":{"name":"(anonymous_402)","line":3163,"loc":{"start":{"line":3163,"column":24},"end":{"line":3163,"column":44}}},"403":{"name":"(anonymous_403)","line":3167,"loc":{"start":{"line":3167,"column":22},"end":{"line":3167,"column":42}}},"404":{"name":"(anonymous_404)","line":3172,"loc":{"start":{"line":3172,"column":50},"end":{"line":3172,"column":69}}},"405":{"name":"(anonymous_405)","line":3174,"loc":{"start":{"line":3174,"column":26},"end":{"line":3174,"column":50}}},"406":{"name":"(anonymous_406)","line":3185,"loc":{"start":{"line":3185,"column":34},"end":{"line":3185,"column":49}}},"407":{"name":"(anonymous_407)","line":3186,"loc":{"start":{"line":3186,"column":22},"end":{"line":3186,"column":34}}},"408":{"name":"(anonymous_408)","line":3188,"loc":{"start":{"line":3188,"column":26},"end":{"line":3188,"column":50}}},"409":{"name":"(anonymous_409)","line":3200,"loc":{"start":{"line":3200,"column":18},"end":{"line":3200,"column":38}}},"410":{"name":"(anonymous_410)","line":3201,"loc":{"start":{"line":3201,"column":29},"end":{"line":3201,"column":46}}},"411":{"name":"(anonymous_411)","line":3213,"loc":{"start":{"line":3213,"column":28},"end":{"line":3213,"column":45}}},"412":{"name":"(anonymous_412)","line":3219,"loc":{"start":{"line":3219,"column":21},"end":{"line":3219,"column":41}}},"413":{"name":"(anonymous_413)","line":3227,"loc":{"start":{"line":3227,"column":24},"end":{"line":3227,"column":44}}},"414":{"name":"(anonymous_414)","line":3231,"loc":{"start":{"line":3231,"column":21},"end":{"line":3231,"column":34}}},"415":{"name":"(anonymous_415)","line":3233,"loc":{"start":{"line":3233,"column":71},"end":{"line":3233,"column":87}}},"416":{"name":"(anonymous_416)","line":3244,"loc":{"start":{"line":3244,"column":22},"end":{"line":3244,"column":47}}},"417":{"name":"(anonymous_417)","line":3259,"loc":{"start":{"line":3259,"column":21},"end":{"line":3259,"column":63}}},"418":{"name":"(anonymous_418)","line":3264,"loc":{"start":{"line":3264,"column":24},"end":{"line":3264,"column":64}}},"419":{"name":"(anonymous_419)","line":3268,"loc":{"start":{"line":3268,"column":30},"end":{"line":3268,"column":58}}},"420":{"name":"(anonymous_420)","line":3272,"loc":{"start":{"line":3272,"column":29},"end":{"line":3272,"column":49}}},"421":{"name":"(anonymous_421)","line":3276,"loc":{"start":{"line":3276,"column":28},"end":{"line":3276,"column":48}}},"422":{"name":"(anonymous_422)","line":3280,"loc":{"start":{"line":3280,"column":28},"end":{"line":3280,"column":48}}},"423":{"name":"(anonymous_423)","line":3287,"loc":{"start":{"line":3287,"column":21},"end":{"line":3287,"column":51}}},"424":{"name":"(anonymous_424)","line":3297,"loc":{"start":{"line":3297,"column":21},"end":{"line":3297,"column":50}}},"425":{"name":"(anonymous_425)","line":3301,"loc":{"start":{"line":3301,"column":21},"end":{"line":3301,"column":41}}},"426":{"name":"(anonymous_426)","line":3305,"loc":{"start":{"line":3305,"column":21},"end":{"line":3305,"column":41}}},"427":{"name":"(anonymous_427)","line":3309,"loc":{"start":{"line":3309,"co
[...]
}}]},"387":{"line":2563,"type":"if","locations":[{"start":{"line":2563,"column":8},"end":{"line":2563,"column":8}},{"start":{"line":2563,"column":8},"end":{"line":2563,"column":8}}]},"388":{"line":2563,"type":"binary-expr","locations":[{"start":{"line":2563,"column":12},"end":{"line":2563,"column":40}},{"start":{"line":2563,"column":44},"end":{"line":2563,"column":70}}]},"389":{"line":2579,"type":"if","locations":[{"start":{"line":2579,"column":32},"end":{"line":2579,"column":32}},{"start":{"line":2579,"column":32},"end":{"line":2579,"column":32}}]},"390":{"line":2580,"type":"if","locations":[{"start":{"line":2580,"column":36},"end":{"line":2580,"column":36}},{"start":{"line":2580,"column":36},"end":{"line":2580,"column":36}}]},"391":{"line":2580,"type":"binary-expr","locations":[{"start":{"line":2580,"column":40},"end":{"line":2580,"column":68}},{"start":{"line":2580,"column":72},"end":{"line":2580,"column":91}}]},"392":{"line":2585,"type":"if","locations":[{"start":{"line":2585,"column":32},"end":{"line":2585,"column":32}},{"start":{"line":2585,"column":32},"end":{"line":2585,"column":32}}]},"393":{"line":2591,"type":"if","locations":[{"start":{"line":2591,"column":24},"end":{"line":2591,"column":24}},{"start":{"line":2591,"column":24},"end":{"line":2591,"column":24}}]},"394":{"line":2599,"type":"if","locations":[{"start":{"line":2599,"column":16},"end":{"line":2599,"column":16}},{"start":{"line":2599,"column":16},"end":{"line":2599,"column":16}}]},"395":{"line":2618,"type":"if","locations":[{"start":{"line":2618,"column":20},"end":{"line":2618,"column":20}},{"start":{"line":2618,"column":20},"end":{"line":2618,"column":20}}]},"396":{"line":2623,"type":"if","locations":[{"start":{"line":2623,"column":16},"end":{"line":2623,"column":16}},{"start":{"line":2623,"column":16},"end":{"line":2623,"column":16}}]},"397":{"line":2634,"type":"cond-expr","locations":[{"start":{"line":2634,"column":83},"end":{"line":2634,"column":84}},{"start":{"line":2634,"column":87},"end":{"line":2634,"column":88}}]},"398":{"line":2691,"type":"if","locations":[{"start":{"line":2691,"column":16},"end":{"line":2691,"column":16}},{"start":{"line":2691,"column":16},"end":{"line":2691,"column":16}}]},"399":{"line":2696,"type":"if","locations":[{"start":{"line":2696,"column":20},"end":{"line":2696,"column":20}},{"start":{"line":2696,"column":20},"end":{"line":2696,"column":20}}]},"400":{"line":2712,"type":"if","locations":[{"start":{"line":2712,"column":16},"end":{"line":2712,"column":16}},{"start":{"line":2712,"column":16},"end":{"line":2712,"column":16}}]},"401":{"line":2717,"type":"if","locations":[{"start":{"line":2717,"column":20},"end":{"line":2717,"column":20}},{"start":{"line":2717,"column":20},"end":{"line":2717,"column":20}}]},"402":{"line":2743,"type":"if","locations":[{"start":{"line":2743,"column":8},"end":{"line":2743,"column":8}},{"start":{"line":2743,"column":8},"end":{"line":2743,"column":8}}]},"403":{"line":2776,"type":"if","locations":[{"start":{"line":2776,"column":16},"end":{"line":2776,"column":16}},{"start":{"line":2776,"column":16},"end":{"line":2776,"column":16}}]},"404":{"line":2776,"type":"binary-expr","locations":[{"start":{"line":2776,"column":20},"end":{"line":2776,"column":39}},{"start":{"line":2776,"column":43},"end":{"line":2776,"column":68}},{"start":{"line":2776,"column":72},"end":{"line":2776,"column":97}}]},"405":{"line":2787,"type":"if","locations":[{"start":{"line":2787,"column":28},"end":{"line":2787,"column":28}},{"start":{"line":2787,"column":28},"end":{"line":2787,"column":28}}]},"406":{"line":2809,"type":"if","locations":[{"start":{"line":2809,"column":16},"end":{"line":2809,"column":16}},{"start":{"line":2809,"column":16},"end":{"line":2809,"column":16}}]},"407":{"line":2809,"type":"binary-expr","locations":[{"start":{"line":2809,"column":20},"end":{"line":2809,"column":47}},{"start":{"line":2809,"column":51},"end":{"line":2809,"column":90}}]},"408":{"line":2832,"type":"if","locations":[{"start":{"line":2832,"column":16},"end":{"line":2832,"column":16}},{"start":{"line":2832,"column":16},"end":{"line":2832,"column":16}}]},"409":{"line":2832,"type":"binary-expr","locations":[{"start":{"line":2832,"column":20},"end":{"line":2832,"column":47}},{"start":{"line":2832,"column":51},"end":{"line":2832,"column":90}}]},"410":{"line":2843,"type":"if","locations":[{"start":{"line":2843,"column":16},"end":{"line":2843,"column":16}},{"start":{"line":2843,"column":16},"end":{"line":2843,"column":16}}]},"411":{"line":2856,"type":"if","locations":[{"start":{"line":2856,"column":16},"end":{"line":2856,"column":16}},{"start":{"line":2856,"column":16},"end":{"line":2856,"column":16}}]},"412":{"line":2888,"type":"if","locations":[{"start":{"line":2888,"column":16},"end":{"line":2888,"column":16}},{"start":{"line":2888,"column":16},"end":{"line":2888,"column":16}}]},"413":{"line":2891,"type":"if","locations":[{"start":{"line":2891,"column":16},"end":{"line":2891,"column":16}},{"start":{"line":2891,"column":16},"end":{"line":2891,"column":16}}]},"414":{"line":2895,"type":"if","locations":[{"start":{"line":2895,"column":8},"end":{"line":2895,"column":8}},{"start":{"line":2895,"column":8},"end":{"line":2895,"column":8}}]},"415":{"line":2895,"type":"binary-expr","locations":[{"start":{"line":2895,"column":12},"end":{"line":2895,"column":40}},{"start":{"line":2895,"column":44},"end":{"line":2895,"column":70}}]},"416":{"line":2907,"type":"if","locations":[{"start":{"line":2907,"column":24},"end":{"line":2907,"column":24}},{"start":{"line":2907,"column":24},"end":{"line":2907,"column":24}}]},"417":{"line":2910,"type":"if","locations":[{"start":{"line":2910,"column":24},"end":{"line":2910,"column":24}},{"start":{"line":2910,"column":24},"end":{"line":2910,"column":24}}]},"418":{"line":2910,"type":"binary-expr","locations":[{"start":{"line":2910,"column":28},"end":{"line":2910,"column":56}},{"start":{"line":2910,"column":60},"end":{"line":2910,"column":77}}]},"419":{"line":2919,"type":"if","locations":[{"start":{"line":2919,"column":16},"end":{"line":2919,"column":16}},{"start":{"line":2919,"column":16},"end":{"line":2919,"column":16}}]},"420":{"line":2932,"type":"if","locations":[{"start":{"line":2932,"column":8},"end":{"line":2932,"column":8}},{"start":{"line":2932,"column":8},"end":{"line":2932,"column":8}}]},"421":{"line":2935,"type":"if","locations":[{"start":{"line":2935,"column":8},"end":{"line":2935,"column":8}},{"start":{"line":2935,"column":8},"end":{"line":2935,"column":8}}]},"422":{"line":2943,"type":"if","locations":[{"start":{"line":2943,"column":8},"end":{"line":2943,"column":8}},{"start":{"line":2943,"column":8},"end":{"line":2943,"column":8}}]},"423":{"line":2969,"type":"if","locations":[{"start":{"line":2969,"column":8},"end":{"line":2969,"column":8}},{"start":{"line":2969,"column":8},"end":{"line":2969,"column":8}}]},"424":{"line":2969,"type":"binary-expr","locations":[{"start":{"line":2969,"column":12},"end":{"line":2969,"column":32}},{"start":{"line":2969,"column":36},"end":{"line":2969,"column":60}}]},"425":{"line":2972,"type":"if","locations":[{"start":{"line":2972,"column":8},"end":{"line":2972,"column":8}},{"start":{"line":2972,"column":8},"end":{"line":2972,"column":8}}]},"426":{"line":2972,"type":"binary-expr","locations":[{"start":{"line":2972,"column":12},"end":{"line":2972,"column":32}},{"start":{"line":2972,"column":36},"end":{"line":2972,"column":63}}]},"427":{"line":2978,"type":"if","locations":[{"start":{"line":2978,"column":8},"end":{"line":2978,"column":8}},{"start":{"line":2978,"column":8},"end":{"line":2978,"column":8}}]},"428":{"line":2979,"type":"if","locations":[{"start":{"line":2979,"column":12},"end":{"line":2979,"column":12}},{"start":{"line":2979,"column":12},"end":{"line":2979,"column":12}}]},"429":{"line":2983,"type":"if","locations":[{"start":{"line":2983,"column":17},"end":{"line":2983,"column":17}},{"start":{"line":2983,"column":17},"end":{"line":2983,"column":17}}]},"430":{"line":2991,"type":"if","locations":[{"start":{"line":2991,"column":8},"end":{"line":2991,"column":8}},{"start":{"line":2991,"column":8},"end":{"line":2991,"column":8}}]},"431":{"line":2994,"type":"if","locations":[{"start":{"line":2994,"column":8},"end":{"line":2994,"column":8}},{"start":{"line":2994,"column":8},"end":{"line":2994,"column":8}}]},"432":{"line":3015,"type":"if","locations":[{"start":{"line":3015,"column":8},"end":{"line":3015,"column":8}},{"start":{"line":3015,"column":8},"end":{"line":3015,"column":8}}]},"433":{"line":3016,"type":"if","locations":[{"start":{"line":3016,"column":12},"end":{"line":3016,"column":12}},{"start":{"line":3016,"column":12},"end":{"line":3016,"column":12}}]},"434":{"line":3021,"type":"if","locations":[{"start":{"line":3021,"column":20},"end":{"line":3021,"column":20}},{"start":{"line":3021,"column":20},"end":{"line":3021,"column":20}}]},"435":{"line":3021,"type":"binary-expr","locations":[{"start":{"line":3021,"column":24},"end":{"line":3021,"column":50}},{"start":{"line":3021,"column":55},"end":{"line":3021,"column":59}},{"start":{"line":3021,"column":63},"end":{"line":3021,"column":92}}]},"436":{"line":3030,"type":"if","locations":[{"start":{"line":3030,"column":13},"end":{"line":3030,"column":13}},{"start":{"line":3030,"column":13},"end":{"line":3030,"column":13}}]},"437":{"line":3037,"type":"if","locations":[{"start":{"line":3037,"column":28},"end":{"line":3037,"column":28}},{"start":{"line":3037,"column":28},"end":{"line":3037,"column":28}}]},"438":{"line":3047,"type":"if","locations":[{"start":{"line":3047,"column":13},"end":{"line":3047,"column":13}},{"start":{"line":3047,"column":13},"end":{"line":3047,"column":13}}]},"439":{"line":3050,"type":"if","locations":[{"start":{"line":3050,"column":20},"end":{"line":3050,"column":20}},{"start":{"line":3050,"column":20},"end":{"line":3050,"column":20}}]},"440":{"line":3063,"type":"if","locations":[{"start":{"line":3063,"column":16},"end":{"line":3063,"column":16}},{"start":{"line":3063,"column":16},"end":{"line":3063,"column":16}}]},"441":{"line":3076,"type":"if","locations":[{"start":{"line":3076,"column":8},"end":{"line":3076,"column":8}},{"start":{"line":3076,"column":8},"end":{"line":3076,"column":8}}]},"442":{"line":3079,"type":"if","locations":[{"start":{"line":3079,"column":20},"end":{"line":3079,"column":20}},{"start":{"line":3079,"column":20},"end":{"line":3079,"column":20}}]},"443":{"line":3082,"type":"if","locations":[{"start":{"line":3082,"column":20},"end":{"line":3082,"column":20}},{"start":{"line":3082,"column":20},"end":{"line":3082,"column":20}}]},"444":{"line":3095,"type":"if","locations":[{"start":{"line":3095,"column":28},"end":{"line":3095,"column":28}},{"start":{"line":3095,"column":28},"end":{"line":3095,"column":28}}]},"445":{"line":3098,"type":"if","locations":[{"start":{"line":3098,"column":28},"end":{"line":3098,"column":28}},{"start":{"line":3098,"column":28},"end":{"line":3098,"column":28}}]},"446":{"line":3127,"type":"if","locations":[{"start":{"line":3127,"column":8},"end":{"line":3127,"column":8}},{"start":{"line":3127,"column":8},"end":{"line":3127,"column":8}}]},"447":{"line":3130,"type":"if","locations":[{"start":{"line":3130,"column":20},"end":{"line":3130,"column":20}},{"start":{"line":3130,"column":20},"end":{"line":3130,"column":20}}]},"448":{"line":3133,"type":"if","locations":[{"start":{"line":3133,"column":20},"end":{"line":3133,"column":20}},{"start":{"line":3133,"column":20},"end":{"line":3133,"column":20}}]},"449":{"line":3146,"type":"if","locations":[{"start":{"line":3146,"column":28},"end":{"line":3146,"column":28}},{"start":{"line":3146,"column":28},"end":{"line":3146,"column":28}}]},"450":{"line":3149,"type":"if","locations":[{"start":{"line":3149,"column":28},"end":{"line":3149,"column":28}},{"start":{"line":3149,"column":28},"end":{"line":3149,"column":28}}]},"451":{"line":3171,"type":"if","locations":[{"start":{"line":3171,"column":8},"end":{"line":3171,"column":8}},{"start":{"line":3171,"column":8},"end":{"line":3171,"column":8}}]},"452":{"line":3175,"type":"if","locations":[{"start":{"line":3175,"column":20},"end":{"line":3175,"column":20}},{"start":{"line":3175,"column":20},"end":{"line":3175,"column":20}}]},"453":{"line":3189,"type":"if","locations":[{"start":{"line":3189,"column":20},"end":{"line":3189,"column":20}},{"start":{"line":3189,"column":20},"end":{"line":3189,"column":20}}]},"454":{"line":3201,"type":"if","locations":[{"start":{"line":3201,"column":12},"end":{"line":3201,"column":12}},{"start":{"line":3201,"column":12},"end":{"line":3201,"column":12}}]},"455":{"line":3203,"type":"if","locations":[{"start":{"line":3203,"column":16},"end":{"line":3203,"column":16}},{"start":{"line":3203,"column":16},"end":{"line":3203,"column":16}}]},"456":{"line":3203,"type":"binary-expr","locations":[{"start":{"line":3203,"column":20},"end":{"line":3203,"column":43}},{"start":{"line":3203,"column":47},"end":{"line":3203,"column":71}},{"start":{"line":3203,"column":75},"end":{"line":3203,"column":120}}]},"457":{"line":3232,"type":"if","locations":[{"start":{"line":3232,"column":16},"end":{"line":3232,"column":16}},{"start":{"line":3232,"column":16},"end":{"line":3232,"column":16}}]},"458":{"line":3236,"type":"if","locations":[{"start":{"line":3236,"column":20},"end":{"line":3236,"column":20}},{"start":{"line":3236,"column":20},"end":{"line":3236,"column":20}}]},"459":{"line":3245,"type":"if","locations":[{"start":{"line":3245,"column":8},"end":{"line":3245,"column":8}},{"start":{"line":3245,"column":8},"end":{"line":3245,"column":8}}]},"460":{"line":3288,"type":"if","locations":[{"start":{"line":3288,"column":8},"end":{"line":3288,"column":8}},{"start":{"line":3288,"column":8},"end":{"line":3288,"column":8}}]},"461":{"line":3291,"type":"if","locations":[{"start":{"line":3291,"column":8},"end":{"line":3291,"column":8}},{"start":{"line":3291,"column":8},"end":{"line":3291,"column":8}}]},"462":{"line":3387,"type":"if","locations":[{"start":{"line":3387,"column":12},"end":{"line":3387,"column":12}},{"start":{"line":3387,"column":12},"end":{"line":3387,"column":12}}]},"463":{"line":3387,"type":"binary-expr","locations":[{"start":{"line":3387,"column":16},"end":{"line":3387,"column":28}},{"start":{"line":3387,"column":32},"end":{"line":3387,"column":45}},{"start":{"line":3387,"column":49},"end":{"line":3387,"column":63}}]},"464":{"line":3390,"type":"if","locations":[{"start":{"line":3390,"column":12},"end":{"line":3390,"column":12}},{"start":{"line":3390,"column":12},"end":{"line":3390,"column":12}}]},"465":{"line":3395,"type":"if","locations":[{"start":{"line":3395,"column":12},"end":{"line":3395,"column":12}},{"start":{"line":3395,"column":12},"end":{"line":3395,"column":12}}]},"466":{"line":3400,"type":"if","locations":[{"start":{"line":3400,"column":12},"end":{"line":3400,"column":12}},{"start":{"line":3400,"column":12},"end":{"line":3400,"column":12}}]},"467":{"line":3405,"type":"if","locations":[{"start":{"line":3405,"column":12},"end":{"line":3405,"column":12}},{"start":{"line":3405,"column":12},"end":{"line":3405,"column":12}}]},"468":{"line":3431,"type":"if","locations":[{"start":{"line":3431,"column":12},"end":{"line":3431,"column":12}},{"start":{"line":3431,"column":12},"end":{"line":3431,"column":12}}]},"469":{"line":3479,"type":"if","locations":[{"start":{"line":3479,"column":8},"end":{"line":3479,"column":8}},{"start":{"line":3479,"column":8},"end":{"line":3479,"column":8}}]},"470":{"line":3480,"type":"if","locations":[{"start":{"line":3480,"column":12},"end":{"line":3480,"column":12}},{"start":{"line":3480,"column":12},"end":{"line":3480,"column":12}}]},"471":{"line":3484,"type":"if","locations":[{"start":{"line":3484,"column":17},"end":{"line":3484,"column":17}},{"start":{"line":3484,"column":17},"end":{"line":3484,"column":17}}]},"472":{"line":3492,"type":"if","locations":[{"start":{"line":3492,"column":13},"end":{"line":3492,"column":13}},{"start":{"line":3492,"column":13},"end":{"line":3492,"column":13}}]},"473":{"line":3492,"type":"binary-expr","locations":[{"start":{"line":3492,"column":17},"end":{"line":3492,"column":47}},{"start":{"line":3492,"column":51},"end":{"line":3492,"column":65}}]},"474":{"line":3508,"type":"if","locations":[{"start":{"line":3508,"column":8},"end":{"line":3508,"column":8}},{"start":{"line":3508,"column":8},"end":{"line":3508,"column":8}}]},"475":{"line":3517,"type":"if","locations":[{"start":{"line":3517,"column":12},"end":{"line":3517,"column":12}},{"start":{"line":3517,"column":12},"end":{"line":3517,"column":12}}]},"476":{"line":3529,"type":"if","locations":[{"start":{"line":3529,"column":12},"end":{"line":3529,"column":12}},{"start":{"line":3529,"column":12},"end":{"line":3529,"column":12}}]},"477":{"line":3545,"type":"if","locations":[{"start":{"line":3545,"column":12},"end":{"line":3545,"column":12}},{"start":{"line":3545,"column":12},"end":{"line":3545,"column":12}}]},"478":{"line":3551,"type":"if","locations":[{"start":{"line":3551,"column":16},"end":{"line":3551,"column":16}},{"start":{"line":3551,"column":16},"end":{"line":3551,"column":16}}]},"479":{"line":3552,"type":"if","locations":[{"start":{"line":3552,"column":20},"end":{"line":3552,"column":20}},{"start":{"line":3552,"column":20},"end":{"line":3552,"column":20}}]},"480":{"line":3552,"type":"binary-expr","locations":[{"start":{"line":3552,"column":24},"end":{"line":3552,"column":32}},{"start":{"line":3552,"column":36},"end":{"line":3552,"column":66}}]},"481":{"line":3557,"type":"if","locations":[{"start":{"line":3557,"column":16},"end":{"line":3557,"column":16}},{"start":{"line":3557,"column":16},"end":{"line":3557,"column":16}}]},"482":{"line":3557,"type":"binary-expr","locations":[{"start":{"line":3557,"column":20},"end":{"line":3557,"column":28}},{"start":{"line":3557,"column":32},"end":{"line":3557,"column":62}}]},"483":{"line":3564,"type":"if","locations":[{"start":{"line":3564,"column":12},"end":{"line":3564,"column":12}},{"start":{"line":3564,"column":12},"end":{"line":3564,"column":12}}]},"484":{"line":3575,"type":"binary-expr","locations":[{"start":{"line":3575,"column":23},"end":{"line":3575,"column":54}},{"start":{"line":3575,"column":58},"end":{"line":3575,"column":73}}]},"485":{"line":3599,"type":"if","locations":[{"start":{"line":3599,"column":8},"end":{"line":3599,"column":8}},{"start":{"line":3599,"column":8},"end":{"line":3599,"column":8}}]},"486":{"line":3607,"type":"if","locations":[{"start":{"line":3607,"column":12},"end":{"line":3607,"column":12}},{"start":{"line":3607,"column":12},"end":{"line":3607,"column":12}}]},"487":{"line":3626,"type":"if","locations":[{"start":{"line":3626,"column":4},"end":{"line":3626,"column":4}},{"start":{"line":3626,"column":4},"end":{"line":3626,"column":4}}]},"488":{"line":3626,"type":"binary-expr","locations":[{"start":{"line":3626,"column":8},"end":{"line":3626,"column":38}},{"start":{"line":3626,"column":42},"end":{"line":3626,"column":84}}]},"489":{"line":3629,"type":"if","locations":[{"start":{"line":3629,"column":8},"end":{"line":3629,"column":8}},{"start":{"line":3629,"column":8},"end":{"line":3629,"column":8}}]},"490":{"line":3632,"type":"if","locations":[{"start":{"line":3632,"column":8},"end":{"line":3632,"column":8}},{"start":{"line":3632,"column":8},"end":{"line":3632,"column":8}}]},"491":{"line":3635,"type":"if","locations":[{"start":{"line":3635,"column":8},"end":{"line":3635,"column":8}},{"start":{"line":3635,"column":8},"end":{"line":3635,"column":8}}]},"492":{"line":3639,"type":"if","locations":[{"start":{"line":3639,"column":8},"end":{"line":3639,"column":8}},{"start":{"line":3639,"column":8},"end":{"line":3639,"column":8}}]},"493":{"line":3640,"type":"if","locations":[{"start":{"line":3640,"column":12},"end":{"line":3640,"column":12}},{"start":{"line":3640,"column":12},"end":{"line":3640,"column":12}}]},"494":{"line":3640,"type":"binary-expr","locations":[{"start":{"line":3640,"column":16},"end":{"line":3640,"column":45}},{"start":{"line":3640,"column":49},"end":{"line":3640,"column":63}}]}}}}