TN:
SF:/Users/airenstein/Work/redis-mock-js/redis-mock.js
FN:4,(anonymous_1)
FN:17,exists
FN:39,(anonymous_3)
FN:46,SortedSet
FN:55,(anonymous_5)
FN:73,(anonymous_6)
FN:90,(anonymous_7)
FN:91,(anonymous_8)
FN:96,(anonymous_9)
FN:97,(anonymous_10)
FN:102,(anonymous_11)
FN:123,(anonymous_12)
FN:138,escapechar
FN:145,translate
FN:186,(anonymous_15)
FN:187,(anonymous_16)
FN:190,(anonymous_17)
FN:201,(anonymous_18)
FN:202,(anonymous_19)
FN:221,(anonymous_20)
FN:225,(anonymous_21)
FN:228,(anonymous_22)
FN:232,(anonymous_23)
FN:236,(anonymous_24)
FN:240,(anonymous_25)
FN:276,(anonymous_26)
FN:281,(anonymous_27)
FN:303,(anonymous_28)
FN:310,(anonymous_29)
FN:315,(anonymous_30)
FN:320,(anonymous_31)
FN:325,(anonymous_32)
FN:331,(anonymous_33)
FN:369,(anonymous_34)
FN:374,(anonymous_35)
FN:379,(anonymous_36)
FN:384,(anonymous_37)
FN:393,(anonymous_38)
FN:406,(anonymous_39)
FN:417,(anonymous_40)
FN:423,(anonymous_41)
FN:432,(anonymous_42)
FN:434,loop_through
FN:461,(anonymous_44)
FN:488,(anonymous_45)
FN:501,(anonymous_46)
FN:506,(anonymous_47)
FN:511,(anonymous_48)
FN:520,(anonymous_49)
FN:545,(anonymous_50)
FN:553,(anonymous_51)
FN:630,(anonymous_52)
FN:633,(anonymous_53)
FN:637,(anonymous_54)
FN:640,(anonymous_55)
FN:664,(anonymous_56)
FN:674,(anonymous_57)
FN:705,(anonymous_58)
FN:710,(anonymous_59)
FN:722,(anonymous_60)
FN:728,(anonymous_61)
FN:733,(anonymous_62)
FN:736,(anonymous_63)
FN:743,(anonymous_64)
FN:777,(anonymous_65)
FN:793,(anonymous_66)
FN:799,(anonymous_67)
FN:839,(anonymous_68)
FN:843,(anonymous_69)
FN:846,(anonymous_70)
FN:847,(anonymous_71)
FN:858,(anonymous_72)
FN:866,(anonymous_73)
FN:869,(anonymous_74)
FN:878,(anonymous_75)
FN:883,(anonymous_76)
FN:886,(anonymous_77)
FN:899,(anonymous_78)
FN:904,(anonymous_79)
FN:911,(anonymous_80)
FN:916,(anonymous_81)
FN:919,(anonymous_82)
FN:920,(anonymous_83)
FN:932,(anonymous_84)
FN:935,(anonymous_85)
FN:936,(anonymous_86)
FN:948,(anonymous_87)
FN:952,(anonymous_88)
FN:958,(anonymous_89)
FN:963,(anonymous_90)
FN:968,(anonymous_91)
FN:975,(anonymous_92)
FN:980,(anonymous_93)
FN:985,(anonymous_94)
FN:990,(anonymous_95)
FN:997,(anonymous_96)
FN:1004,(anonymous_97)
FN:1010,(anonymous_98)
FN:1045,(anonymous_99)
FN:1048,(anonymous_100)
FN:1051,(anonymous_101)
FN:1083,(anonymous_102)
FN:1090,(anonymous_103)
FN:1099,(anonymous_104)
FN:1102,(anonymous_105)
FN:1105,(anonymous_106)
FN:1124,(anonymous_107)
FN:1130,(anonymous_108)
FN:1131,(anonymous_109)
FN:1138,(anonymous_110)
FN:1145,(anonymous_111)
FN:1149,(anonymous_112)
FN:1166,(anonymous_113)
FN:1174,(anonymous_114)
FN:1181,(anonymous_115)
FN:1185,(anonymous_116)
FN:1202,(anonymous_117)
FN:1210,(anonymous_118)
FN:1213,(anonymous_119)
FN:1229,(anonymous_120)
FN:1237,(anonymous_121)
FN:1241,(anonymous_122)
FN:1249,(anonymous_123)
FN:1253,(anonymous_124)
FN:1256,(anonymous_125)
FN:1269,(anonymous_126)
FN:1273,(anonymous_127)
FN:1276,(anonymous_128)
FN:1277,(anonymous_129)
FN:1281,(anonymous_130)
FN:1284,(anonymous_131)
FN:1291,(anonymous_132)
FN:1295,(anonymous_133)
FN:1300,(anonymous_134)
FN:1301,(anonymous_135)
FN:1302,(anonymous_136)
FN:1310,(anonymous_137)
FN:1313,(anonymous_138)
FN:1317,(anonymous_139)
FN:1321,(anonymous_140)
FN:1325,(anonymous_141)
FN:1344,(anonymous_142)
FN:1348,(anonymous_143)
FN:1352,(anonymous_144)
FN:1369,(anonymous_145)
FN:1373,(anonymous_146)
FN:1376,(anonymous_147)
FN:1383,(anonymous_148)
FN:1387,(anonymous_149)
FN:1390,(anonymous_150)
FN:1411,(anonymous_151)
FN:1420,(anonymous_152)
FN:1423,(anonymous_153)
FN:1430,(anonymous_154)
FN:1434,(anonymous_155)
FN:1455,(anonymous_156)
FN:1460,(anonymous_157)
FN:1461,(anonymous_158)
FN:1468,(anonymous_159)
FN:1471,(anonymous_160)
FN:1475,(anonymous_161)
FN:1482,(anonymous_162)
FN:1488,(anonymous_163)
FN:1489,(anonymous_164)
FN:1490,(anonymous_165)
FN:1505,(anonymous_166)
FN:1508,(anonymous_167)
FN:1509,(anonymous_168)
FN:1513,(anonymous_169)
FN:1517,(anonymous_170)
FN:1524,(anonymous_171)
FN:1527,(anonymous_172)
FN:1531,(anonymous_173)
FN:1532,(anonymous_174)
FN:1540,(anonymous_175)
FN:1554,(anonymous_176)
FN:1558,(anonymous_177)
FN:1565,(anonymous_178)
FN:1568,(anonymous_179)
FN:1572,(anonymous_180)
FN:1573,(anonymous_181)
FN:1581,(anonymous_182)
FN:1592,(anonymous_183)
FN:1598,(anonymous_184)
FN:1601,(anonymous_185)
FN:1602,(anonymous_186)
FN:1606,(anonymous_187)
FN:1609,(anonymous_188)
FN:1610,(anonymous_189)
FN:1614,(anonymous_190)
FN:1635,(anonymous_191)
FN:1648,(anonymous_192)
FN:1661,(anonymous_193)
FN:1688,(anonymous_194)
FN:1692,(anonymous_195)
FN:1698,(anonymous_196)
FN:1699,(anonymous_197)
FN:1710,(anonymous_198)
FN:1714,(anonymous_199)
FN:1718,(anonymous_200)
FN:1725,(anonymous_201)
FN:1728,(anonymous_202)
FN:1732,(anonymous_203)
FN:1735,(anonymous_204)
FN:1738,(anonymous_205)
FN:1747,(anonymous_206)
FN:1758,(anonymous_207)
FN:1764,(anonymous_208)
FN:1769,(anonymous_209)
FN:1783,(anonymous_210)
FN:1788,(anonymous_211)
FN:1806,(anonymous_212)
FN:1812,(anonymous_213)
FN:1813,(anonymous_214)
FN:1816,(anonymous_215)
FN:1822,(anonymous_216)
FN:1825,(anonymous_217)
FN:1828,(anonymous_218)
FN:1836,(anonymous_219)
FN:1839,(anonymous_220)
FN:1842,(anonymous_221)
FN:1846,(anonymous_222)
FN:1849,(anonymous_223)
FN:1852,(anonymous_224)
FN:1855,(anonymous_225)
FN:1860,(anonymous_226)
FN:1864,(anonymous_227)
FN:1867,(anonymous_228)
FN:1868,(anonymous_229)
FN:1882,(anonymous_230)
FN:1889,(anonymous_231)
FN:1894,(anonymous_232)
FN:1902,(anonymous_233)
FN:1919,(anonymous_234)
FN:1947,(anonymous_235)
FN:1956,(anonymous_236)
FN:1966,(anonymous_237)
FN:1974,(anonymous_238)
FN:1988,(anonymous_239)
FN:1994,(anonymous_240)
FN:2005,(anonymous_241)
FN:2027,(anonymous_242)
FN:2032,(anonymous_243)
FN:2035,(anonymous_244)
FN:2044,(anonymous_245)
FN:2048,(anonymous_246)
FN:2049,verify
FN:2057,(anonymous_248)
FN:2058,(anonymous_249)
FN:2071,(anonymous_250)
FN:2074,(anonymous_251)
FN:2089,(anonymous_252)
FN:2097,(anonymous_253)
FN:2105,(anonymous_254)
FN:2150,(anonymous_255)
FN:2154,(anonymous_256)
FN:2156,(anonymous_257)
FN:2186,(anonymous_258)
FN:2190,(anonymous_259)
FN:2205,(anonymous_260)
FN:2209,(anonymous_261)
FN:2212,(anonymous_262)
FN:2218,(anonymous_263)
FN:2230,(anonymous_264)
FN:2234,(anonymous_265)
FN:2239,(anonymous_266)
FN:2242,(anonymous_267)
FN:2250,(anonymous_268)
FN:2254,(anonymous_269)
FN:2260,(anonymous_270)
FN:2266,(anonymous_271)
FN:2269,(anonymous_272)
FN:2299,(anonymous_273)
FN:2304,(anonymous_274)
FN:2308,(anonymous_275)
FN:2314,(anonymous_276)
FN:2320,(anonymous_277)
FN:2334,(anonymous_278)
FN:2340,(anonymous_279)
FN:2351,(anonymous_280)
FN:2368,(anonymous_281)
FN:2373,(anonymous_282)
FN:2376,(anonymous_283)
FN:2385,(anonymous_284)
FN:2389,(anonymous_285)
FN:2401,(anonymous_286)
FN:2404,(anonymous_287)
FN:2414,(anonymous_288)
FN:2417,(anonymous_289)
FN:2430,(anonymous_290)
FN:2434,(anonymous_291)
FN:2437,(anonymous_292)
FN:2444,(anonymous_293)
FN:2448,(anonymous_294)
FN:2455,(anonymous_295)
FN:2460,(anonymous_296)
FN:2468,(anonymous_297)
FN:2485,(anonymous_298)
FN:2518,(anonymous_299)
FN:2531,(anonymous_300)
FN:2540,(anonymous_301)
FN:2550,(anonymous_302)
FN:2555,(anonymous_303)
FN:2569,(anonymous_304)
FN:2575,(anonymous_305)
FN:2578,(anonymous_306)
FN:2596,(anonymous_307)
FN:2610,(anonymous_308)
FN:2616,(anonymous_309)
FN:2617,(anonymous_310)
FN:2627,(anonymous_311)
FN:2631,(anonymous_312)
FN:2634,(anonymous_313)
FN:2635,(anonymous_314)
FN:2639,(anonymous_315)
FN:2642,(anonymous_316)
FN:2643,(anonymous_317)
FN:2647,(anonymous_318)
FN:2650,(anonymous_319)
FN:2653,(anonymous_320)
FN:2656,(anonymous_321)
FN:2662,(anonymous_322)
FN:2666,(anonymous_323)
FN:2669,(anonymous_324)
FN:2672,(anonymous_325)
FN:2675,(anonymous_326)
FN:2680,(anonymous_327)
FN:2684,(anonymous_328)
FN:2688,(anonymous_329)
FN:2689,(anonymous_330)
FN:2706,(anonymous_331)
FN:2709,(anonymous_332)
FN:2710,(anonymous_333)
FN:2727,(anonymous_334)
FN:2730,(anonymous_335)
FN:2733,(anonymous_336)
FN:2737,(anonymous_337)
FN:2741,(anonymous_338)
FN:2749,(anonymous_339)
FN:2754,(anonymous_340)
FN:2758,(anonymous_341)
FN:2763,(anonymous_342)
FN:2767,(anonymous_343)
FN:2772,(anonymous_344)
FN:2773,(anonymous_345)
FN:2779,(anonymous_346)
FN:2786,(anonymous_347)
FN:2792,(anonymous_348)
FN:2795,(anonymous_349)
FN:2804,(anonymous_350)
FN:2808,(anonymous_351)
FN:2816,(anonymous_352)
FN:2820,(anonymous_353)
FN:2827,(anonymous_354)
FN:2831,(anonymous_355)
FN:2838,(anonymous_356)
FN:2842,(anonymous_357)
FN:2851,(anonymous_358)
FN:2854,(anonymous_359)
FN:2855,(anonymous_360)
FN:2864,(anonymous_361)
FN:2868,(anonymous_362)
FN:2871,(anonymous_363)
FN:2874,(anonymous_364)
FN:2878,(anonymous_365)
FN:2882,(anonymous_366)
FN:2887,(anonymous_367)
FN:2901,(anonymous_368)
FN:2906,(anonymous_369)
FN:2916,(anonymous_370)
FN:2931,(anonymous_371)
FN:2941,emit
FN:2945,(anonymous_373)
FN:2946,(anonymous_374)
FN:2953,Subscriber
FN:2957,(anonymous_376)
FN:2962,(anonymous_377)
FN:2968,(anonymous_378)
FN:2977,(anonymous_379)
FN:2990,(anonymous_380)
FN:3000,(anonymous_381)
FN:3006,(anonymous_382)
FN:3012,(anonymous_383)
FN:3020,(anonymous_384)
FN:3026,(anonymous_385)
FN:3034,(anonymous_386)
FN:3036,(anonymous_387)
FN:3043,(anonymous_388)
FN:3049,(anonymous_389)
FN:3060,(anonymous_390)
FN:3062,(anonymous_391)
FN:3071,(anonymous_392)
FN:3078,(anonymous_393)
FN:3092,(anonymous_394)
FN:3094,(anonymous_395)
FN:3110,(anonymous_396)
FN:3116,(anonymous_397)
FN:3122,(anonymous_398)
FN:3129,(anonymous_399)
FN:3143,(anonymous_400)
FN:3145,(anonymous_401)
FN:3163,(anonymous_402)
FN:3167,(anonymous_403)
FN:3172,(anonymous_404)
FN:3174,(anonymous_405)
FN:3185,(anonymous_406)
FN:3186,(anonymous_407)
FN:3188,(anonymous_408)
FN:3200,(anonymous_409)
FN:3201,(anonymous_410)
FN:3213,(anonymous_411)
FN:3219,(anonymous_412)
FN:3227,(anonymous_413)
FN:3231,(anonymous_414)
FN:3233,(anonymous_415)
FN:3244,(anonymous_416)
FN:3259,(anonymous_417)
FN:3264,(anonymous_418)
FN:3268,(anonymous_419)
FN:3272,(anonymous_420)
FN:3276,(anonymous_421)
FN:3280,(anonymous_422)
FN:3287,(anonymous_423)
FN:3297,(anonymous_424)
FN:3301,(anonymous_425)
FN:3305,(anonymous_426)
FN:3309,(anonymous_427)
FN:3313,(anonymous_428)
FN:3320,(anonymous_429)
FN:3324,(anonymous_430)
FN:3328,(anonymous_431)
FN:3332,(anonymous_432)
FN:3336,(anonymous_433)
FN:3340,(anonymous_434)
FN:3344,(anonymous_435)
FN:3348,(anonymous_436)
FN:3352,(anonymous_437)
FN:3356,(anonymous_438)
FN:3360,(anonymous_439)
FN:3364,(anonymous_440)
FN:3368,(anonymous_441)
FN:3372,(anonymous_442)
FN:3376,(anonymous_443)
FN:3380,(anonymous_444)
FN:3384,(anonymous_445)
FN:3412,(anonymous_446)
FN:3416,(anonymous_447)
FN:3420,(anonymous_448)
FN:3425,(anonymous_449)
FN:3430,(anonymous_450)
FN:3439,(anonymous_451)
FN:3443,(anonymous_452)
FN:3447,(anonymous_453)
FN:3451,(anonymous_454)
FN:3455,(anonymous_455)
FN:3459,(anonymous_456)
FN:3463,(anonymous_457)
FN:3467,(anonymous_458)
FN:3471,(anonymous_459)
FN:3475,(anonymous_460)
FN:3515,(anonymous_461)
FN:3516,(anonymous_462)
FN:3525,(anonymous_463)
FN:3527,(anonymous_464)
FN:3536,toPromise
FN:3537,(anonymous_466)
FN:3550,(anonymous_467)
FN:3570,(anonymous_468)
FN:3574,(anonymous_469)
FN:3577,(anonymous_470)
FN:3580,(anonymous_471)
FN:3586,(anonymous_472)
FN:3588,(anonymous_473)
FN:3589,(anonymous_474)
FN:3598,(anonymous_475)
FN:3611,(anonymous_476)
FN:3612,(anonymous_477)
FN:3616,(anonymous_478)
FN:3622,(anonymous_479)
FNF:479
FNH:426
FNDA:1,(anonymous_1)
FNDA:110513,exists
FNDA:7377,(anonymous_3)
FNDA:134,SortedSet
FNDA:708,(anonymous_5)
FNDA:137,(anonymous_6)
FNDA:146,(anonymous_7)
FNDA:17481,(anonymous_8)
FNDA:10,(anonymous_9)
FNDA:23,(anonymous_10)
FNDA:134,(anonymous_11)
FNDA:98,(anonymous_12)
FNDA:0,escapechar
FNDA:83,translate
FNDA:52759,(anonymous_15)
FNDA:52759,(anonymous_16)
FNDA:533,(anonymous_17)
FNDA:1479,(anonymous_18)
FNDA:1479,(anonymous_19)
FNDA:167,(anonymous_20)
FNDA:23306,(anonymous_21)
FNDA:22545,(anonymous_22)
FNDA:22990,(anonymous_23)
FNDA:1221,(anonymous_24)
FNDA:23306,(anonymous_25)
FNDA:116,(anonymous_26)
FNDA:132,(anonymous_27)
FNDA:132,(anonymous_28)
FNDA:0,(anonymous_29)
FNDA:26052,(anonymous_30)
FNDA:12,(anonymous_31)
FNDA:8,(anonymous_32)
FNDA:7,(anonymous_33)
FNDA:0,(anonymous_34)
FNDA:0,(anonymous_35)
FNDA:0,(anonymous_36)
FNDA:5,(anonymous_37)
FNDA:39,(anonymous_38)
FNDA:18,(anonymous_39)
FNDA:8,(anonymous_40)
FNDA:8,(anonymous_41)
FNDA:10,(anonymous_42)
FNDA:40,loop_through
FNDA:22,(anonymous_44)
FNDA:12,(anonymous_45)
FNDA:0,(anonymous_46)
FNDA:0,(anonymous_47)
FNDA:8,(anonymous_48)
FNDA:2244,(anonymous_49)
FNDA:4,(anonymous_50)
FNDA:4,(anonymous_51)
FNDA:6,(anonymous_52)
FNDA:2,(anonymous_53)
FNDA:2,(anonymous_54)
FNDA:4,(anonymous_55)
FNDA:22,(anonymous_56)
FNDA:18,(anonymous_57)
FNDA:2,(anonymous_58)
FNDA:14,(anonymous_59)
FNDA:31,(anonymous_60)
FNDA:30,(anonymous_61)
FNDA:27,(anonymous_62)
FNDA:27,(anonymous_63)
FNDA:27,(anonymous_64)
FNDA:30,(anonymous_65)
FNDA:4,(anonymous_66)
FNDA:24,(anonymous_67)
FNDA:8,(anonymous_68)
FNDA:16,(anonymous_69)
FNDA:4,(anonymous_70)
FNDA:12,(anonymous_71)
FNDA:172,(anonymous_72)
FNDA:31,(anonymous_73)
FNDA:27,(anonymous_74)
FNDA:2,(anonymous_75)
FNDA:16,(anonymous_76)
FNDA:9,(anonymous_77)
FNDA:2,(anonymous_78)
FNDA:6,(anonymous_79)
FNDA:8,(anonymous_80)
FNDA:16,(anonymous_81)
FNDA:4,(anonymous_82)
FNDA:12,(anonymous_83)
FNDA:8,(anonymous_84)
FNDA:2,(anonymous_85)
FNDA:6,(anonymous_86)
FNDA:3,(anonymous_87)
FNDA:11,(anonymous_88)
FNDA:8,(anonymous_89)
FNDA:48,(anonymous_90)
FNDA:24,(anonymous_91)
FNDA:4,(anonymous_92)
FNDA:24,(anonymous_93)
FNDA:10,(anonymous_94)
FNDA:9,(anonymous_95)
FNDA:1,(anonymous_96)
FNDA:279,(anonymous_97)
FNDA:570,(anonymous_98)
FNDA:14,(anonymous_99)
FNDA:0,(anonymous_100)
FNDA:13,(anonymous_101)
FNDA:1,(anonymous_102)
FNDA:4,(anonymous_103)
FNDA:6,(anonymous_104)
FNDA:0,(anonymous_105)
FNDA:5,(anonymous_106)
FNDA:6,(anonymous_107)
FNDA:2,(anonymous_108)
FNDA:0,(anonymous_109)
FNDA:4,(anonymous_110)
FNDA:2432,(anonymous_111)
FNDA:9609,(anonymous_112)
FNDA:1,(anonymous_113)
FNDA:4,(anonymous_114)
FNDA:2431,(anonymous_115)
FNDA:9548,(anonymous_116)
FNDA:1,(anonymous_117)
FNDA:4,(anonymous_118)
FNDA:1936,(anonymous_119)
FNDA:1,(anonymous_120)
FNDA:48,(anonymous_121)
FNDA:42,(anonymous_122)
FNDA:46,(anonymous_123)
FNDA:10,(anonymous_124)
FNDA:6,(anonymous_125)
FNDA:2,(anonymous_126)
FNDA:21152,(anonymous_127)
FNDA:42,(anonymous_128)
FNDA:21105,(anonymous_129)
FNDA:9,(anonymous_130)
FNDA:5,(anonymous_131)
FNDA:2,(anonymous_132)
FNDA:71,(anonymous_133)
FNDA:60,(anonymous_134)
FNDA:69,(anonymous_135)
FNDA:77,(anonymous_136)
FNDA:6,(anonymous_137)
FNDA:2,(anonymous_138)
FNDA:2,(anonymous_139)
FNDA:9,(anonymous_140)
FNDA:7,(anonymous_141)
FNDA:7,(anonymous_142)
FNDA:10,(anonymous_143)
FNDA:6,(anonymous_144)
FNDA:8,(anonymous_145)
FNDA:9,(anonymous_146)
FNDA:4,(anonymous_147)
FNDA:2,(anonymous_148)
FNDA:12,(anonymous_149)
FNDA:9,(anonymous_150)
FNDA:11,(anonymous_151)
FNDA:13,(anonymous_152)
FNDA:7,(anonymous_153)
FNDA:4,(anonymous_154)
FNDA:10,(anonymous_155)
FNDA:29,(anonymous_156)
FNDA:15,(anonymous_157)
FNDA:27,(anonymous_158)
FNDA:6,(anonymous_159)
FNDA:2,(anonymous_160)
FNDA:2,(anonymous_161)
FNDA:127,(anonymous_162)
FNDA:96,(anonymous_163)
FNDA:125,(anonymous_164)
FNDA:439,(anonymous_165)
FNDA:31,(anonymous_166)
FNDA:22,(anonymous_167)
FNDA:7,(anonymous_168)
FNDA:12,(anonymous_169)
FNDA:26,(anonymous_170)
FNDA:0,(anonymous_171)
FNDA:8,(anonymous_172)
FNDA:12,(anonymous_173)
FNDA:40,(anonymous_174)
FNDA:6,(anonymous_175)
FNDA:12,(anonymous_176)
FNDA:26,(anonymous_177)
FNDA:0,(anonymous_178)
FNDA:8,(anonymous_179)
FNDA:12,(anonymous_180)
FNDA:32,(anonymous_181)
FNDA:6,(anonymous_182)
FNDA:5,(anonymous_183)
FNDA:26,(anonymous_184)
FNDA:19,(anonymous_185)
FNDA:5,(anonymous_186)
FNDA:104,(anonymous_187)
FNDA:100,(anonymous_188)
FNDA:2,(anonymous_189)
FNDA:8,(anonymous_190)
FNDA:7,(anonymous_191)
FNDA:17,(anonymous_192)
FNDA:9,(anonymous_193)
FNDA:4,(anonymous_194)
FNDA:19,(anonymous_195)
FNDA:13,(anonymous_196)
FNDA:15,(anonymous_197)
FNDA:17,(anonymous_198)
FNDA:13,(anonymous_199)
FNDA:27,(anonymous_200)
FNDA:0,(anonymous_201)
FNDA:8,(anonymous_202)
FNDA:20,(anonymous_203)
FNDA:58,(anonymous_204)
FNDA:40,(anonymous_205)
FNDA:6,(anonymous_206)
FNDA:20,(anonymous_207)
FNDA:72,(anonymous_208)
FNDA:272,(anonymous_209)
FNDA:70,(anonymous_210)
FNDA:555,(anonymous_211)
FNDA:224,(anonymous_212)
FNDA:132,(anonymous_213)
FNDA:223,(anonymous_214)
FNDA:1416,(anonymous_215)
FNDA:1416,(anonymous_216)
FNDA:708,(anonymous_217)
FNDA:708,(anonymous_218)
FNDA:83,(anonymous_219)
FNDA:73,(anonymous_220)
FNDA:8,(anonymous_221)
FNDA:10,(anonymous_222)
FNDA:6,(anonymous_223)
FNDA:16,(anonymous_224)
FNDA:9,(anonymous_225)
FNDA:2,(anonymous_226)
FNDA:13,(anonymous_227)
FNDA:2,(anonymous_228)
FNDA:11,(anonymous_229)
FNDA:12,(anonymous_230)
FNDA:73,(anonymous_231)
FNDA:90,(anonymous_232)
FNDA:16,(anonymous_233)
FNDA:32,(anonymous_234)
FNDA:68,(anonymous_235)
FNDA:62,(anonymous_236)
FNDA:8,(anonymous_237)
FNDA:61,(anonymous_238)
FNDA:57,(anonymous_239)
FNDA:68,(anonymous_240)
FNDA:155,(anonymous_241)
FNDA:27,(anonymous_242)
FNDA:148,(anonymous_243)
FNDA:148,(anonymous_244)
FNDA:2,(anonymous_245)
FNDA:40,(anonymous_246)
FNDA:76,verify
FNDA:0,(anonymous_248)
FNDA:28,(anonymous_249)
FNDA:26,(anonymous_250)
FNDA:176,(anonymous_251)
FNDA:115,(anonymous_252)
FNDA:13,(anonymous_253)
FNDA:33,(anonymous_254)
FNDA:23,(anonymous_255)
FNDA:92,(anonymous_256)
FNDA:118,(anonymous_257)
FNDA:11,(anonymous_258)
FNDA:12,(anonymous_259)
FNDA:4,(anonymous_260)
FNDA:9,(anonymous_261)
FNDA:3,(anonymous_262)
FNDA:6,(anonymous_263)
FNDA:3,(anonymous_264)
FNDA:63,(anonymous_265)
FNDA:59,(anonymous_266)
FNDA:127,(anonymous_267)
FNDA:2,(anonymous_268)
FNDA:6,(anonymous_269)
FNDA:15,(anonymous_270)
FNDA:6,(anonymous_271)
FNDA:4,(anonymous_272)
FNDA:15,(anonymous_273)
FNDA:0,(anonymous_274)
FNDA:5,(anonymous_275)
FNDA:14,(anonymous_276)
FNDA:14,(anonymous_277)
FNDA:10,(anonymous_278)
FNDA:17,(anonymous_279)
FNDA:21,(anonymous_280)
FNDA:0,(anonymous_281)
FNDA:5,(anonymous_282)
FNDA:5,(anonymous_283)
FNDA:2,(anonymous_284)
FNDA:11,(anonymous_285)
FNDA:29,(anonymous_286)
FNDA:10,(anonymous_287)
FNDA:5,(anonymous_288)
FNDA:3,(anonymous_289)
FNDA:1,(anonymous_290)
FNDA:51,(anonymous_291)
FNDA:47,(anonymous_292)
FNDA:2,(anonymous_293)
FNDA:12,(anonymous_294)
FNDA:45,(anonymous_295)
FNDA:90,(anonymous_296)
FNDA:16,(anonymous_297)
FNDA:32,(anonymous_298)
FNDA:139,(anonymous_299)
FNDA:58,(anonymous_300)
FNDA:88,(anonymous_301)
FNDA:58,(anonymous_302)
FNDA:190,(anonymous_303)
FNDA:56,(anonymous_304)
FNDA:2225,(anonymous_305)
FNDA:2225,(anonymous_306)
FNDA:317,(anonymous_307)
FNDA:10,(anonymous_308)
FNDA:6,(anonymous_309)
FNDA:16,(anonymous_310)
FNDA:8,(anonymous_311)
FNDA:24,(anonymous_312)
FNDA:20,(anonymous_313)
FNDA:2,(anonymous_314)
FNDA:63,(anonymous_315)
FNDA:59,(anonymous_316)
FNDA:2,(anonymous_317)
FNDA:5,(anonymous_318)
FNDA:2,(anonymous_319)
FNDA:6,(anonymous_320)
FNDA:6,(anonymous_321)
FNDA:1,(anonymous_322)
FNDA:70,(anonymous_323)
FNDA:70,(anonymous_324)
FNDA:4223,(anonymous_325)
FNDA:4223,(anonymous_326)
FNDA:0,(anonymous_327)
FNDA:8,(anonymous_328)
FNDA:2,(anonymous_329)
FNDA:6,(anonymous_330)
FNDA:8,(anonymous_331)
FNDA:2,(anonymous_332)
FNDA:6,(anonymous_333)
FNDA:30,(anonymous_334)
FNDA:20,(anonymous_335)
FNDA:40,(anonymous_336)
FNDA:6,(anonymous_337)
FNDA:24,(anonymous_338)
FNDA:6,(anonymous_339)
FNDA:2,(anonymous_340)
FNDA:10,(anonymous_341)
FNDA:2,(anonymous_342)
FNDA:19,(anonymous_343)
FNDA:15,(anonymous_344)
FNDA:17,(anonymous_345)
FNDA:6,(anonymous_346)
FNDA:556,(anonymous_347)
FNDA:556,(anonymous_348)
FNDA:278,(anonymous_349)
FNDA:337,(anonymous_350)
FNDA:304,(anonymous_351)
FNDA:29,(anonymous_352)
FNDA:333,(anonymous_353)
FNDA:3,(anonymous_354)
FNDA:2,(anonymous_355)
FNDA:1,(anonymous_356)
FNDA:3,(anonymous_357)
FNDA:6,(anonymous_358)
FNDA:1,(anonymous_359)
FNDA:3,(anonymous_360)
FNDA:6,(anonymous_361)
FNDA:2,(anonymous_362)
FNDA:6,(anonymous_363)
FNDA:6,(anonymous_364)
FNDA:4,(anonymous_365)
FNDA:72,(anonymous_366)
FNDA:272,(anonymous_367)
FNDA:70,(anonymous_368)
FNDA:1061,(anonymous_369)
FNDA:379,(anonymous_370)
FNDA:29,(anonymous_371)
FNDA:89,emit
FNDA:45,(anonymous_373)
FNDA:45,(anonymous_374)
FNDA:42,Subscriber
FNDA:26,(anonymous_376)
FNDA:16,(anonymous_377)
FNDA:951,(anonymous_378)
FNDA:951,(anonymous_379)
FNDA:12,(anonymous_380)
FNDA:9,(anonymous_381)
FNDA:16,(anonymous_382)
FNDA:9,(anonymous_383)
FNDA:34,(anonymous_384)
FNDA:34,(anonymous_385)
FNDA:5,(anonymous_386)
FNDA:80,(anonymous_387)
FNDA:5,(anonymous_388)
FNDA:38,(anonymous_389)
FNDA:39,(anonymous_390)
FNDA:951,(anonymous_391)
FNDA:5,(anonymous_392)
FNDA:29,(anonymous_393)
FNDA:4,(anonymous_394)
FNDA:108,(anonymous_395)
FNDA:14,(anonymous_396)
FNDA:26,(anonymous_397)
FNDA:5,(anonymous_398)
FNDA:33,(anonymous_399)
FNDA:4,(anonymous_400)
FNDA:124,(anonymous_401)
FNDA:2,(anonymous_402)
FNDA:12,(anonymous_403)
FNDA:3,(anonymous_404)
FNDA:3,(anonymous_405)
FNDA:2098,(anonymous_406)
FNDA:29,(anonymous_407)
FNDA:14,(anonymous_408)
FNDA:12,(anonymous_409)
FNDA:23,(anonymous_410)
FNDA:17,(anonymous_411)
FNDA:1,(anonymous_412)
FNDA:13,(anonymous_413)
FNDA:38,(anonymous_414)
FNDA:10,(anonymous_415)
FNDA:7,(anonymous_416)
FNDA:0,(anonymous_417)
FNDA:0,(anonymous_418)
FNDA:0,(anonymous_419)
FNDA:0,(anonymous_420)
FNDA:0,(anonymous_421)
FNDA:0,(anonymous_422)
FNDA:6,(anonymous_423)
FNDA:2,(anonymous_424)
FNDA:2,(anonymous_425)
FNDA:2,(anonymous_426)
FNDA:0,(anonymous_427)
FNDA:29,(anonymous_428)
FNDA:0,(anonymous_429)
FNDA:0,(anonymous_430)
FNDA:0,(anonymous_431)
FNDA:0,(anonymous_432)
FNDA:0,(anonymous_433)
FNDA:0,(anonymous_434)
FNDA:0,(anonymous_435)
FNDA:0,(anonymous_436)
FNDA:0,(anonymous_437)
FNDA:0,(anonymous_438)
FNDA:0,(anonymous_439)
FNDA:0,(anonymous_440)
FNDA:0,(anonymous_441)
FNDA:0,(anonymous_442)
FNDA:0,(anonymous_443)
FNDA:0,(anonymous_444)
FNDA:6,(anonymous_445)
FNDA:0,(anonymous_446)
FNDA:0,(anonymous_447)
FNDA:0,(anonymous_448)
FNDA:9,(anonymous_449)
FNDA:11,(anonymous_450)
FNDA:0,(anonymous_451)
FNDA:0,(anonymous_452)
FNDA:0,(anonymous_453)
FNDA:0,(anonymous_454)
FNDA:0,(anonymous_455)
FNDA:0,(anonymous_456)
FNDA:0,(anonymous_457)
FNDA:0,(anonymous_458)
FNDA:0,(anonymous_459)
FNDA:2,(anonymous_460)
FNDA:170,(anonymous_461)
FNDA:76385,(anonymous_462)
FNDA:48,(anonymous_463)
FNDA:1636,(anonymous_464)
FNDA:1763,toPromise
FNDA:20,(anonymous_466)
FNDA:20,(anonymous_467)
FNDA:7,(anonymous_468)
FNDA:1778,(anonymous_469)
FNDA:1763,(anonymous_470)
FNDA:1763,(anonymous_471)
FNDA:31,(anonymous_472)
FNDA:5270,(anonymous_473)
FNDA:72,(anonymous_474)
FNDA:2,(anonymous_475)
FNDA:658,(anonymous_476)
FNDA:11,(anonymous_477)
FNDA:1,(anonymous_478)
FNDA:0,(anonymous_479)
DA:4,1
DA:12,1
DA:15,1
DA:17,1
DA:18,110513
DA:24,1
DA:25,1
DA:26,1
DA:28,1
DA:31,0
DA:38,1
DA:39,1
DA:40,7377
DA:44,1
DA:46,1
DA:47,134
DA:48,134
DA:49,134
DA:50,134
DA:51,134
DA:52,134
DA:53,134
DA:55,1
DA:56,708
DA:57,708
DA:58,10
DA:59,10
DA:61,708
DA:62,524
DA:63,524
DA:64,524
DA:66,708
DA:67,708
DA:68,708
DA:69,708
DA:70,708
DA:71,708
DA:73,1
DA:74,137
DA:75,137
DA:76,64
DA:78,73
DA:79,73
DA:80,73
DA:81,73
DA:82,42
DA:83,42
DA:85,73
DA:86,73
DA:87,73
DA:88,73
DA:90,1
DA:91,146
DA:92,17481
DA:94,146
DA:96,1
DA:97,10
DA:98,23
DA:100,10
DA:102,1
DA:103,134
DA:107,1
DA:108,1
DA:109,1
DA:110,1
DA:111,1
DA:112,1
DA:113,1
DA:115,1
DA:116,1
DA:117,1
DA:123,1
DA:124,98
DA:125,98
DA:127,98
DA:138,1
DA:139,0
DA:140,0
DA:142,98
DA:145,1
DA:147,83
DA:148,83
DA:149,83
DA:150,236
DA:151,236
DA:152,236
DA:153,22
DA:154,214
DA:155,48
DA:156,166
DA:157,68
DA:158,68
DA:159,1
DA:161,68
DA:162,0
DA:164,68
DA:165,194
DA:167,68
DA:168,0
DA:170,68
DA:171,68
DA:172,68
DA:173,1
DA:174,67
DA:175,0
DA:177,68
DA:180,98
DA:183,83
DA:186,1
DA:187,52759
DA:188,52759
DA:189,52759
DA:190,533
DA:191,533
DA:194,52759
DA:195,358
DA:197,52401
DA:201,1
DA:202,1479
DA:203,1479
DA:204,1479
DA:205,1479
DA:206,1479
DA:207,6055
DA:208,248
DA:210,5807
DA:211,5805
DA:214,1479
DA:221,1
DA:222,167
DA:225,1
DA:226,23306
DA:227,23306
DA:229,22545
DA:230,22545
DA:233,22990
DA:234,22990
DA:237,1221
DA:238,1221
DA:241,23306
DA:242,23306
DA:243,1737
DA:244,139
DA:246,1598
DA:247,1204
DA:248,1204
DA:249,2
DA:254,21569
DA:255,21553
DA:256,21553
DA:257,2
DA:261,23163
DA:262,1169
DA:263,1169
DA:264,16
DA:267,23147
DA:276,1
DA:277,116
DA:278,116
DA:279,116
DA:280,116
DA:281,116
DA:282,132
DA:283,130
DA:284,67
DA:286,63
DA:287,23
DA:289,40
DA:290,26
DA:292,14
DA:293,14
DA:295,130
DA:297,2
DA:299,116
DA:300,116
DA:301,2
DA:303,116
DA:304,132
DA:306,116
DA:310,1
DA:311,0
DA:315,1
DA:316,26052
DA:320,1
DA:321,12
DA:325,1
DA:326,8
DA:327,8
DA:331,1
DA:332,7
DA:333,7
DA:334,7
DA:335,38
DA:336,21
DA:338,17
DA:339,17
DA:340,10
DA:344,7
DA:345,8
DA:346,8
DA:347,4
DA:351,7
DA:352,7
DA:353,7
DA:354,2
DA:358,7
DA:359,7
DA:360,7
DA:361,2
DA:365,7
DA:369,1
DA:370,0
DA:374,1
DA:375,0
DA:379,1
DA:380,0
DA:384,1
DA:385,5
DA:386,1
DA:387,1
DA:389,4
DA:393,1
DA:394,39
DA:395,39
DA:396,31
DA:397,4
DA:399,31
DA:400,8
DA:403,23
DA:404,23
DA:405,23
DA:406,23
DA:407,18
DA:408,18
DA:411,31
DA:413,8
DA:417,1
DA:418,8
DA:419,8
DA:423,1
DA:424,8
DA:425,8
DA:426,3
DA:428,5
DA:432,1
DA:433,10
DA:434,1
DA:435,40
DA:436,40
DA:437,62
DA:438,10
DA:439,10
DA:441,52
DA:442,10
DA:443,10
DA:445,42
DA:446,10
DA:447,10
DA:449,32
DA:450,13
DA:452,32
DA:454,40
DA:456,10
DA:457,10
DA:461,1
DA:462,22
DA:463,22
DA:464,4
DA:466,18
DA:467,2
DA:469,16
DA:470,16
DA:471,4
DA:473,12
DA:474,4
DA:476,8
DA:477,4
DA:479,4
DA:480,4
DA:483,16
DA:484,16
DA:488,1
DA:489,12
DA:490,12
DA:491,2
DA:493,10
DA:494,10
DA:495,2
DA:497,8
DA:501,1
DA:502,0
DA:506,1
DA:507,0
DA:511,1
DA:512,8
DA:513,8
DA:514,3
DA:516,5
DA:520,1
DA:521,2244
DA:522,2157
DA:523,2157
DA:524,199
DA:525,199
DA:528,1958
DA:529,1517
DA:530,366
DA:532,1151
DA:533,577
DA:535,574
DA:536,574
DA:539,2157
DA:541,87
DA:545,1
DA:546,4
DA:547,4
DA:548,4
DA:549,4
DA:550,4
DA:551,4
DA:554,4
DA:555,0
DA:557,4
DA:558,0
DA:561,4
DA:562,4
DA:564,4
DA:565,4
DA:566,16
DA:567,16
DA:568,12
DA:570,4
DA:571,4
DA:572,2
DA:573,2
DA:574,2
DA:575,0
DA:581,4
DA:582,2
DA:583,2
DA:584,2
DA:585,1
DA:586,1
DA:587,1
DA:588,0
DA:594,4
DA:595,2
DA:596,2
DA:597,2
DA:598,1
DA:599,1
DA:600,1
DA:601,0
DA:607,4
DA:608,2
DA:609,2
DA:610,2
DA:611,1
DA:612,1
DA:613,1
DA:614,0
DA:620,4
DA:621,3
DA:623,4
DA:630,1
DA:631,6
DA:634,2
DA:635,2
DA:638,2
DA:640,4
DA:664,1
DA:665,22
DA:666,22
DA:667,22
DA:668,22
DA:669,17
DA:670,17
DA:672,22
DA:675,18
DA:676,18
DA:677,3
DA:679,18
DA:680,3
DA:682,18
DA:683,3
DA:685,18
DA:686,0
DA:688,18
DA:689,0
DA:691,18
DA:692,0
DA:694,18
DA:696,18
DA:697,36
DA:698,36
DA:699,216
DA:700,216
DA:703,18
DA:705,2
DA:710,1
DA:711,14
DA:712,14
DA:713,14
DA:714,14
DA:715,14
DA:716,0
DA:718,14
DA:719,14
DA:723,31
DA:724,2
DA:726,29
DA:728,14
DA:729,30
DA:731,2
DA:733,12
DA:734,27
DA:736,12
DA:737,27
DA:738,0
DA:740,27
DA:742,12
DA:744,27
DA:745,27
DA:746,27
DA:747,69
DA:748,15
DA:750,54
DA:751,15
DA:753,39
DA:755,15
DA:756,9
DA:759,6
DA:762,24
DA:763,24
DA:765,69
DA:767,27
DA:769,12
DA:770,12
DA:771,0
DA:773,12
DA:777,1
DA:778,30
DA:779,30
DA:780,30
DA:781,30
DA:782,16
DA:783,16
DA:785,30
DA:786,14
DA:788,30
DA:789,0
DA:791,30
DA:794,4
DA:795,2
DA:797,2
DA:800,24
DA:801,24
DA:802,0
DA:804,24
DA:805,16
DA:806,16
DA:808,24
DA:809,0
DA:811,24
DA:812,0
DA:814,24
DA:815,49
DA:816,49
DA:817,49
DA:818,350
DA:819,6
DA:821,344
DA:822,6
DA:824,338
DA:825,338
DA:828,12
DA:829,6
DA:831,6
DA:832,4
DA:834,2
DA:839,1
DA:840,8
DA:843,1
DA:844,16
DA:846,4
DA:848,12
DA:849,12
DA:850,4
DA:852,8
DA:853,8
DA:858,1
DA:859,172
DA:860,137
DA:862,35
DA:866,1
DA:867,31
DA:870,27
DA:871,27
DA:872,4
DA:874,23
DA:875,23
DA:876,23
DA:878,2
DA:883,1
DA:884,16
DA:887,9
DA:888,9
DA:889,4
DA:891,9
DA:892,2
DA:895,7
DA:897,9
DA:899,2
DA:904,1
DA:905,6
DA:906,6
DA:907,6
DA:911,1
DA:912,8
DA:916,1
DA:917,16
DA:919,4
DA:921,12
DA:922,12
DA:923,4
DA:925,8
DA:926,8
DA:932,1
DA:933,8
DA:935,2
DA:937,6
DA:938,6
DA:939,2
DA:941,4
DA:942,4
DA:948,1
DA:949,3
DA:950,3
DA:951,3
DA:952,3
DA:953,11
DA:958,1
DA:959,8
DA:960,8
DA:961,8
DA:962,8
DA:963,8
DA:964,48
DA:965,24
DA:968,8
DA:969,24
DA:971,8
DA:975,1
DA:976,4
DA:977,4
DA:978,4
DA:979,4
DA:980,4
DA:981,24
DA:982,12
DA:985,4
DA:986,10
DA:988,1
DA:990,3
DA:991,9
DA:993,3
DA:997,1
DA:998,1
DA:999,1
DA:1000,1
DA:1004,1
DA:1005,279
DA:1006,279
DA:1007,279
DA:1008,279
DA:1011,570
DA:1012,4
DA:1014,566
DA:1015,4
DA:1017,562
DA:1018,1
DA:1020,561
DA:1021,1
DA:1024,279
DA:1025,4
DA:1026,2
DA:1029,277
DA:1030,4
DA:1031,2
DA:1034,275
DA:1035,275
DA:1036,1
DA:1038,275
DA:1039,1
DA:1041,275
DA:1045,1
DA:1046,14
DA:1049,0
DA:1052,13
DA:1053,13
DA:1054,13
DA:1055,13
DA:1056,13
DA:1057,2
DA:1059,11
DA:1060,8
DA:1062,11
DA:1063,11
DA:1064,11
DA:1065,11
DA:1066,32
DA:1067,32
DA:1069,11
DA:1070,11
DA:1071,6
DA:1074,5
DA:1076,11
DA:1077,11
DA:1083,1
DA:1084,1
DA:1085,1
DA:1086,1
DA:1090,1
DA:1091,4
DA:1092,2
DA:1093,2
DA:1095,2
DA:1099,1
DA:1100,6
DA:1103,0
DA:1106,5
DA:1107,5
DA:1108,2
DA:1109,20
DA:1112,5
DA:1113,5
DA:1114,15
DA:1116,5
DA:1117,5
DA:1118,5
DA:1124,1
DA:1125,6
DA:1126,2
DA:1128,4
DA:1130,2
DA:1131,0
DA:1138,1
DA:1139,4
DA:1140,4
DA:1141,4
DA:1142,4
DA:1143,4
DA:1144,4
DA:1145,4
DA:1146,2432
DA:1147,1
DA:1149,2431
DA:1150,9609
DA:1151,9609
DA:1152,1
DA:1153,1
DA:1155,9608
DA:1156,2
DA:1157,2
DA:1159,9606
DA:1161,3
DA:1163,2428
DA:1165,4
DA:1166,1
DA:1167,1
DA:1170,4
DA:1171,4
DA:1174,1
DA:1175,4
DA:1176,4
DA:1177,4
DA:1178,4
DA:1179,4
DA:1180,4
DA:1181,4
DA:1182,2431
DA:1183,1
DA:1185,2430
DA:1186,9548
DA:1187,9548
DA:1188,1
DA:1189,1
DA:1191,9547
DA:1192,2
DA:1193,2
DA:1195,9545
DA:1197,3
DA:1199,2427
DA:1201,4
DA:1202,1
DA:1203,1
DA:1206,4
DA:1207,4
DA:1210,1
DA:1211,4
DA:1212,4
DA:1213,4
DA:1214,1936
DA:1215,1936
DA:1216,1
DA:1218,1935
DA:1219,1935
DA:1220,1
DA:1222,1934
DA:1223,2
DA:1224,2
DA:1226,1932
DA:1228,4
DA:1229,1
DA:1230,1
DA:1233,4
DA:1234,4
DA:1237,1
DA:1238,48
DA:1239,48
DA:1242,42
DA:1243,33
DA:1245,9
DA:1246,8
DA:1249,46
DA:1253,1
DA:1254,10
DA:1257,6
DA:1258,6
DA:1259,4
DA:1260,2
DA:1262,2
DA:1263,2
DA:1265,4
DA:1267,2
DA:1269,2
DA:1273,1
DA:1274,21152
DA:1276,42
DA:1277,21105
DA:1281,1
DA:1282,9
DA:1285,5
DA:1286,5
DA:1287,3
DA:1289,5
DA:1291,2
DA:1295,1
DA:1296,71
DA:1297,71
DA:1298,71
DA:1300,60
DA:1302,69
DA:1303,77
DA:1305,69
DA:1310,1
DA:1311,6
DA:1314,2
DA:1315,2
DA:1317,2
DA:1321,1
DA:1322,9
DA:1323,9
DA:1326,7
DA:1327,2
DA:1330,5
DA:1331,3
DA:1333,5
DA:1334,4
DA:1336,5
DA:1337,1
DA:1340,4
DA:1344,7
DA:1348,1
DA:1349,10
DA:1350,10
DA:1353,6
DA:1354,6
DA:1355,10
DA:1356,10
DA:1357,4
DA:1359,6
DA:1360,6
DA:1361,6
DA:1362,2
DA:1365,6
DA:1366,2
DA:1369,8
DA:1373,1
DA:1374,9
DA:1377,4
DA:1378,2
DA:1380,2
DA:1381,2
DA:1383,2
DA:1387,1
DA:1388,12
DA:1391,9
DA:1392,9
DA:1393,4
DA:1396,5
DA:1397,2
DA:1398,2
DA:1399,2
DA:1400,1
DA:1402,2
DA:1403,2
DA:1405,5
DA:1406,2
DA:1408,5
DA:1412,11
DA:1413,5
DA:1415,11
DA:1420,1
DA:1421,13
DA:1424,7
DA:1425,7
DA:1426,5
DA:1428,7
DA:1430,4
DA:1434,1
DA:1435,10
DA:1436,10
DA:1437,2
DA:1439,8
DA:1440,3
DA:1442,5
DA:1443,5
DA:1444,0
DA:1446,5
DA:1447,3
DA:1448,3
DA:1449,0
DA:1452,5
DA:1455,1
DA:1456,29
DA:1457,29
DA:1458,29
DA:1460,15
DA:1462,27
DA:1463,27
DA:1468,1
DA:1469,6
DA:1472,2
DA:1473,2
DA:1475,2
DA:1482,1
DA:1483,127
DA:1484,127
DA:1485,127
DA:1486,127
DA:1488,96
DA:1490,125
DA:1491,439
DA:1492,439
DA:1493,0
DA:1495,439
DA:1496,438
DA:1497,438
DA:1500,125
DA:1505,1
DA:1506,31
DA:1508,22
DA:1509,7
DA:1513,1
DA:1514,12
DA:1515,12
DA:1516,12
DA:1517,12
DA:1518,26
DA:1520,4
DA:1522,8
DA:1525,0
DA:1528,8
DA:1532,12
DA:1533,40
DA:1540,1
DA:1541,6
DA:1542,6
DA:1543,6
DA:1544,6
DA:1545,2
DA:1547,4
DA:1548,2
DA:1550,4
DA:1551,4
DA:1554,1
DA:1555,12
DA:1556,12
DA:1557,12
DA:1558,12
DA:1559,26
DA:1561,4
DA:1563,8
DA:1566,0
DA:1569,8
DA:1573,12
DA:1574,32
DA:1581,1
DA:1582,6
DA:1583,6
DA:1584,6
DA:1585,6
DA:1586,6
DA:1587,2
DA:1589,4
DA:1590,2
DA:1592,4
DA:1593,5
DA:1595,4
DA:1598,1
DA:1599,26
DA:1601,19
DA:1602,5
DA:1606,1
DA:1607,104
DA:1609,100
DA:1610,2
DA:1614,1
DA:1615,8
DA:1616,8
DA:1617,2
DA:1619,6
DA:1620,2
DA:1622,4
DA:1623,4
DA:1624,0
DA:1626,4
DA:1627,2
DA:1628,2
DA:1629,0
DA:1632,4
DA:1635,1
DA:1636,7
DA:1637,7
DA:1638,7
DA:1639,2
DA:1641,5
DA:1642,5
DA:1643,0
DA:1645,5
DA:1648,1
DA:1649,17
DA:1650,17
DA:1651,17
DA:1652,4
DA:1653,4
DA:1655,17
DA:1656,1
DA:1657,1
DA:1659,17
DA:1662,9
DA:1663,9
DA:1664,9
DA:1665,9
DA:1666,0
DA:1668,9
DA:1669,4
DA:1670,4
DA:1671,17
DA:1672,17
DA:1673,4
DA:1676,13
DA:1677,8
DA:1678,8
DA:1679,2
DA:1684,4
DA:1686,5
DA:1688,4
DA:1692,1
DA:1693,19
DA:1694,19
DA:1695,19
DA:1696,19
DA:1699,13
DA:1700,15
DA:1701,15
DA:1702,10
DA:1703,10
DA:1706,13
DA:1707,5
DA:1710,17
DA:1714,1
DA:1715,13
DA:1716,13
DA:1717,13
DA:1718,13
DA:1719,27
DA:1721,5
DA:1723,8
DA:1726,0
DA:1729,8
DA:1733,20
DA:1736,58
DA:1739,40
DA:1741,20
DA:1747,1
DA:1748,6
DA:1749,6
DA:1750,6
DA:1751,6
DA:1752,6
DA:1753,2
DA:1755,4
DA:1756,2
DA:1758,4
DA:1759,20
DA:1761,4
DA:1764,1
DA:1765,72
DA:1766,72
DA:1767,72
DA:1770,272
DA:1771,40
DA:1773,272
DA:1774,24
DA:1777,72
DA:1778,32
DA:1780,72
DA:1781,72
DA:1784,70
DA:1785,70
DA:1789,555
DA:1790,379
DA:1792,555
DA:1793,555
DA:1795,70
DA:1796,12
DA:1798,70
DA:1806,1
DA:1807,224
DA:1808,224
DA:1809,224
DA:1810,224
DA:1812,132
DA:1814,223
DA:1817,1416
DA:1818,708
DA:1820,708
DA:1823,1416
DA:1826,708
DA:1829,708
DA:1831,223
DA:1836,1
DA:1837,83
DA:1840,73
DA:1842,8
DA:1846,1
DA:1847,10
DA:1850,6
DA:1853,16
DA:1856,9
DA:1858,6
DA:1860,2
DA:1864,1
DA:1865,13
DA:1867,2
DA:1869,11
DA:1870,11
DA:1871,5
DA:1872,5
DA:1874,6
DA:1875,6
DA:1876,6
DA:1877,6
DA:1882,1
DA:1883,12
DA:1884,12
DA:1885,12
DA:1886,12
DA:1887,12
DA:1888,12
DA:1889,12
DA:1890,73
DA:1892,2
DA:1894,10
DA:1895,90
DA:1896,90
DA:1897,4
DA:1898,4
DA:1899,16
DA:1900,16
DA:1902,4
DA:1903,16
DA:1904,16
DA:1907,86
DA:1908,4
DA:1911,10
DA:1912,5
DA:1914,10
DA:1915,10
DA:1916,10
DA:1920,32
DA:1921,32
DA:1922,32
DA:1923,32
DA:1924,220
DA:1925,110
DA:1927,110
DA:1928,110
DA:1929,3
DA:1931,107
DA:1932,43
DA:1934,107
DA:1935,107
DA:1936,24
DA:1938,83
DA:1939,24
DA:1942,59
DA:1944,107
DA:1946,32
DA:1948,68
DA:1949,40
DA:1951,28
DA:1952,14
DA:1954,14
DA:1957,62
DA:1958,31
DA:1960,31
DA:1961,31
DA:1963,10
DA:1966,1
DA:1967,8
DA:1968,8
DA:1969,2
DA:1971,6
DA:1974,1
DA:1975,61
DA:1976,61
DA:1977,44
DA:1978,44
DA:1980,61
DA:1981,2
DA:1983,61
DA:1984,42
DA:1986,61
DA:1989,57
DA:1990,57
DA:1991,57
DA:1995,68
DA:1996,54
DA:1998,14
DA:1999,14
DA:2000,14
DA:2002,57
DA:2006,155
DA:2007,155
DA:2008,155
DA:2009,155
DA:2010,5
DA:2012,150
DA:2013,0
DA:2014,0
DA:2016,150
DA:2017,150
DA:2018,172
DA:2019,172
DA:2021,150
DA:2022,322
DA:2023,172
DA:2025,322
DA:2027,150
DA:2028,27
DA:2030,150
DA:2031,128
DA:2033,148
DA:2036,148
DA:2039,150
DA:2040,150
DA:2042,57
DA:2044,2
DA:2048,1
DA:2049,1
DA:2050,76
DA:2052,40
DA:2053,4
DA:2055,36
DA:2057,0
DA:2059,28
DA:2060,28
DA:2061,28
DA:2062,28
DA:2063,28
DA:2064,2
DA:2066,26
DA:2067,0
DA:2069,26
DA:2072,26
DA:2075,176
DA:2076,0
DA:2078,176
DA:2079,103
DA:2081,73
DA:2082,5
DA:2084,68
DA:2085,6
DA:2089,26
DA:2090,115
DA:2092,26
DA:2097,1
DA:2098,13
DA:2099,13
DA:2100,4
DA:2102,9
DA:2105,1
DA:2106,33
DA:2107,33
DA:2108,33
DA:2109,33
DA:2110,33
DA:2111,33
DA:2112,29
DA:2113,29
DA:2114,13
DA:2115,5
DA:2117,13
DA:2118,2
DA:2120,13
DA:2121,2
DA:2122,2
DA:2126,33
DA:2127,1
DA:2129,33
DA:2130,1
DA:2132,33
DA:2133,1
DA:2135,33
DA:2136,1
DA:2138,33
DA:2139,4
DA:2140,4
DA:2142,33
DA:2143,4
DA:2144,4
DA:2146,33
DA:2147,33
DA:2148,33
DA:2151,23
DA:2155,92
DA:2156,92
DA:2157,118
DA:2158,0
DA:2161,118
DA:2162,56
DA:2163,3
DA:2164,3
DA:2165,3
DA:2166,3
DA:2167,2
DA:2171,0
DA:2175,53
DA:2176,51
DA:2177,51
DA:2178,10
DA:2182,118
DA:2183,118
DA:2185,92
DA:2186,92
DA:2187,11
DA:2189,92
DA:2190,20
DA:2191,12
DA:2195,72
DA:2197,92
DA:2198,92
DA:2199,2
DA:2201,90
DA:2203,23
DA:2205,4
DA:2209,1
DA:2210,9
DA:2213,3
DA:2214,3
DA:2215,3
DA:2216,3
DA:2219,6
DA:2220,3
DA:2222,3
DA:2223,3
DA:2225,3
DA:2226,0
DA:2228,3
DA:2230,3
DA:2234,1
DA:2235,63
DA:2236,63
DA:2237,63
DA:2240,59
DA:2243,127
DA:2245,59
DA:2246,4
DA:2248,59
DA:2250,2
DA:2254,1
DA:2255,6
DA:2256,6
DA:2257,6
DA:2258,2
DA:2260,4
DA:2261,15
DA:2263,4
DA:2266,1
DA:2267,6
DA:2270,4
DA:2271,4
DA:2272,4
DA:2273,4
DA:2274,4
DA:2275,4
DA:2276,4
DA:2277,1
DA:2279,4
DA:2280,2
DA:2282,4
DA:2283,4
DA:2284,4
DA:2285,14
DA:2286,14
DA:2287,14
DA:2288,22
DA:2289,15
DA:2291,22
DA:2292,0
DA:2295,14
DA:2296,4
DA:2299,4
DA:2300,15
DA:2302,4
DA:2304,0
DA:2308,1
DA:2309,5
DA:2310,5
DA:2311,5
DA:2312,2
DA:2314,3
DA:2315,14
DA:2317,3
DA:2320,1
DA:2321,14
DA:2322,14
DA:2323,2
DA:2324,2
DA:2326,14
DA:2327,2
DA:2329,14
DA:2330,2
DA:2332,14
DA:2335,10
DA:2336,10
DA:2337,10
DA:2341,17
DA:2342,8
DA:2344,9
DA:2345,9
DA:2346,9
DA:2348,10
DA:2352,21
DA:2353,21
DA:2354,21
DA:2355,21
DA:2356,2
DA:2358,19
DA:2359,0
DA:2360,0
DA:2362,19
DA:2363,19
DA:2364,19
DA:2365,19
DA:2367,19
DA:2368,19
DA:2369,0
DA:2371,19
DA:2372,5
DA:2374,5
DA:2377,5
DA:2380,19
DA:2381,19
DA:2383,10
DA:2385,2
DA:2389,1
DA:2390,11
DA:2391,11
DA:2392,11
DA:2393,11
DA:2394,11
DA:2395,11
DA:2396,11
DA:2397,11
DA:2398,2
DA:2400,9
DA:2401,9
DA:2402,29
DA:2404,2
DA:2405,10
DA:2406,5
DA:2408,5
DA:2411,9
DA:2414,1
DA:2415,5
DA:2418,3
DA:2419,3
DA:2420,3
DA:2421,3
DA:2422,3
DA:2423,6
DA:2424,6
DA:2425,3
DA:2428,0
DA:2430,1
DA:2434,1
DA:2435,51
DA:2438,47
DA:2439,47
DA:2440,22
DA:2442,47
DA:2444,2
DA:2448,1
DA:2449,12
DA:2450,12
DA:2451,12
DA:2452,12
DA:2453,12
DA:2454,12
DA:2455,12
DA:2456,45
DA:2458,2
DA:2460,10
DA:2461,90
DA:2462,90
DA:2463,4
DA:2464,4
DA:2465,16
DA:2466,16
DA:2468,4
DA:2469,16
DA:2470,16
DA:2473,86
DA:2474,4
DA:2477,10
DA:2478,5
DA:2480,10
DA:2481,10
DA:2482,10
DA:2486,32
DA:2487,32
DA:2488,32
DA:2489,32
DA:2490,32
DA:2491,32
DA:2492,268
DA:2493,134
DA:2495,134
DA:2496,134
DA:2497,134
DA:2498,134
DA:2499,20
DA:2500,20
DA:2502,114
DA:2503,42
DA:2505,114
DA:2506,21
DA:2508,93
DA:2509,32
DA:2512,61
DA:2514,114
DA:2516,32
DA:2519,139
DA:2520,10
DA:2522,129
DA:2523,15
DA:2524,15
DA:2525,8
DA:2527,15
DA:2530,32
DA:2532,58
DA:2533,36
DA:2535,22
DA:2536,11
DA:2538,11
DA:2541,88
DA:2542,44
DA:2544,44
DA:2545,44
DA:2547,10
DA:2550,1
DA:2551,58
DA:2552,58
DA:2553,58
DA:2556,190
DA:2557,27
DA:2559,190
DA:2560,10
DA:2563,58
DA:2564,31
DA:2566,58
DA:2567,58
DA:2570,56
DA:2571,56
DA:2572,56
DA:2576,2225
DA:2579,2225
DA:2580,431
DA:2581,317
DA:2583,431
DA:2585,2225
DA:2586,40
DA:2588,2185
DA:2589,2185
DA:2591,2225
DA:2592,40
DA:2594,2185
DA:2596,56
DA:2597,317
DA:2599,56
DA:2600,9
DA:2602,56
DA:2610,1
DA:2611,10
DA:2612,10
DA:2613,10
DA:2614,10
DA:2617,6
DA:2618,16
DA:2619,7
DA:2620,7
DA:2623,6
DA:2624,0
DA:2627,8
DA:2631,1
DA:2632,24
DA:2634,20
DA:2635,2
DA:2639,1
DA:2640,63
DA:2642,59
DA:2643,2
DA:2647,1
DA:2648,5
DA:2651,2
DA:2654,6
DA:2657,6
DA:2658,6
DA:2660,2
DA:2662,1
DA:2666,1
DA:2667,70
DA:2670,70
DA:2673,4223
DA:2676,4223
DA:2678,70
DA:2680,0
DA:2684,1
DA:2685,8
DA:2686,8
DA:2688,2
DA:2690,6
DA:2691,6
DA:2692,2
DA:2695,4
DA:2696,4
DA:2697,2
DA:2699,2
DA:2701,4
DA:2706,1
DA:2707,8
DA:2709,2
DA:2711,6
DA:2712,6
DA:2713,2
DA:2716,4
DA:2717,4
DA:2718,2
DA:2720,2
DA:2722,4
DA:2727,1
DA:2728,30
DA:2731,20
DA:2734,40
DA:2737,6
DA:2741,1
DA:2742,24
DA:2743,24
DA:2744,2
DA:2746,22
DA:2749,1
DA:2750,6
DA:2751,6
DA:2752,6
DA:2755,2
DA:2756,2
DA:2759,10
DA:2761,2
DA:2763,2
DA:2767,1
DA:2768,19
DA:2769,19
DA:2770,19
DA:2772,15
DA:2774,17
DA:2775,17
DA:2776,17
DA:2777,2
DA:2780,6
DA:2783,15
DA:2784,15
DA:2787,556
DA:2788,278
DA:2790,278
DA:2793,556
DA:2796,278
DA:2799,17
DA:2804,1
DA:2805,337
DA:2806,337
DA:2809,304
DA:2810,9
DA:2813,295
DA:2817,29
DA:2818,29
DA:2821,333
DA:2822,333
DA:2827,1
DA:2828,3
DA:2829,3
DA:2832,2
DA:2833,2
DA:2834,2
DA:2836,0
DA:2839,1
DA:2840,1
DA:2843,3
DA:2844,1
DA:2846,3
DA:2851,1
DA:2852,6
DA:2854,1
DA:2856,3
DA:2857,1
DA:2859,2
DA:2864,1
DA:2865,6
DA:2866,6
DA:2869,2
DA:2872,6
DA:2875,6
DA:2878,4
DA:2882,1
DA:2883,72
DA:2884,72
DA:2885,72
DA:2888,272
DA:2889,40
DA:2891,272
DA:2892,24
DA:2895,72
DA:2896,32
DA:2898,72
DA:2899,72
DA:2902,70
DA:2903,70
DA:2907,1061
DA:2908,506
DA:2910,555
DA:2911,379
DA:2913,555
DA:2914,555
DA:2916,70
DA:2917,379
DA:2919,70
DA:2920,12
DA:2922,70
DA:2931,1
DA:2932,29
DA:2933,0
DA:2935,29
DA:2936,29
DA:2938,29
DA:2939,29
DA:2941,1
DA:2942,89
DA:2943,89
DA:2944,45
DA:2946,45
DA:2947,45
DA:2953,1
DA:2954,42
DA:2955,42
DA:2957,1
DA:2958,26
DA:2959,26
DA:2960,26
DA:2962,1
DA:2963,16
DA:2964,16
DA:2965,16
DA:2966,16
DA:2968,1
DA:2969,951
DA:2970,19
DA:2972,932
DA:2973,16
DA:2975,916
DA:2977,1
DA:2978,951
DA:2979,35
DA:2980,19
DA:2981,19
DA:2983,16
DA:2984,16
DA:2985,16
DA:2988,916
DA:2990,1
DA:2991,12
DA:2992,6
DA:2994,12
DA:2995,6
DA:2997,12
DA:3000,1
DA:3001,9
DA:3002,9
DA:3003,9
DA:3004,9
DA:3007,16
DA:3009,9
DA:3012,1
DA:3013,9
DA:3014,9
DA:3015,9
DA:3016,4
DA:3017,2
DA:3019,4
DA:3021,34
DA:3022,9
DA:3024,25
DA:3027,34
DA:3030,5
DA:3031,2
DA:3035,5
DA:3037,80
DA:3038,10
DA:3040,70
DA:3044,5
DA:3047,3
DA:3048,2
DA:3050,38
DA:3051,14
DA:3053,24
DA:3056,9
DA:3057,9
DA:3060,1
DA:3061,39
DA:3063,951
DA:3064,35
DA:3066,916
DA:3068,39
DA:3071,1
DA:3072,5
DA:3073,5
DA:3074,5
DA:3075,5
DA:3076,5
DA:3077,1
DA:3079,29
DA:3080,26
DA:3082,3
DA:3083,3
DA:3084,3
DA:3086,3
DA:3090,4
DA:3093,4
DA:3095,108
DA:3096,104
DA:3098,4
DA:3099,3
DA:3100,3
DA:3101,3
DA:3103,1
DA:3107,5
DA:3110,1
DA:3111,14
DA:3112,14
DA:3113,14
DA:3114,14
DA:3117,26
DA:3119,14
DA:3122,1
DA:3123,5
DA:3124,5
DA:3125,5
DA:3126,5
DA:3127,5
DA:3128,1
DA:3130,33
DA:3131,30
DA:3133,3
DA:3134,3
DA:3135,3
DA:3137,3
DA:3141,4
DA:3144,4
DA:3146,124
DA:3147,120
DA:3149,4
DA:3150,3
DA:3151,3
DA:3153,4
DA:3157,5
DA:3163,1
DA:3164,2
DA:3167,1
DA:3168,12
DA:3169,12
DA:3170,12
DA:3171,12
DA:3172,1
DA:3173,3
DA:3174,3
DA:3175,3
DA:3176,0
DA:3179,3
DA:3182,3
DA:3185,12
DA:3186,2098
DA:3187,29
DA:3188,29
DA:3189,14
DA:3190,0
DA:3193,14
DA:3196,29
DA:3197,29
DA:3200,12
DA:3201,12
DA:3202,23
DA:3203,23
DA:3205,6
DA:3208,17
DA:3210,6
DA:3211,6
DA:3213,6
DA:3214,17
DA:3216,6
DA:3217,6
DA:3219,12
DA:3220,1
DA:3221,1
DA:3222,1
DA:3224,12
DA:3227,1
DA:3228,13
DA:3229,13
DA:3232,38
DA:3233,7
DA:3234,10
DA:3236,7
DA:3237,5
DA:3241,13
DA:3244,1
DA:3245,7
DA:3246,5
DA:3251,7
DA:3252,7
DA:3259,1
DA:3260,0
DA:3264,1
DA:3265,0
DA:3268,1
DA:3269,0
DA:3272,1
DA:3273,0
DA:3276,1
DA:3277,0
DA:3280,1
DA:3281,0
DA:3287,1
DA:3288,6
DA:3289,2
DA:3291,4
DA:3292,2
DA:3294,2
DA:3297,1
DA:3298,2
DA:3301,1
DA:3302,2
DA:3305,1
DA:3306,2
DA:3309,1
DA:3310,0
DA:3313,1
DA:3314,29
DA:3320,1
DA:3321,0
DA:3324,1
DA:3325,0
DA:3328,1
DA:3329,0
DA:3332,1
DA:3333,0
DA:3336,1
DA:3337,0
DA:3340,1
DA:3341,0
DA:3344,1
DA:3345,0
DA:3348,1
DA:3349,0
DA:3352,1
DA:3353,0
DA:3356,1
DA:3357,0
DA:3360,1
DA:3361,0
DA:3364,1
DA:3365,0
DA:3368,1
DA:3369,0
DA:3372,1
DA:3373,0
DA:3376,1
DA:3377,0
DA:3380,1
DA:3381,0
DA:3384,1
DA:3385,6
DA:3386,6
DA:3387,27
DA:3388,18
DA:3390,9
DA:3391,9
DA:3394,6
DA:3395,3
DA:3396,3
DA:3399,6
DA:3400,2
DA:3401,2
DA:3404,6
DA:3405,1
DA:3406,1
DA:3409,6
DA:3412,1
DA:3413,0
DA:3416,1
DA:3417,0
DA:3420,1
DA:3422,0
DA:3425,1
DA:3426,9
DA:3427,9
DA:3428,9
DA:3429,9
DA:3430,9
DA:3431,11
DA:3432,1
DA:3435,9
DA:3436,9
DA:3439,1
DA:3440,0
DA:3443,1
DA:3444,0
DA:3447,1
DA:3448,0
DA:3451,1
DA:3452,0
DA:3455,1
DA:3456,0
DA:3459,1
DA:3460,0
DA:3463,1
DA:3464,0
DA:3467,1
DA:3468,0
DA:3471,1
DA:3472,0
DA:3475,1
DA:3476,2
DA:3477,2
DA:3478,2
DA:3479,2
DA:3480,0
DA:3481,0
DA:3482,0
DA:3484,0
DA:3485,0
DA:3486,0
DA:3489,0
DA:3492,2
DA:3493,2
DA:3496,0
DA:3498,2
DA:3504,1
DA:3505,1
DA:3506,1
DA:3507,1
DA:3508,171
DA:3509,170
DA:3510,170
DA:3515,1
DA:3516,170
DA:3517,76385
DA:3518,130
DA:3520,76255
DA:3525,1
DA:3526,48
DA:3527,48
DA:3528,1636
DA:3529,1636
DA:3530,4
DA:3533,1636
DA:3536,1
DA:3537,1763
DA:3539,20
DA:3540,20
DA:3541,20
DA:3542,20
DA:3543,0
DA:3545,20
DA:3547,4
DA:3548,4
DA:3550,20
DA:3551,20
DA:3552,1
DA:3553,0
DA:3555,1
DA:3557,19
DA:3558,4
DA:3560,19
DA:3562,20
DA:3563,20
DA:3564,20
DA:3565,0
DA:3567,20
DA:3570,1
DA:3571,7
DA:3572,7
DA:3575,1778
DA:3578,1763
DA:3581,1763
DA:3582,1763
DA:3586,1
DA:3587,31
DA:3588,31
DA:3589,5270
DA:3590,72
DA:3593,31
DA:3594,31
DA:3595,31
DA:3598,1
DA:3599,2
DA:3600,0
DA:3602,2
DA:3603,2
DA:3604,2
DA:3605,2
DA:3606,2
DA:3607,728
DA:3608,658
DA:3611,2
DA:3612,658
DA:3613,11
DA:3616,2
DA:3617,1
DA:3619,2
DA:3622,1
DA:3626,1
DA:3627,0
DA:3628,0
DA:3629,0
DA:3630,0
DA:3632,0
DA:3633,0
DA:3635,0
DA:3636,0
DA:3638,0
DA:3639,0
DA:3640,0
DA:3641,0
DA:3643,0
DA:3646,0
LF:2077
LH:1955
BRDA:18,1,0,110513
BRDA:18,1,1,12613
BRDA:24,2,0,1
BRDA:24,2,1,0
BRDA:25,3,0,1
BRDA:25,3,1,0
BRDA:25,4,0,1
BRDA:25,4,1,1
BRDA:38,5,0,1
BRDA:38,5,1,0
BRDA:38,6,0,1
BRDA:38,6,1,0
BRDA:57,7,0,10
BRDA:57,7,1,698
BRDA:61,8,0,524
BRDA:61,8,1,184
BRDA:75,9,0,64
BRDA:75,9,1,73
BRDA:81,10,0,42
BRDA:81,10,1,31
BRDA:140,11,0,0
BRDA:140,11,1,0
BRDA:147,12,0,83
BRDA:147,12,1,0
BRDA:152,13,0,22
BRDA:152,13,1,214
BRDA:154,14,0,48
BRDA:154,14,1,166
BRDA:156,15,0,68
BRDA:156,15,1,98
BRDA:158,16,0,1
BRDA:158,16,1,67
BRDA:158,17,0,68
BRDA:158,17,1,68
BRDA:161,18,0,0
BRDA:161,18,1,68
BRDA:161,19,0,68
BRDA:161,19,1,68
BRDA:164,20,0,262
BRDA:164,20,1,262
BRDA:167,21,0,0
BRDA:167,21,1,68
BRDA:172,22,0,1
BRDA:172,22,1,67
BRDA:174,23,0,0
BRDA:174,23,1,67
BRDA:189,24,0,533
BRDA:189,24,1,52226
BRDA:189,25,0,52759
BRDA:189,25,1,543
BRDA:194,26,0,358
BRDA:194,26,1,52401
BRDA:207,27,0,248
BRDA:207,27,1,5807
BRDA:207,28,0,6055
BRDA:207,28,1,5168
BRDA:210,29,0,5805
BRDA:210,29,1,2
BRDA:242,30,0,1737
BRDA:242,30,1,21569
BRDA:243,31,0,139
BRDA:243,31,1,1598
BRDA:246,32,0,1204
BRDA:246,32,1,394
BRDA:248,33,0,2
BRDA:248,33,1,1202
BRDA:248,34,0,1204
BRDA:248,34,1,746
BRDA:254,35,0,21553
BRDA:254,35,1,16
BRDA:256,36,0,2
BRDA:256,36,1,21551
BRDA:256,37,0,21553
BRDA:256,37,1,24
BRDA:261,38,0,1169
BRDA:261,38,1,21994
BRDA:263,39,0,16
BRDA:263,39,1,1153
BRDA:263,40,0,1169
BRDA:263,40,1,1118
BRDA:282,41,0,130
BRDA:282,41,1,2
BRDA:283,42,0,67
BRDA:283,42,1,63
BRDA:286,43,0,23
BRDA:286,43,1,40
BRDA:289,44,0,26
BRDA:289,44,1,14
BRDA:292,45,0,14
BRDA:292,45,1,0
BRDA:300,46,0,2
BRDA:300,46,1,114
BRDA:316,47,0,4252
BRDA:316,47,1,21800
BRDA:316,48,0,26052
BRDA:316,48,1,24776
BRDA:316,48,2,24074
BRDA:316,48,3,22970
BRDA:335,49,0,21
BRDA:335,49,1,17
BRDA:335,50,0,38
BRDA:335,50,1,31
BRDA:335,50,2,24
BRDA:338,51,0,17
BRDA:338,51,1,0
BRDA:339,52,0,10
BRDA:339,52,1,7
BRDA:345,53,0,8
BRDA:345,53,1,0
BRDA:346,54,0,4
BRDA:346,54,1,4
BRDA:352,55,0,7
BRDA:352,55,1,0
BRDA:353,56,0,2
BRDA:353,56,1,5
BRDA:359,57,0,7
BRDA:359,57,1,0
BRDA:360,58,0,2
BRDA:360,58,1,5
BRDA:385,59,0,1
BRDA:385,59,1,4
BRDA:385,60,0,5
BRDA:385,60,1,3
BRDA:395,61,0,31
BRDA:395,61,1,8
BRDA:396,62,0,4
BRDA:396,62,1,27
BRDA:399,63,0,8
BRDA:399,63,1,23
BRDA:425,64,0,3
BRDA:425,64,1,5
BRDA:428,65,0,2
BRDA:428,65,1,3
BRDA:437,66,0,10
BRDA:437,66,1,52
BRDA:441,67,0,10
BRDA:441,67,1,42
BRDA:445,68,0,10
BRDA:445,68,1,32
BRDA:449,69,0,13
BRDA:449,69,1,19
BRDA:463,70,0,4
BRDA:463,70,1,18
BRDA:466,71,0,2
BRDA:466,71,1,16
BRDA:470,72,0,4
BRDA:470,72,1,12
BRDA:470,73,0,16
BRDA:470,73,1,12
BRDA:473,74,0,4
BRDA:473,74,1,8
BRDA:476,75,0,4
BRDA:476,75,1,4
BRDA:479,76,0,4
BRDA:479,76,1,0
BRDA:490,77,0,2
BRDA:490,77,1,10
BRDA:494,78,0,2
BRDA:494,78,1,8
BRDA:513,79,0,3
BRDA:513,79,1,5
BRDA:516,80,0,2
BRDA:516,80,1,3
BRDA:521,81,0,2157
BRDA:521,81,1,87
BRDA:523,82,0,199
BRDA:523,82,1,1958
BRDA:524,83,0,199
BRDA:524,83,1,0
BRDA:528,84,0,1517
BRDA:528,84,1,441
BRDA:529,85,0,366
BRDA:529,85,1,1151
BRDA:529,86,0,1517
BRDA:529,86,1,366
BRDA:532,87,0,577
BRDA:532,87,1,574
BRDA:532,88,0,1151
BRDA:532,88,1,577
BRDA:535,89,0,574
BRDA:535,89,1,0
BRDA:535,90,0,574
BRDA:535,90,1,574
BRDA:554,91,0,0
BRDA:554,91,1,4
BRDA:557,92,0,0
BRDA:557,92,1,4
BRDA:561,93,0,4
BRDA:561,93,1,0
BRDA:561,94,0,4
BRDA:561,94,1,0
BRDA:566,95,0,16
BRDA:566,95,1,0
BRDA:567,96,0,12
BRDA:567,96,1,4
BRDA:567,97,0,16
BRDA:567,97,1,12
BRDA:567,97,2,8
BRDA:571,98,0,2
BRDA:571,98,1,2
BRDA:572,99,0,2
BRDA:572,99,1,0
BRDA:572,100,0,2
BRDA:572,100,1,0
BRDA:574,101,0,0
BRDA:574,101,1,2
BRDA:582,102,0,2
BRDA:582,102,1,0
BRDA:584,103,0,1
BRDA:584,103,1,1
BRDA:585,104,0,1
BRDA:585,104,1,0
BRDA:585,105,0,1
BRDA:585,105,1,0
BRDA:587,106,0,0
BRDA:587,106,1,1
BRDA:595,107,0,2
BRDA:595,107,1,0
BRDA:597,108,0,1
BRDA:597,108,1,1
BRDA:598,109,0,1
BRDA:598,109,1,0
BRDA:598,110,0,1
BRDA:598,110,1,0
BRDA:600,111,0,0
BRDA:600,111,1,1
BRDA:608,112,0,2
BRDA:608,112,1,0
BRDA:610,113,0,1
BRDA:610,113,1,1
BRDA:611,114,0,1
BRDA:611,114,1,0
BRDA:611,115,0,1
BRDA:611,115,1,0
BRDA:613,116,0,0
BRDA:613,116,1,1
BRDA:620,117,0,3
BRDA:620,117,1,1
BRDA:668,118,0,17
BRDA:668,118,1,5
BRDA:676,119,0,3
BRDA:676,119,1,15
BRDA:679,120,0,3
BRDA:679,120,1,15
BRDA:682,121,0,3
BRDA:682,121,1,15
BRDA:685,122,0,0
BRDA:685,122,1,18
BRDA:688,123,0,0
BRDA:688,123,1,18
BRDA:691,124,0,0
BRDA:691,124,1,18
BRDA:714,125,0,14
BRDA:714,125,1,0
BRDA:715,126,0,0
BRDA:715,126,1,14
BRDA:715,127,0,14
BRDA:715,127,1,10
BRDA:715,127,2,6
BRDA:715,127,3,4
BRDA:723,128,0,2
BRDA:723,128,1,29
BRDA:723,129,0,31
BRDA:723,129,1,25
BRDA:726,130,0,23
BRDA:726,130,1,6
BRDA:728,131,0,2
BRDA:728,131,1,12
BRDA:734,132,0,10
BRDA:734,132,1,17
BRDA:747,133,0,15
BRDA:747,133,1,54
BRDA:750,134,0,15
BRDA:750,134,1,39
BRDA:753,135,0,15
BRDA:753,135,1,24
BRDA:755,136,0,9
BRDA:755,136,1,6
BRDA:762,137,0,24
BRDA:762,137,1,0
BRDA:770,138,0,0
BRDA:770,138,1,12
BRDA:781,139,0,16
BRDA:781,139,1,14
BRDA:785,140,0,14
BRDA:785,140,1,16
BRDA:788,141,0,0
BRDA:788,141,1,30
BRDA:788,142,0,30
BRDA:788,142,1,15
BRDA:794,143,0,2
BRDA:794,143,1,2
BRDA:801,144,0,0
BRDA:801,144,1,24
BRDA:804,145,0,16
BRDA:804,145,1,8
BRDA:808,146,0,0
BRDA:808,146,1,24
BRDA:811,147,0,0
BRDA:811,147,1,24
BRDA:818,148,0,6
BRDA:818,148,1,344
BRDA:818,149,0,350
BRDA:818,149,1,162
BRDA:821,150,0,6
BRDA:821,150,1,338
BRDA:821,151,0,344
BRDA:821,151,1,188
BRDA:828,152,0,6
BRDA:828,152,1,6
BRDA:831,153,0,4
BRDA:831,153,1,2
BRDA:831,154,0,6
BRDA:831,154,1,6
BRDA:849,155,0,4
BRDA:849,155,1,8
BRDA:859,156,0,137
BRDA:859,156,1,35
BRDA:871,157,0,4
BRDA:871,157,1,23
BRDA:888,158,0,4
BRDA:888,158,1,5
BRDA:891,159,0,2
BRDA:891,159,1,7
BRDA:922,160,0,4
BRDA:922,160,1,8
BRDA:938,161,0,2
BRDA:938,161,1,4
BRDA:951,162,0,0
BRDA:951,162,1,3
BRDA:953,163,0,11
BRDA:953,163,1,2
BRDA:964,164,0,24
BRDA:964,164,1,24
BRDA:981,165,0,12
BRDA:981,165,1,12
BRDA:985,166,0,1
BRDA:985,166,1,3
BRDA:1011,167,0,4
BRDA:1011,167,1,566
BRDA:1011,168,0,570
BRDA:1011,168,1,566
BRDA:1014,169,0,4
BRDA:1014,169,1,562
BRDA:1014,170,0,566
BRDA:1014,170,1,562
BRDA:1017,171,0,1
BRDA:1017,171,1,561
BRDA:1017,172,0,562
BRDA:1017,172,1,561
BRDA:1020,173,0,1
BRDA:1020,173,1,560
BRDA:1020,174,0,561
BRDA:1020,174,1,560
BRDA:1024,175,0,4
BRDA:1024,175,1,275
BRDA:1025,176,0,2
BRDA:1025,176,1,2
BRDA:1029,177,0,4
BRDA:1029,177,1,273
BRDA:1030,178,0,2
BRDA:1030,178,1,2
BRDA:1034,179,0,275
BRDA:1034,179,1,0
BRDA:1035,180,0,1
BRDA:1035,180,1,274
BRDA:1038,181,0,1
BRDA:1038,181,1,274
BRDA:1056,182,0,2
BRDA:1056,182,1,11
BRDA:1056,183,0,13
BRDA:1056,183,1,7
BRDA:1069,184,0,7
BRDA:1069,184,1,4
BRDA:1070,185,0,6
BRDA:1070,185,1,5
BRDA:1091,186,0,2
BRDA:1091,186,1,2
BRDA:1107,187,0,2
BRDA:1107,187,1,3
BRDA:1125,188,0,2
BRDA:1125,188,1,4
BRDA:1146,189,0,1
BRDA:1146,189,1,2431
BRDA:1149,190,0,3
BRDA:1149,190,1,2428
BRDA:1151,191,0,1
BRDA:1151,191,1,9608
BRDA:1155,192,0,2
BRDA:1155,192,1,9606
BRDA:1165,193,0,1
BRDA:1165,193,1,3
BRDA:1182,194,0,1
BRDA:1182,194,1,2430
BRDA:1185,195,0,3
BRDA:1185,195,1,2427
BRDA:1187,196,0,1
BRDA:1187,196,1,9547
BRDA:1191,197,0,2
BRDA:1191,197,1,9545
BRDA:1201,198,0,1
BRDA:1201,198,1,3
BRDA:1215,199,0,1
BRDA:1215,199,1,1935
BRDA:1219,200,0,1
BRDA:1219,200,1,1934
BRDA:1222,201,0,2
BRDA:1222,201,1,1932
BRDA:1228,202,0,1
BRDA:1228,202,1,3
BRDA:1242,203,0,33
BRDA:1242,203,1,9
BRDA:1242,204,0,42
BRDA:1242,204,1,34
BRDA:1245,205,0,8
BRDA:1245,205,1,1
BRDA:1245,206,0,9
BRDA:1245,206,1,8
BRDA:1258,207,0,4
BRDA:1258,207,1,2
BRDA:1259,208,0,2
BRDA:1259,208,1,2
BRDA:1262,209,0,2
BRDA:1262,209,1,0
BRDA:1286,210,0,3
BRDA:1286,210,1,2
BRDA:1326,211,0,2
BRDA:1326,211,1,5
BRDA:1330,212,0,3
BRDA:1330,212,1,2
BRDA:1333,213,0,4
BRDA:1333,213,1,1
BRDA:1336,214,0,1
BRDA:1336,214,1,4
BRDA:1356,215,0,4
BRDA:1356,215,1,6
BRDA:1361,216,0,2
BRDA:1361,216,1,4
BRDA:1361,217,0,6
BRDA:1361,217,1,4
BRDA:1365,218,0,2
BRDA:1365,218,1,4
BRDA:1377,219,0,2
BRDA:1377,219,1,2
BRDA:1392,220,0,4
BRDA:1392,220,1,5
BRDA:1392,221,0,9
BRDA:1392,221,1,7
BRDA:1396,222,0,2
BRDA:1396,222,1,3
BRDA:1396,223,0,5
BRDA:1396,223,1,2
BRDA:1399,224,0,1
BRDA:1399,224,1,1
BRDA:1405,225,0,2
BRDA:1405,225,1,3
BRDA:1412,226,0,5
BRDA:1412,226,1,6
BRDA:1412,227,0,11
BRDA:1412,227,1,9
BRDA:1425,228,0,5
BRDA:1425,228,1,2
BRDA:1436,229,0,2
BRDA:1436,229,1,8
BRDA:1436,230,0,10
BRDA:1436,230,1,8
BRDA:1439,231,0,3
BRDA:1439,231,1,5
BRDA:1439,232,0,8
BRDA:1439,232,1,7
BRDA:1443,233,0,0
BRDA:1443,233,1,5
BRDA:1446,234,0,3
BRDA:1446,234,1,2
BRDA:1448,235,0,0
BRDA:1448,235,1,3
BRDA:1491,236,0,439
BRDA:1491,236,1,0
BRDA:1492,237,0,0
BRDA:1492,237,1,439
BRDA:1495,238,0,438
BRDA:1495,238,1,1
BRDA:1517,239,0,4
BRDA:1517,239,1,8
BRDA:1518,240,0,26
BRDA:1518,240,1,4
BRDA:1544,241,0,2
BRDA:1544,241,1,4
BRDA:1547,242,0,2
BRDA:1547,242,1,2
BRDA:1558,243,0,4
BRDA:1558,243,1,8
BRDA:1559,244,0,26
BRDA:1559,244,1,4
BRDA:1586,245,0,2
BRDA:1586,245,1,4
BRDA:1589,246,0,2
BRDA:1589,246,1,2
BRDA:1601,247,0,14
BRDA:1601,247,1,5
BRDA:1616,248,0,2
BRDA:1616,248,1,6
BRDA:1616,249,0,8
BRDA:1616,249,1,8
BRDA:1619,250,0,2
BRDA:1619,250,1,4
BRDA:1619,251,0,6
BRDA:1619,251,1,4
BRDA:1623,252,0,0
BRDA:1623,252,1,4
BRDA:1626,253,0,2
BRDA:1626,253,1,2
BRDA:1628,254,0,0
BRDA:1628,254,1,2
BRDA:1638,255,0,2
BRDA:1638,255,1,5
BRDA:1642,256,0,0
BRDA:1642,256,1,5
BRDA:1651,257,0,4
BRDA:1651,257,1,13
BRDA:1651,258,0,17
BRDA:1651,258,1,7
BRDA:1655,259,0,1
BRDA:1655,259,1,16
BRDA:1665,260,0,0
BRDA:1665,260,1,9
BRDA:1668,261,0,4
BRDA:1668,261,1,5
BRDA:1672,262,0,4
BRDA:1672,262,1,13
BRDA:1676,263,0,8
BRDA:1676,263,1,5
BRDA:1678,264,0,2
BRDA:1678,264,1,6
BRDA:1700,265,0,15
BRDA:1700,265,1,0
BRDA:1701,266,0,10
BRDA:1701,266,1,5
BRDA:1706,267,0,5
BRDA:1706,267,1,8
BRDA:1718,268,0,5
BRDA:1718,268,1,8
BRDA:1719,269,0,27
BRDA:1719,269,1,5
BRDA:1752,270,0,2
BRDA:1752,270,1,4
BRDA:1755,271,0,2
BRDA:1755,271,1,2
BRDA:1770,272,0,40
BRDA:1770,272,1,232
BRDA:1773,273,0,24
BRDA:1773,273,1,248
BRDA:1777,274,0,32
BRDA:1777,274,1,40
BRDA:1777,275,0,72
BRDA:1777,275,1,40
BRDA:1789,276,0,379
BRDA:1789,276,1,176
BRDA:1789,277,0,555
BRDA:1789,277,1,300
BRDA:1795,278,0,12
BRDA:1795,278,1,58
BRDA:1817,279,0,708
BRDA:1817,279,1,708
BRDA:1853,280,0,16
BRDA:1853,280,1,10
BRDA:1870,281,0,5
BRDA:1870,281,1,6
BRDA:1889,282,0,2
BRDA:1889,282,1,10
BRDA:1890,283,0,73
BRDA:1890,283,1,30
BRDA:1896,284,0,4
BRDA:1896,284,1,86
BRDA:1898,285,0,20
BRDA:1898,285,1,20
BRDA:1907,286,0,4
BRDA:1907,286,1,82
BRDA:1911,287,0,5
BRDA:1911,287,1,5
BRDA:1924,288,0,110
BRDA:1924,288,1,110
BRDA:1928,289,0,3
BRDA:1928,289,1,107
BRDA:1931,290,0,43
BRDA:1931,290,1,64
BRDA:1935,291,0,24
BRDA:1935,291,1,83
BRDA:1938,292,0,24
BRDA:1938,292,1,59
BRDA:1948,293,0,40
BRDA:1948,293,1,28
BRDA:1951,294,0,14
BRDA:1951,294,1,14
BRDA:1957,295,0,31
BRDA:1957,295,1,31
BRDA:1968,296,0,2
BRDA:1968,296,1,6
BRDA:1976,297,0,44
BRDA:1976,297,1,17
BRDA:1976,298,0,61
BRDA:1976,298,1,56
BRDA:1980,299,0,2
BRDA:1980,299,1,59
BRDA:1983,300,0,42
BRDA:1983,300,1,19
BRDA:1995,301,0,54
BRDA:1995,301,1,14
BRDA:1995,302,0,68
BRDA:1995,302,1,68
BRDA:2009,303,0,5
BRDA:2009,303,1,150
BRDA:2017,304,0,322
BRDA:2017,304,1,273
BRDA:2022,305,0,172
BRDA:2022,305,1,150
BRDA:2030,306,0,128
BRDA:2030,306,1,22
BRDA:2050,307,0,76
BRDA:2050,307,1,76
BRDA:2050,307,2,62
BRDA:2050,307,3,46
BRDA:2050,307,4,23
BRDA:2052,308,0,4
BRDA:2052,308,1,36
BRDA:2052,309,0,40
BRDA:2052,309,1,36
BRDA:2063,310,0,2
BRDA:2063,310,1,26
BRDA:2066,311,0,0
BRDA:2066,311,1,26
BRDA:2075,312,0,0
BRDA:2075,312,1,176
BRDA:2078,313,0,103
BRDA:2078,313,1,73
BRDA:2078,314,0,176
BRDA:2078,314,1,143
BRDA:2078,314,2,103
BRDA:2081,315,0,5
BRDA:2081,315,1,68
BRDA:2081,316,0,73
BRDA:2081,316,1,9
BRDA:2084,317,0,6
BRDA:2084,317,1,62
BRDA:2084,318,0,68
BRDA:2084,318,1,13
BRDA:2099,319,0,4
BRDA:2099,319,1,9
BRDA:2111,320,0,29
BRDA:2111,320,1,4
BRDA:2114,321,0,5
BRDA:2114,321,1,8
BRDA:2117,322,0,2
BRDA:2117,322,1,11
BRDA:2120,323,0,2
BRDA:2120,323,1,11
BRDA:2126,324,0,1
BRDA:2126,324,1,32
BRDA:2129,325,0,1
BRDA:2129,325,1,32
BRDA:2132,326,0,1
BRDA:2132,326,1,32
BRDA:2135,327,0,1
BRDA:2135,327,1,32
BRDA:2138,328,0,4
BRDA:2138,328,1,29
BRDA:2142,329,0,4
BRDA:2142,329,1,29
BRDA:2157,330,0,0
BRDA:2157,330,1,118
BRDA:2161,331,0,56
BRDA:2161,331,1,62
BRDA:2161,332,0,118
BRDA:2161,332,1,98
BRDA:2161,332,2,48
BRDA:2161,332,3,20
BRDA:2161,332,4,80
BRDA:2161,332,5,66
BRDA:2161,332,6,32
BRDA:2161,332,7,14
BRDA:2162,333,0,3
BRDA:2162,333,1,53
BRDA:2162,334,0,56
BRDA:2162,334,1,5
BRDA:2163,335,0,3
BRDA:2163,335,1,0
BRDA:2164,336,0,3
BRDA:2164,336,1,0
BRDA:2166,337,0,2
BRDA:2166,337,1,1
BRDA:2175,338,0,51
BRDA:2175,338,1,2
BRDA:2177,339,0,10
BRDA:2177,339,1,41
BRDA:2189,340,0,20
BRDA:2189,340,1,72
BRDA:2198,341,0,2
BRDA:2198,341,1,90
BRDA:2198,342,0,92
BRDA:2198,342,1,5
BRDA:2219,343,0,3
BRDA:2219,343,1,3
BRDA:2225,344,0,0
BRDA:2225,344,1,3
BRDA:2245,345,0,4
BRDA:2245,345,1,55
BRDA:2257,346,0,2
BRDA:2257,346,1,4
BRDA:2276,347,0,1
BRDA:2276,347,1,3
BRDA:2279,348,0,2
BRDA:2279,348,1,2
BRDA:2288,349,0,15
BRDA:2288,349,1,7
BRDA:2288,350,0,22
BRDA:2288,350,1,15
BRDA:2291,351,0,0
BRDA:2291,351,1,22
BRDA:2295,352,0,4
BRDA:2295,352,1,10
BRDA:2311,353,0,2
BRDA:2311,353,1,3
BRDA:2322,354,0,2
BRDA:2322,354,1,12
BRDA:2322,355,0,14
BRDA:2322,355,1,10
BRDA:2326,356,0,2
BRDA:2326,356,1,12
BRDA:2329,357,0,2
BRDA:2329,357,1,12
BRDA:2341,358,0,8
BRDA:2341,358,1,9
BRDA:2341,359,0,17
BRDA:2341,359,1,17
BRDA:2355,360,0,2
BRDA:2355,360,1,19
BRDA:2363,361,0,38
BRDA:2363,361,1,33
BRDA:2371,362,0,5
BRDA:2371,362,1,14
BRDA:2397,363,0,2
BRDA:2397,363,1,9
BRDA:2401,364,0,2
BRDA:2401,364,1,7
BRDA:2405,365,0,5
BRDA:2405,365,1,5
BRDA:2424,366,0,3
BRDA:2424,366,1,3
BRDA:2439,367,0,22
BRDA:2439,367,1,25
BRDA:2455,368,0,2
BRDA:2455,368,1,10
BRDA:2456,369,0,45
BRDA:2456,369,1,2
BRDA:2462,370,0,4
BRDA:2462,370,1,86
BRDA:2464,371,0,20
BRDA:2464,371,1,20
BRDA:2473,372,0,4
BRDA:2473,372,1,82
BRDA:2477,373,0,5
BRDA:2477,373,1,5
BRDA:2492,374,0,134
BRDA:2492,374,1,134
BRDA:2498,375,0,20
BRDA:2498,375,1,114
BRDA:2502,376,0,42
BRDA:2502,376,1,72
BRDA:2505,377,0,21
BRDA:2505,377,1,93
BRDA:2508,378,0,32
BRDA:2508,378,1,61
BRDA:2519,379,0,10
BRDA:2519,379,1,129
BRDA:2522,380,0,15
BRDA:2522,380,1,114
BRDA:2524,381,0,8
BRDA:2524,381,1,7
BRDA:2532,382,0,36
BRDA:2532,382,1,22
BRDA:2535,383,0,11
BRDA:2535,383,1,11
BRDA:2541,384,0,44
BRDA:2541,384,1,44
BRDA:2556,385,0,27
BRDA:2556,385,1,163
BRDA:2559,386,0,10
BRDA:2559,386,1,180
BRDA:2563,387,0,31
BRDA:2563,387,1,27
BRDA:2563,388,0,58
BRDA:2563,388,1,27
BRDA:2579,389,0,431
BRDA:2579,389,1,1794
BRDA:2580,390,0,317
BRDA:2580,390,1,114
BRDA:2580,391,0,431
BRDA:2580,391,1,176
BRDA:2585,392,0,40
BRDA:2585,392,1,2185
BRDA:2591,393,0,40
BRDA:2591,393,1,2185
BRDA:2599,394,0,9
BRDA:2599,394,1,47
BRDA:2618,395,0,7
BRDA:2618,395,1,9
BRDA:2623,396,0,0
BRDA:2623,396,1,6
BRDA:2634,397,0,14
BRDA:2634,397,1,6
BRDA:2691,398,0,2
BRDA:2691,398,1,4
BRDA:2696,399,0,2
BRDA:2696,399,1,2
BRDA:2712,400,0,2
BRDA:2712,400,1,4
BRDA:2717,401,0,2
BRDA:2717,401,1,2
BRDA:2743,402,0,2
BRDA:2743,402,1,22
BRDA:2776,403,0,2
BRDA:2776,403,1,15
BRDA:2776,404,0,17
BRDA:2776,404,1,2
BRDA:2776,404,2,2
BRDA:2787,405,0,278
BRDA:2787,405,1,278
BRDA:2809,406,0,9
BRDA:2809,406,1,295
BRDA:2809,407,0,304
BRDA:2809,407,1,12
BRDA:2832,408,0,2
BRDA:2832,408,1,0
BRDA:2832,409,0,2
BRDA:2832,409,1,2
BRDA:2843,410,0,1
BRDA:2843,410,1,2
BRDA:2856,411,0,1
BRDA:2856,411,1,2
BRDA:2888,412,0,40
BRDA:2888,412,1,232
BRDA:2891,413,0,24
BRDA:2891,413,1,248
BRDA:2895,414,0,32
BRDA:2895,414,1,40
BRDA:2895,415,0,72
BRDA:2895,415,1,40
BRDA:2907,416,0,506
BRDA:2907,416,1,555
BRDA:2910,417,0,379
BRDA:2910,417,1,176
BRDA:2910,418,0,555
BRDA:2910,418,1,300
BRDA:2919,419,0,12
BRDA:2919,419,1,58
BRDA:2932,420,0,0
BRDA:2932,420,1,29
BRDA:2935,421,0,29
BRDA:2935,421,1,0
BRDA:2943,422,0,45
BRDA:2943,422,1,44
BRDA:2969,423,0,19
BRDA:2969,423,1,932
BRDA:2969,424,0,951
BRDA:2969,424,1,601
BRDA:2972,425,0,16
BRDA:2972,425,1,916
BRDA:2972,426,0,932
BRDA:2972,426,1,350
BRDA:2978,427,0,35
BRDA:2978,427,1,916
BRDA:2979,428,0,19
BRDA:2979,428,1,16
BRDA:2983,429,0,16
BRDA:2983,429,1,0
BRDA:2991,430,0,6
BRDA:2991,430,1,6
BRDA:2994,431,0,6
BRDA:2994,431,1,6
BRDA:3015,432,0,4
BRDA:3015,432,1,5
BRDA:3016,433,0,2
BRDA:3016,433,1,2
BRDA:3021,434,0,9
BRDA:3021,434,1,25
BRDA:3021,435,0,34
BRDA:3021,435,1,18
BRDA:3021,435,2,12
BRDA:3030,436,0,2
BRDA:3030,436,1,3
BRDA:3037,437,0,10
BRDA:3037,437,1,70
BRDA:3047,438,0,2
BRDA:3047,438,1,1
BRDA:3050,439,0,14
BRDA:3050,439,1,24
BRDA:3063,440,0,35
BRDA:3063,440,1,916
BRDA:3076,441,0,1
BRDA:3076,441,1,4
BRDA:3079,442,0,26
BRDA:3079,442,1,3
BRDA:3082,443,0,3
BRDA:3082,443,1,0
BRDA:3095,444,0,104
BRDA:3095,444,1,4
BRDA:3098,445,0,3
BRDA:3098,445,1,1
BRDA:3127,446,0,1
BRDA:3127,446,1,4
BRDA:3130,447,0,30
BRDA:3130,447,1,3
BRDA:3133,448,0,3
BRDA:3133,448,1,0
BRDA:3146,449,0,120
BRDA:3146,449,1,4
BRDA:3149,450,0,3
BRDA:3149,450,1,1
BRDA:3171,451,0,1
BRDA:3171,451,1,11
BRDA:3175,452,0,0
BRDA:3175,452,1,3
BRDA:3189,453,0,0
BRDA:3189,453,1,14
BRDA:3201,454,0,6
BRDA:3201,454,1,6
BRDA:3203,455,0,6
BRDA:3203,455,1,17
BRDA:3203,456,0,23
BRDA:3203,456,1,6
BRDA:3203,456,2,6
BRDA:3232,457,0,7
BRDA:3232,457,1,31
BRDA:3236,458,0,5
BRDA:3236,458,1,2
BRDA:3245,459,0,5
BRDA:3245,459,1,2
BRDA:3288,460,0,2
BRDA:3288,460,1,4
BRDA:3291,461,0,2
BRDA:3291,461,1,2
BRDA:3387,462,0,18
BRDA:3387,462,1,9
BRDA:3387,463,0,27
BRDA:3387,463,1,21
BRDA:3387,463,2,15
BRDA:3390,464,0,9
BRDA:3390,464,1,0
BRDA:3395,465,0,3
BRDA:3395,465,1,0
BRDA:3400,466,0,2
BRDA:3400,466,1,0
BRDA:3405,467,0,1
BRDA:3405,467,1,0
BRDA:3431,468,0,1
BRDA:3431,468,1,10
BRDA:3479,469,0,0
BRDA:3479,469,1,2
BRDA:3480,470,0,0
BRDA:3480,470,1,0
BRDA:3484,471,0,0
BRDA:3484,471,1,0
BRDA:3492,472,0,2
BRDA:3492,472,1,0
BRDA:3492,473,0,2
BRDA:3492,473,1,2
BRDA:3508,474,0,170
BRDA:3508,474,1,1
BRDA:3517,475,0,130
BRDA:3517,475,1,76255
BRDA:3529,476,0,4
BRDA:3529,476,1,1632
BRDA:3545,477,0,4
BRDA:3545,477,1,16
BRDA:3551,478,0,1
BRDA:3551,478,1,19
BRDA:3552,479,0,0
BRDA:3552,479,1,1
BRDA:3552,480,0,1
BRDA:3552,480,1,0
BRDA:3557,481,0,4
BRDA:3557,481,1,15
BRDA:3557,482,0,19
BRDA:3557,482,1,4
BRDA:3564,483,0,0
BRDA:3564,483,1,20
BRDA:3575,484,0,1778
BRDA:3575,484,1,1770
BRDA:3599,485,0,0
BRDA:3599,485,1,2
BRDA:3607,486,0,658
BRDA:3607,486,1,70
BRDA:3626,487,0,0
BRDA:3626,487,1,1
BRDA:3626,488,0,1
BRDA:3626,488,1,1
BRDA:3629,489,0,0
BRDA:3629,489,1,0
BRDA:3632,490,0,0
BRDA:3632,490,1,0
BRDA:3635,491,0,0
BRDA:3635,491,1,0
BRDA:3639,492,0,0
BRDA:3639,492,1,0
BRDA:3640,493,0,0
BRDA:3640,493,1,0
BRDA:3640,494,0,0
BRDA:3640,494,1,0
BRF:1008
BRH:904
end_of_record
